[ 2016-09-03T00:16:58+08:00 ] 127.0.0.1 /index.php/Api/Index/showMap
INFO: [ app_init ] --START--
INFO: Run Behavior\BuildLiteBehavior [ RunTime:0.000022s ]
INFO: [ app_init ] --END-- [ RunTime:0.000176s ]
INFO: [ app_begin ] --START--
INFO: Run Behavior\ReadHtmlCacheBehavior [ RunTime:0.005108s ]
INFO: [ app_begin ] --END-- [ RunTime:0.005238s ]
NOTIC: [2] include_once(./vendor/CCPRestSmsSDK.php) [<a href='function.include-once'>function.include-once</a>]: failed to open stream: No such file or directory G:\wamp\tp\api\Application\Api\Controller\IndexController.class.php 第 4 行.
NOTIC: [2] include_once() [<a href='function.include'>function.include</a>]: Failed opening './vendor/CCPRestSmsSDK.php' for inclusion (include_path='.;C:\php\pear') G:\wamp\tp\api\Application\Api\Controller\IndexController.class.php 第 4 行.
INFO: [ view_parse ] --START--
INFO: [ template_filter ] --START--
INFO: Run Behavior\ContentReplaceBehavior [ RunTime:0.000101s ]
INFO: [ template_filter ] --END-- [ RunTime:0.000226s ]
INFO: Run Behavior\ParseTemplateBehavior [ RunTime:0.399318s ]
INFO: [ view_parse ] --END-- [ RunTime:0.399471s ]
INFO: [ view_filter ] --START--
INFO: Run Behavior\WriteHtmlCacheBehavior [ RunTime:0.013482s ]
INFO: [ view_filter ] --END-- [ RunTime:0.013581s ]
INFO: [ app_end ] --START--
INFO: Run Behavior\ShowPageTraceBehavior [ RunTime:0.025235s ]
INFO: [ app_end ] --END-- [ RunTime:0.025416s ]

[ 2016-09-03T00:17:45+08:00 ] 127.0.0.1 /index.php/Api/Index/showMap
INFO: [ app_init ] --START--
INFO: Run Behavior\BuildLiteBehavior [ RunTime:0.000022s ]
INFO: [ app_init ] --END-- [ RunTime:0.000116s ]
INFO: [ app_begin ] --START--
INFO: Run Behavior\ReadHtmlCacheBehavior [ RunTime:0.001093s ]
INFO: [ app_begin ] --END-- [ RunTime:0.001203s ]
NOTIC: [2] include_once(./vendor/CCPRestSmsSDK.php) [<a href='function.include-once'>function.include-once</a>]: failed to open stream: No such file or directory G:\wamp\tp\api\Application\Api\Controller\IndexController.class.php 第 4 行.
NOTIC: [2] include_once() [<a href='function.include'>function.include</a>]: Failed opening './vendor/CCPRestSmsSDK.php' for inclusion (include_path='.;C:\php\pear') G:\wamp\tp\api\Application\Api\Controller\IndexController.class.php 第 4 行.
INFO: [ view_parse ] --START--
INFO: [ template_filter ] --START--
INFO: Run Behavior\ContentReplaceBehavior [ RunTime:0.000086s ]
INFO: [ template_filter ] --END-- [ RunTime:0.000204s ]
INFO: Run Behavior\ParseTemplateBehavior [ RunTime:0.012888s ]
INFO: [ view_parse ] --END-- [ RunTime:0.012993s ]
INFO: [ view_filter ] --START--
INFO: Run Behavior\WriteHtmlCacheBehavior [ RunTime:0.000622s ]
INFO: [ view_filter ] --END-- [ RunTime:0.000695s ]
INFO: [ app_end ] --START--
INFO: Run Behavior\ShowPageTraceBehavior [ RunTime:0.001036s ]
INFO: [ app_end ] --END-- [ RunTime:0.001121s ]

[ 2016-09-03T00:21:24+08:00 ] 127.0.0.1 /index.php/Api/Index/showMap
INFO: [ app_init ] --START--
INFO: Run Behavior\BuildLiteBehavior [ RunTime:0.000020s ]
INFO: [ app_init ] --END-- [ RunTime:0.000108s ]
INFO: [ app_begin ] --START--
INFO: Run Behavior\ReadHtmlCacheBehavior [ RunTime:0.001053s ]
INFO: [ app_begin ] --END-- [ RunTime:0.001148s ]
NOTIC: [2] include_once(./vendor/CCPRestSmsSDK.php) [<a href='function.include-once'>function.include-once</a>]: failed to open stream: No such file or directory G:\wamp\tp\api\Application\Api\Controller\IndexController.class.php 第 4 行.
NOTIC: [2] include_once() [<a href='function.include'>function.include</a>]: Failed opening './vendor/CCPRestSmsSDK.php' for inclusion (include_path='.;C:\php\pear') G:\wamp\tp\api\Application\Api\Controller\IndexController.class.php 第 4 行.
INFO: [ view_parse ] --START--
INFO: [ template_filter ] --START--
INFO: Run Behavior\ContentReplaceBehavior [ RunTime:0.000083s ]
INFO: [ template_filter ] --END-- [ RunTime:0.000207s ]
INFO: Run Behavior\ParseTemplateBehavior [ RunTime:0.012081s ]
INFO: [ view_parse ] --END-- [ RunTime:0.012180s ]
INFO: [ view_filter ] --START--
INFO: Run Behavior\WriteHtmlCacheBehavior [ RunTime:0.000588s ]
INFO: [ view_filter ] --END-- [ RunTime:0.000680s ]
INFO: [ app_end ] --START--
INFO: Run Behavior\ShowPageTraceBehavior [ RunTime:0.000982s ]
INFO: [ app_end ] --END-- [ RunTime:0.001065s ]

[ 2016-09-03T00:21:42+08:00 ] 127.0.0.1 /index.php/Api/Index/showMap
INFO: [ app_init ] --START--
INFO: Run Behavior\BuildLiteBehavior [ RunTime:0.000020s ]
INFO: [ app_init ] --END-- [ RunTime:0.000107s ]
INFO: [ app_begin ] --START--
INFO: Run Behavior\ReadHtmlCacheBehavior [ RunTime:0.001000s ]
INFO: [ app_begin ] --END-- [ RunTime:0.001096s ]
NOTIC: [2] include_once(./vendor/CCPRestSmsSDK.php) [<a href='function.include-once'>function.include-once</a>]: failed to open stream: No such file or directory G:\wamp\tp\api\Application\Api\Controller\IndexController.class.php 第 4 行.
NOTIC: [2] include_once() [<a href='function.include'>function.include</a>]: Failed opening './vendor/CCPRestSmsSDK.php' for inclusion (include_path='.;C:\php\pear') G:\wamp\tp\api\Application\Api\Controller\IndexController.class.php 第 4 行.
INFO: [ view_parse ] --START--
INFO: [ template_filter ] --START--
INFO: Run Behavior\ContentReplaceBehavior [ RunTime:0.000088s ]
INFO: [ template_filter ] --END-- [ RunTime:0.000200s ]
INFO: Run Behavior\ParseTemplateBehavior [ RunTime:0.012708s ]
INFO: [ view_parse ] --END-- [ RunTime:0.012828s ]
INFO: [ view_filter ] --START--
INFO: Run Behavior\WriteHtmlCacheBehavior [ RunTime:0.000484s ]
INFO: [ view_filter ] --END-- [ RunTime:0.000562s ]
INFO: [ app_end ] --START--
INFO: Run Behavior\ShowPageTraceBehavior [ RunTime:0.001050s ]
INFO: [ app_end ] --END-- [ RunTime:0.001158s ]

[ 2016-09-03T00:22:00+08:00 ] 127.0.0.1 /index.php/Api/Index/showMap
INFO: [ app_init ] --START--
INFO: Run Behavior\BuildLiteBehavior [ RunTime:0.000019s ]
INFO: [ app_init ] --END-- [ RunTime:0.000170s ]
INFO: [ app_begin ] --START--
INFO: Run Behavior\ReadHtmlCacheBehavior [ RunTime:0.001127s ]
INFO: [ app_begin ] --END-- [ RunTime:0.001247s ]
NOTIC: [2] include_once(./vendor/CCPRestSmsSDK.php) [<a href='function.include-once'>function.include-once</a>]: failed to open stream: No such file or directory G:\wamp\tp\api\Application\Api\Controller\IndexController.class.php 第 4 行.
NOTIC: [2] include_once() [<a href='function.include'>function.include</a>]: Failed opening './vendor/CCPRestSmsSDK.php' for inclusion (include_path='.;C:\php\pear') G:\wamp\tp\api\Application\Api\Controller\IndexController.class.php 第 4 行.
INFO: [ view_parse ] --START--
INFO: [ template_filter ] --START--
INFO: Run Behavior\ContentReplaceBehavior [ RunTime:0.000150s ]
INFO: [ template_filter ] --END-- [ RunTime:0.000297s ]
INFO: Run Behavior\ParseTemplateBehavior [ RunTime:0.012248s ]
INFO: [ view_parse ] --END-- [ RunTime:0.012404s ]
INFO: [ view_filter ] --START--
INFO: Run Behavior\WriteHtmlCacheBehavior [ RunTime:0.000619s ]
INFO: [ view_filter ] --END-- [ RunTime:0.000699s ]
INFO: [ app_end ] --START--
INFO: Run Behavior\ShowPageTraceBehavior [ RunTime:0.001125s ]
INFO: [ app_end ] --END-- [ RunTime:0.001211s ]

[ 2016-09-03T00:22:28+08:00 ] 127.0.0.1 /index.php/Api/Index/showMap
INFO: [ app_init ] --START--
INFO: Run Behavior\BuildLiteBehavior [ RunTime:0.000023s ]
INFO: [ app_init ] --END-- [ RunTime:0.000133s ]
INFO: [ app_begin ] --START--
INFO: Run Behavior\ReadHtmlCacheBehavior [ RunTime:0.001026s ]
INFO: [ app_begin ] --END-- [ RunTime:0.001176s ]
NOTIC: [2] include_once(./vendor/CCPRestSmsSDK.php) [<a href='function.include-once'>function.include-once</a>]: failed to open stream: No such file or directory G:\wamp\tp\api\Application\Api\Controller\IndexController.class.php 第 4 行.
NOTIC: [2] include_once() [<a href='function.include'>function.include</a>]: Failed opening './vendor/CCPRestSmsSDK.php' for inclusion (include_path='.;C:\php\pear') G:\wamp\tp\api\Application\Api\Controller\IndexController.class.php 第 4 行.
INFO: [ view_parse ] --START--
INFO: [ template_filter ] --START--
INFO: Run Behavior\ContentReplaceBehavior [ RunTime:0.000127s ]
INFO: [ template_filter ] --END-- [ RunTime:0.000427s ]
INFO: Run Behavior\ParseTemplateBehavior [ RunTime:0.016510s ]
INFO: [ view_parse ] --END-- [ RunTime:0.016641s ]
INFO: [ view_filter ] --START--
INFO: Run Behavior\WriteHtmlCacheBehavior [ RunTime:0.001106s ]
INFO: [ view_filter ] --END-- [ RunTime:0.001231s ]
INFO: [ app_end ] --START--
INFO: Run Behavior\ShowPageTraceBehavior [ RunTime:0.001501s ]
INFO: [ app_end ] --END-- [ RunTime:0.001632s ]

[ 2016-09-03T01:15:08+08:00 ] 127.0.0.1 /index.php/Api/User/register
INFO: [ app_init ] --START--
INFO: Run Behavior\BuildLiteBehavior [ RunTime:0.000029s ]
INFO: [ app_init ] --END-- [ RunTime:0.000154s ]
INFO: [ app_begin ] --START--
INFO: Run Behavior\ReadHtmlCacheBehavior [ RunTime:0.001163s ]
INFO: [ app_begin ] --END-- [ RunTime:0.001276s ]
INFO: [ view_parse ] --START--
INFO: [ template_filter ] --START--
INFO: Run Behavior\ContentReplaceBehavior [ RunTime:0.000095s ]
INFO: [ template_filter ] --END-- [ RunTime:0.000213s ]
INFO: Run Behavior\ParseTemplateBehavior [ RunTime:0.026348s ]
INFO: [ view_parse ] --END-- [ RunTime:0.026547s ]
INFO: [ view_filter ] --START--
INFO: Run Behavior\WriteHtmlCacheBehavior [ RunTime:0.001077s ]
INFO: [ view_filter ] --END-- [ RunTime:0.001215s ]
INFO: [ app_end ] --START--
INFO: Run Behavior\ShowPageTraceBehavior [ RunTime:0.001067s ]
INFO: [ app_end ] --END-- [ RunTime:0.001153s ]

[ 2016-09-03T01:15:24+08:00 ] 127.0.0.1 /index.php/Api/User/register.html
INFO: [ app_init ] --START--
INFO: Run Behavior\BuildLiteBehavior [ RunTime:0.000020s ]
INFO: [ app_init ] --END-- [ RunTime:0.000107s ]
INFO: [ app_begin ] --START--
INFO: Run Behavior\ReadHtmlCacheBehavior [ RunTime:0.001146s ]
INFO: [ app_begin ] --END-- [ RunTime:0.001249s ]
SQL: SHOW COLUMNS FROM `user` [ RunTime:0.5061s ]
SQL: INSERT INTO `user` (`username`,`password`,`email`,`salt`) VALUES ('','d41d8cd98f00b204e9800998ecf8427e','626820844@qq.com','8567c0a592b52f2a19e5a50b71772950') [ RunTime:0.1689s ]
INFO: [ view_parse ] --START--
INFO: [ template_filter ] --START--
INFO: Run Behavior\ContentReplaceBehavior [ RunTime:0.000079s ]
INFO: [ template_filter ] --END-- [ RunTime:0.000180s ]
INFO: Run Behavior\ParseTemplateBehavior [ RunTime:0.030380s ]
INFO: [ view_parse ] --END-- [ RunTime:0.030489s ]
INFO: [ view_filter ] --START--
INFO: Run Behavior\WriteHtmlCacheBehavior [ RunTime:0.000488s ]
INFO: [ view_filter ] --END-- [ RunTime:0.000576s ]

[ 2016-09-03T01:15:56+08:00 ] 127.0.0.1 /index.php/Api/User/register
INFO: [ app_init ] --START--
INFO: Run Behavior\BuildLiteBehavior [ RunTime:0.000036s ]
INFO: [ app_init ] --END-- [ RunTime:0.000209s ]
INFO: [ app_begin ] --START--
INFO: Run Behavior\ReadHtmlCacheBehavior [ RunTime:0.001458s ]
INFO: [ app_begin ] --END-- [ RunTime:0.001651s ]
INFO: [ view_parse ] --START--
INFO: [ template_filter ] --START--
INFO: Run Behavior\ContentReplaceBehavior [ RunTime:0.000076s ]
INFO: [ template_filter ] --END-- [ RunTime:0.000183s ]
INFO: Run Behavior\ParseTemplateBehavior [ RunTime:0.015089s ]
INFO: [ view_parse ] --END-- [ RunTime:0.015203s ]
INFO: [ view_filter ] --START--
INFO: Run Behavior\WriteHtmlCacheBehavior [ RunTime:0.000643s ]
INFO: [ view_filter ] --END-- [ RunTime:0.000724s ]
INFO: [ app_end ] --START--
INFO: Run Behavior\ShowPageTraceBehavior [ RunTime:0.001007s ]
INFO: [ app_end ] --END-- [ RunTime:0.001090s ]

[ 2016-09-03T01:16:00+08:00 ] 127.0.0.1 /index.php/Api/User/register.html
INFO: [ app_init ] --START--
INFO: Run Behavior\BuildLiteBehavior [ RunTime:0.000030s ]
INFO: [ app_init ] --END-- [ RunTime:0.000176s ]
INFO: [ app_begin ] --START--
INFO: Run Behavior\ReadHtmlCacheBehavior [ RunTime:0.001047s ]
INFO: [ app_begin ] --END-- [ RunTime:0.001181s ]
SQL: SHOW COLUMNS FROM `user` [ RunTime:0.0182s ]
SQL: INSERT INTO `user` (`username`,`password`,`email`,`salt`) VALUES ('','d41d8cd98f00b204e9800998ecf8427e','woai281@163.com','611977e511584fdd3cd8ea34fbcd9671') [ RunTime:0.0003s ]
INFO: [ view_parse ] --START--
INFO: [ template_filter ] --START--
INFO: Run Behavior\ContentReplaceBehavior [ RunTime:0.000101s ]
INFO: [ template_filter ] --END-- [ RunTime:0.000232s ]
INFO: Run Behavior\ParseTemplateBehavior [ RunTime:0.015739s ]
INFO: [ view_parse ] --END-- [ RunTime:0.015880s ]
INFO: [ view_filter ] --START--
INFO: Run Behavior\WriteHtmlCacheBehavior [ RunTime:0.000739s ]
INFO: [ view_filter ] --END-- [ RunTime:0.000842s ]

[ 2016-09-03T18:08:59+08:00 ] 127.0.0.1 /index.php/Api/Index/getAccessToken
INFO: [ app_init ] --START--
INFO: Run Behavior\BuildLiteBehavior [ RunTime:0.000035s ]
INFO: [ app_init ] --END-- [ RunTime:0.000672s ]
INFO: [ app_begin ] --START--
INFO: Run Behavior\ReadHtmlCacheBehavior [ RunTime:0.001790s ]
INFO: [ app_begin ] --END-- [ RunTime:0.001971s ]
NOTIC: [2] include_once(./vendor/CCPRestSmsSDK.php) [<a href='function.include-once'>function.include-once</a>]: failed to open stream: No such file or directory G:\wamp\tp\api\Application\Api\Controller\IndexController.class.php 第 4 行.
NOTIC: [2] include_once() [<a href='function.include'>function.include</a>]: Failed opening './vendor/CCPRestSmsSDK.php' for inclusion (include_path='.;C:\php\pear') G:\wamp\tp\api\Application\Api\Controller\IndexController.class.php 第 4 行.
INFO: [ app_end ] --START--
INFO: Run Behavior\ShowPageTraceBehavior [ RunTime:0.001658s ]
INFO: [ app_end ] --END-- [ RunTime:0.001881s ]

[ 2016-09-03T18:09:18+08:00 ] 127.0.0.1 /index.php/Api/Index/getAccessToken
INFO: [ app_init ] --START--
INFO: Run Behavior\BuildLiteBehavior [ RunTime:0.000019s ]
INFO: [ app_init ] --END-- [ RunTime:0.000105s ]
INFO: [ app_begin ] --START--
INFO: Run Behavior\ReadHtmlCacheBehavior [ RunTime:0.000726s ]
INFO: [ app_begin ] --END-- [ RunTime:0.000818s ]
NOTIC: [2] include_once(./vendor/CCPRestSmsSDK.php) [<a href='function.include-once'>function.include-once</a>]: failed to open stream: No such file or directory G:\wamp\tp\api\Application\Api\Controller\IndexController.class.php 第 4 行.
NOTIC: [2] include_once() [<a href='function.include'>function.include</a>]: Failed opening './vendor/CCPRestSmsSDK.php' for inclusion (include_path='.;C:\php\pear') G:\wamp\tp\api\Application\Api\Controller\IndexController.class.php 第 4 行.
INFO: [ app_end ] --START--
INFO: Run Behavior\ShowPageTraceBehavior [ RunTime:0.001481s ]
INFO: [ app_end ] --END-- [ RunTime:0.001679s ]

[ 2016-09-03T18:10:51+08:00 ] 127.0.0.1 /index.php/Api/Index/getAccessToken
INFO: [ app_init ] --START--
INFO: Run Behavior\BuildLiteBehavior [ RunTime:0.000021s ]
INFO: [ app_init ] --END-- [ RunTime:0.000110s ]
INFO: [ app_begin ] --START--
INFO: Run Behavior\ReadHtmlCacheBehavior [ RunTime:0.000727s ]
INFO: [ app_begin ] --END-- [ RunTime:0.000817s ]
NOTIC: [2] include_once(./vendor/CCPRestSmsSDK.php) [<a href='function.include-once'>function.include-once</a>]: failed to open stream: No such file or directory G:\wamp\tp\api\Application\Api\Controller\IndexController.class.php 第 4 行.
NOTIC: [2] include_once() [<a href='function.include'>function.include</a>]: Failed opening './vendor/CCPRestSmsSDK.php' for inclusion (include_path='.;C:\php\pear') G:\wamp\tp\api\Application\Api\Controller\IndexController.class.php 第 4 行.
INFO: [ app_end ] --START--
INFO: Run Behavior\ShowPageTraceBehavior [ RunTime:0.000855s ]
INFO: [ app_end ] --END-- [ RunTime:0.000973s ]

[ 2016-09-03T23:54:59+08:00 ] 127.0.0.1 /index.php/Api/Index/showMap
INFO: [ app_init ] --START--
INFO: Run Behavior\BuildLiteBehavior [ RunTime:0.000024s ]
INFO: [ app_init ] --END-- [ RunTime:0.000105s ]
INFO: [ app_begin ] --START--
INFO: Run Behavior\ReadHtmlCacheBehavior [ RunTime:0.001125s ]
INFO: [ app_begin ] --END-- [ RunTime:0.001269s ]
NOTIC: [2] include_once(./vendor/CCPRestSmsSDK.php) [<a href='function.include-once'>function.include-once</a>]: failed to open stream: No such file or directory G:\wamp\tp\api\Application\Api\Controller\IndexController.class.php 第 4 行.
NOTIC: [2] include_once() [<a href='function.include'>function.include</a>]: Failed opening './vendor/CCPRestSmsSDK.php' for inclusion (include_path='.;C:\php\pear') G:\wamp\tp\api\Application\Api\Controller\IndexController.class.php 第 4 行.
INFO: [ view_parse ] --START--
INFO: [ template_filter ] --START--
INFO: Run Behavior\ContentReplaceBehavior [ RunTime:0.000072s ]
INFO: [ template_filter ] --END-- [ RunTime:0.000252s ]
INFO: Run Behavior\ParseTemplateBehavior [ RunTime:0.011738s ]
INFO: [ view_parse ] --END-- [ RunTime:0.011849s ]
INFO: [ view_filter ] --START--
INFO: Run Behavior\WriteHtmlCacheBehavior [ RunTime:0.000728s ]
INFO: [ view_filter ] --END-- [ RunTime:0.000839s ]
INFO: [ app_end ] --START--
INFO: Run Behavior\ShowPageTraceBehavior [ RunTime:0.001142s ]
INFO: [ app_end ] --END-- [ RunTime:0.001294s ]

[ 2016-09-03T23:55:03+08:00 ] 127.0.0.1 /index.php/Api/Index/showMap
INFO: [ app_init ] --START--
INFO: Run Behavior\BuildLiteBehavior [ RunTime:0.000017s ]
INFO: [ app_init ] --END-- [ RunTime:0.000089s ]
INFO: [ app_begin ] --START--
INFO: Run Behavior\ReadHtmlCacheBehavior [ RunTime:0.000830s ]
INFO: [ app_begin ] --END-- [ RunTime:0.001006s ]
NOTIC: [2] include_once(./vendor/CCPRestSmsSDK.php) [<a href='function.include-once'>function.include-once</a>]: failed to open stream: No such file or directory G:\wamp\tp\api\Application\Api\Controller\IndexController.class.php 第 4 行.
NOTIC: [2] include_once() [<a href='function.include'>function.include</a>]: Failed opening './vendor/CCPRestSmsSDK.php' for inclusion (include_path='.;C:\php\pear') G:\wamp\tp\api\Application\Api\Controller\IndexController.class.php 第 4 行.
INFO: [ view_parse ] --START--
INFO: [ template_filter ] --START--
INFO: Run Behavior\ContentReplaceBehavior [ RunTime:0.000087s ]
INFO: [ template_filter ] --END-- [ RunTime:0.000208s ]
INFO: Run Behavior\ParseTemplateBehavior [ RunTime:0.010582s ]
INFO: [ view_parse ] --END-- [ RunTime:0.010717s ]
INFO: [ view_filter ] --START--
INFO: Run Behavior\WriteHtmlCacheBehavior [ RunTime:0.000333s ]
INFO: [ view_filter ] --END-- [ RunTime:0.000413s ]
INFO: [ app_end ] --START--
INFO: Run Behavior\ShowPageTraceBehavior [ RunTime:0.000848s ]
INFO: [ app_end ] --END-- [ RunTime:0.000941s ]

[ 2016-09-03T23:55:26+08:00 ] 127.0.0.1 /index.php/Api/Index/showMap
INFO: [ app_init ] --START--
INFO: Run Behavior\BuildLiteBehavior [ RunTime:0.000017s ]
INFO: [ app_init ] --END-- [ RunTime:0.000086s ]
INFO: [ app_begin ] --START--
INFO: Run Behavior\ReadHtmlCacheBehavior [ RunTime:0.000607s ]
INFO: [ app_begin ] --END-- [ RunTime:0.000700s ]
NOTIC: [2] include_once(./vendor/CCPRestSmsSDK.php) [<a href='function.include-once'>function.include-once</a>]: failed to open stream: No such file or directory G:\wamp\tp\api\Application\Api\Controller\IndexController.class.php 第 4 行.
NOTIC: [2] include_once() [<a href='function.include'>function.include</a>]: Failed opening './vendor/CCPRestSmsSDK.php' for inclusion (include_path='.;C:\php\pear') G:\wamp\tp\api\Application\Api\Controller\IndexController.class.php 第 4 行.
INFO: [ view_parse ] --START--
INFO: [ template_filter ] --START--
INFO: Run Behavior\ContentReplaceBehavior [ RunTime:0.000073s ]
INFO: [ template_filter ] --END-- [ RunTime:0.000166s ]
INFO: Run Behavior\ParseTemplateBehavior [ RunTime:0.011523s ]
INFO: [ view_parse ] --END-- [ RunTime:0.011611s ]
INFO: [ view_filter ] --START--
INFO: Run Behavior\WriteHtmlCacheBehavior [ RunTime:0.000322s ]
INFO: [ view_filter ] --END-- [ RunTime:0.000403s ]
INFO: [ app_end ] --START--
INFO: Run Behavior\ShowPageTraceBehavior [ RunTime:0.000600s ]
INFO: [ app_end ] --END-- [ RunTime:0.000670s ]

[ 2016-09-03T23:55:44+08:00 ] 127.0.0.1 /index.php/Api/Index/showMap
INFO: [ app_init ] --START--
INFO: Run Behavior\BuildLiteBehavior [ RunTime:0.000020s ]
INFO: [ app_init ] --END-- [ RunTime:0.000105s ]
INFO: [ app_begin ] --START--
INFO: Run Behavior\ReadHtmlCacheBehavior [ RunTime:0.001034s ]
INFO: [ app_begin ] --END-- [ RunTime:0.001158s ]
NOTIC: [2] include_once(./vendor/CCPRestSmsSDK.php) [<a href='function.include-once'>function.include-once</a>]: failed to open stream: No such file or directory G:\wamp\tp\api\Application\Api\Controller\IndexController.class.php 第 4 行.
NOTIC: [2] include_once() [<a href='function.include'>function.include</a>]: Failed opening './vendor/CCPRestSmsSDK.php' for inclusion (include_path='.;C:\php\pear') G:\wamp\tp\api\Application\Api\Controller\IndexController.class.php 第 4 行.
INFO: [ view_parse ] --START--
INFO: [ template_filter ] --START--
INFO: Run Behavior\ContentReplaceBehavior [ RunTime:0.000083s ]
INFO: [ template_filter ] --END-- [ RunTime:0.000182s ]
INFO: Run Behavior\ParseTemplateBehavior [ RunTime:0.009455s ]
INFO: [ view_parse ] --END-- [ RunTime:0.009554s ]
INFO: [ view_filter ] --START--
INFO: Run Behavior\WriteHtmlCacheBehavior [ RunTime:0.000319s ]
INFO: [ view_filter ] --END-- [ RunTime:0.000401s ]
INFO: [ app_end ] --START--
INFO: Run Behavior\ShowPageTraceBehavior [ RunTime:0.000731s ]
INFO: [ app_end ] --END-- [ RunTime:0.000812s ]

[ 2016-09-03T23:55:49+08:00 ] 127.0.0.1 /index.php/Api/Index/showMap
INFO: [ app_init ] --START--
INFO: Run Behavior\BuildLiteBehavior [ RunTime:0.000028s ]
INFO: [ app_init ] --END-- [ RunTime:0.000152s ]
INFO: [ app_begin ] --START--
INFO: Run Behavior\ReadHtmlCacheBehavior [ RunTime:0.000661s ]
INFO: [ app_begin ] --END-- [ RunTime:0.000763s ]
NOTIC: [2] include_once(./vendor/CCPRestSmsSDK.php) [<a href='function.include-once'>function.include-once</a>]: failed to open stream: No such file or directory G:\wamp\tp\api\Application\Api\Controller\IndexController.class.php 第 4 行.
NOTIC: [2] include_once() [<a href='function.include'>function.include</a>]: Failed opening './vendor/CCPRestSmsSDK.php' for inclusion (include_path='.;C:\php\pear') G:\wamp\tp\api\Application\Api\Controller\IndexController.class.php 第 4 行.
INFO: [ view_parse ] --START--
INFO: [ template_filter ] --START--
INFO: Run Behavior\ContentReplaceBehavior [ RunTime:0.000099s ]
INFO: [ template_filter ] --END-- [ RunTime:0.000229s ]
INFO: Run Behavior\ParseTemplateBehavior [ RunTime:0.013356s ]
INFO: [ view_parse ] --END-- [ RunTime:0.013469s ]
INFO: [ view_filter ] --START--
INFO: Run Behavior\WriteHtmlCacheBehavior [ RunTime:0.000646s ]
INFO: [ view_filter ] --END-- [ RunTime:0.000794s ]
INFO: [ app_end ] --START--
INFO: Run Behavior\ShowPageTraceBehavior [ RunTime:0.001433s ]
INFO: [ app_end ] --END-- [ RunTime:0.001563s ]

[ 2016-09-03T23:56:33+08:00 ] 127.0.0.1 /index.php/Api/Index/register
INFO: [ app_init ] --START--
INFO: Run Behavior\BuildLiteBehavior [ RunTime:0.000021s ]
INFO: [ app_init ] --END-- [ RunTime:0.000109s ]
INFO: [ app_begin ] --START--
INFO: Run Behavior\ReadHtmlCacheBehavior [ RunTime:0.000738s ]
INFO: [ app_begin ] --END-- [ RunTime:0.000827s ]
NOTIC: [2] include_once(./vendor/CCPRestSmsSDK.php) [<a href='function.include-once'>function.include-once</a>]: failed to open stream: No such file or directory G:\wamp\tp\api\Application\Api\Controller\IndexController.class.php 第 4 行.
NOTIC: [2] include_once() [<a href='function.include'>function.include</a>]: Failed opening './vendor/CCPRestSmsSDK.php' for inclusion (include_path='.;C:\php\pear') G:\wamp\tp\api\Application\Api\Controller\IndexController.class.php 第 4 行.
INFO: [ view_parse ] --START--
INFO: [ template_filter ] --START--
INFO: Run Behavior\ContentReplaceBehavior [ RunTime:0.000076s ]
INFO: [ template_filter ] --END-- [ RunTime:0.000183s ]
INFO: Run Behavior\ParseTemplateBehavior [ RunTime:0.039301s ]
INFO: [ view_parse ] --END-- [ RunTime:0.039412s ]
INFO: [ view_filter ] --START--
INFO: Run Behavior\WriteHtmlCacheBehavior [ RunTime:0.000371s ]
INFO: [ view_filter ] --END-- [ RunTime:0.000449s ]
INFO: [ app_end ] --START--
INFO: Run Behavior\ShowPageTraceBehavior [ RunTime:0.001137s ]
INFO: [ app_end ] --END-- [ RunTime:0.001259s ]

[ 2016-09-03T23:56:55+08:00 ] 127.0.0.1 /index.php/Api/Index/register
INFO: [ app_init ] --START--
INFO: Run Behavior\BuildLiteBehavior [ RunTime:0.000020s ]
INFO: [ app_init ] --END-- [ RunTime:0.000107s ]
INFO: [ app_begin ] --START--
INFO: Run Behavior\ReadHtmlCacheBehavior [ RunTime:0.000683s ]
INFO: [ app_begin ] --END-- [ RunTime:0.000775s ]
NOTIC: [2] include_once(./vendor/CCPRestSmsSDK.php) [<a href='function.include-once'>function.include-once</a>]: failed to open stream: No such file or directory G:\wamp\tp\api\Application\Api\Controller\IndexController.class.php 第 4 行.
NOTIC: [2] include_once() [<a href='function.include'>function.include</a>]: Failed opening './vendor/CCPRestSmsSDK.php' for inclusion (include_path='.;C:\php\pear') G:\wamp\tp\api\Application\Api\Controller\IndexController.class.php 第 4 行.
INFO: [ view_parse ] --START--
INFO: [ template_filter ] --START--
INFO: Run Behavior\ContentReplaceBehavior [ RunTime:0.000088s ]
INFO: [ template_filter ] --END-- [ RunTime:0.000208s ]
INFO: Run Behavior\ParseTemplateBehavior [ RunTime:0.012457s ]
INFO: [ view_parse ] --END-- [ RunTime:0.012584s ]
INFO: [ view_filter ] --START--
INFO: Run Behavior\WriteHtmlCacheBehavior [ RunTime:0.000603s ]
INFO: [ view_filter ] --END-- [ RunTime:0.000704s ]
INFO: [ app_end ] --START--
INFO: Run Behavior\ShowPageTraceBehavior [ RunTime:0.000755s ]
INFO: [ app_end ] --END-- [ RunTime:0.000835s ]

[ 2016-09-03T23:56:57+08:00 ] 127.0.0.1 /index.php/Api/Index/register
INFO: [ app_init ] --START--
INFO: Run Behavior\BuildLiteBehavior [ RunTime:0.000031s ]
INFO: [ app_init ] --END-- [ RunTime:0.000170s ]
INFO: [ app_begin ] --START--
INFO: Run Behavior\ReadHtmlCacheBehavior [ RunTime:0.000740s ]
INFO: [ app_begin ] --END-- [ RunTime:0.000837s ]
NOTIC: [2] include_once(./vendor/CCPRestSmsSDK.php) [<a href='function.include-once'>function.include-once</a>]: failed to open stream: No such file or directory G:\wamp\tp\api\Application\Api\Controller\IndexController.class.php 第 4 行.
NOTIC: [2] include_once() [<a href='function.include'>function.include</a>]: Failed opening './vendor/CCPRestSmsSDK.php' for inclusion (include_path='.;C:\php\pear') G:\wamp\tp\api\Application\Api\Controller\IndexController.class.php 第 4 行.
INFO: [ view_parse ] --START--
INFO: [ template_filter ] --START--
INFO: Run Behavior\ContentReplaceBehavior [ RunTime:0.000076s ]
INFO: [ template_filter ] --END-- [ RunTime:0.000179s ]
INFO: Run Behavior\ParseTemplateBehavior [ RunTime:0.011659s ]
INFO: [ view_parse ] --END-- [ RunTime:0.011754s ]
INFO: [ view_filter ] --START--
INFO: Run Behavior\WriteHtmlCacheBehavior [ RunTime:0.000331s ]
INFO: [ view_filter ] --END-- [ RunTime:0.000408s ]
INFO: [ app_end ] --START--
INFO: Run Behavior\ShowPageTraceBehavior [ RunTime:0.000751s ]
INFO: [ app_end ] --END-- [ RunTime:0.000834s ]

