[ 2016-09-02T11:30:58+08:00 ] 127.0.0.1 /index.php/Api/Index/test
INFO: [ app_init ] --START--
INFO: Run Behavior\BuildLiteBehavior [ RunTime:0.000032s ]
INFO: [ app_init ] --END-- [ RunTime:0.000180s ]
INFO: [ app_begin ] --START--
INFO: Run Behavior\ReadHtmlCacheBehavior [ RunTime:0.054866s ]
INFO: [ app_begin ] --END-- [ RunTime:0.055017s ]
NOTIC: [2] include_once(./vendor/CCPRestSmsSDK.php) [<a href='function.include-once'>function.include-once</a>]: failed to open stream: No such file or directory G:\wamp\tp\api\Application\Api\Controller\IndexController.class.php Á¨¨ 4 Ë°å.
NOTIC: [2] include_once() [<a href='function.include'>function.include</a>]: Failed opening './vendor/CCPRestSmsSDK.php' for inclusion (include_path='.;C:\php\pear') G:\wamp\tp\api\Application\Api\Controller\IndexController.class.php Á¨¨ 4 Ë°å.
SQL: SHOW COLUMNS FROM `user` [ RunTime:0.0086s ]
SQL: SELECT * FROM `user`  [ RunTime:0.0016s ]
INFO: [ app_end ] --START--
INFO: Run Behavior\ShowPageTraceBehavior [ RunTime:0.022840s ]
INFO: [ app_end ] --END-- [ RunTime:0.022969s ]

[ 2016-09-02T12:05:35+08:00 ] 127.0.0.1 /index.php/Api/User/register
INFO: [ app_init ] --START--
INFO: Run Behavior\BuildLiteBehavior [ RunTime:0.000021s ]
INFO: [ app_init ] --END-- [ RunTime:0.000114s ]
INFO: [ app_begin ] --START--
INFO: Run Behavior\ReadHtmlCacheBehavior [ RunTime:0.001709s ]
INFO: [ app_begin ] --END-- [ RunTime:0.001887s ]
INFO: [ view_parse ] --START--
INFO: [ template_filter ] --START--
INFO: Run Behavior\ContentReplaceBehavior [ RunTime:0.000061s ]
INFO: [ template_filter ] --END-- [ RunTime:0.000148s ]

[ 2016-09-02T12:06:19+08:00 ] 127.0.0.1 /index.php/Api/User/register
INFO: [ app_init ] --START--
INFO: Run Behavior\BuildLiteBehavior [ RunTime:0.000017s ]
INFO: [ app_init ] --END-- [ RunTime:0.000088s ]
INFO: [ app_begin ] --START--
INFO: Run Behavior\ReadHtmlCacheBehavior [ RunTime:0.000781s ]
INFO: [ app_begin ] --END-- [ RunTime:0.000854s ]
INFO: [ view_parse ] --START--
INFO: [ template_filter ] --START--
INFO: Run Behavior\ContentReplaceBehavior [ RunTime:0.000063s ]
INFO: [ template_filter ] --END-- [ RunTime:0.000152s ]

[ 2016-09-02T12:06:56+08:00 ] 127.0.0.1 /index.php/Api/Index/register
INFO: [ app_init ] --START--
INFO: Run Behavior\BuildLiteBehavior [ RunTime:0.000017s ]
INFO: [ app_init ] --END-- [ RunTime:0.000089s ]
INFO: [ app_begin ] --START--
INFO: Run Behavior\ReadHtmlCacheBehavior [ RunTime:0.000786s ]
INFO: [ app_begin ] --END-- [ RunTime:0.000858s ]
NOTIC: [2] include_once(./vendor/CCPRestSmsSDK.php) [<a href='function.include-once'>function.include-once</a>]: failed to open stream: No such file or directory G:\wamp\tp\api\Application\Api\Controller\IndexController.class.php Á¨¨ 4 Ë°å.
NOTIC: [2] include_once() [<a href='function.include'>function.include</a>]: Failed opening './vendor/CCPRestSmsSDK.php' for inclusion (include_path='.;C:\php\pear') G:\wamp\tp\api\Application\Api\Controller\IndexController.class.php Á¨¨ 4 Ë°å.
INFO: [ view_parse ] --START--
INFO: [ template_filter ] --START--
INFO: Run Behavior\ContentReplaceBehavior [ RunTime:0.000066s ]
INFO: [ template_filter ] --END-- [ RunTime:0.000162s ]
INFO: Run Behavior\ParseTemplateBehavior [ RunTime:0.038757s ]
INFO: [ view_parse ] --END-- [ RunTime:0.038880s ]
INFO: [ view_filter ] --START--
INFO: Run Behavior\WriteHtmlCacheBehavior [ RunTime:0.018855s ]
INFO: [ view_filter ] --END-- [ RunTime:0.018955s ]
INFO: [ app_end ] --START--
INFO: Run Behavior\ShowPageTraceBehavior [ RunTime:0.001084s ]
INFO: [ app_end ] --END-- [ RunTime:0.001168s ]

[ 2016-09-02T12:07:05+08:00 ] 127.0.0.1 /index.php/Api/User/register
INFO: [ app_init ] --START--
INFO: Run Behavior\BuildLiteBehavior [ RunTime:0.000019s ]
INFO: [ app_init ] --END-- [ RunTime:0.000105s ]
INFO: [ app_begin ] --START--
INFO: Run Behavior\ReadHtmlCacheBehavior [ RunTime:0.000979s ]
INFO: [ app_begin ] --END-- [ RunTime:0.001076s ]
INFO: [ view_parse ] --START--
INFO: [ template_filter ] --START--
INFO: Run Behavior\ContentReplaceBehavior [ RunTime:0.000061s ]
INFO: [ template_filter ] --END-- [ RunTime:0.000144s ]

[ 2016-09-02T12:09:14+08:00 ] 127.0.0.1 /index.php/Api/User/register
INFO: [ app_init ] --START--
INFO: Run Behavior\BuildLiteBehavior [ RunTime:0.000016s ]
INFO: [ app_init ] --END-- [ RunTime:0.000090s ]
INFO: [ app_begin ] --START--
INFO: Run Behavior\ReadHtmlCacheBehavior [ RunTime:0.000839s ]
INFO: [ app_begin ] --END-- [ RunTime:0.000911s ]
INFO: [ view_parse ] --START--
INFO: [ template_filter ] --START--
INFO: Run Behavior\ContentReplaceBehavior [ RunTime:0.000061s ]
INFO: [ template_filter ] --END-- [ RunTime:0.000148s ]

[ 2016-09-02T12:10:30+08:00 ] 127.0.0.1 /index.php/Api/User/register
INFO: [ app_init ] --START--
INFO: Run Behavior\BuildLiteBehavior [ RunTime:0.000017s ]
INFO: [ app_init ] --END-- [ RunTime:0.000090s ]
INFO: [ app_begin ] --START--
INFO: Run Behavior\ReadHtmlCacheBehavior [ RunTime:0.000943s ]
INFO: [ app_begin ] --END-- [ RunTime:0.001037s ]
INFO: [ view_parse ] --START--
INFO: [ template_filter ] --START--
INFO: Run Behavior\ContentReplaceBehavior [ RunTime:0.000061s ]
INFO: [ template_filter ] --END-- [ RunTime:0.000144s ]

[ 2016-09-02T12:10:32+08:00 ] 127.0.0.1 /index.php/Api/User/register
INFO: [ app_init ] --START--
INFO: Run Behavior\BuildLiteBehavior [ RunTime:0.000021s ]
INFO: [ app_init ] --END-- [ RunTime:0.000109s ]
INFO: [ app_begin ] --START--
INFO: Run Behavior\ReadHtmlCacheBehavior [ RunTime:0.000798s ]
INFO: [ app_begin ] --END-- [ RunTime:0.000869s ]
INFO: [ view_parse ] --START--
INFO: [ template_filter ] --START--
INFO: Run Behavior\ContentReplaceBehavior [ RunTime:0.000075s ]
INFO: [ template_filter ] --END-- [ RunTime:0.000176s ]

[ 2016-09-02T12:10:37+08:00 ] 127.0.0.1 /index.php/Api/Index/register
INFO: [ app_init ] --START--
INFO: Run Behavior\BuildLiteBehavior [ RunTime:0.000017s ]
INFO: [ app_init ] --END-- [ RunTime:0.000088s ]
INFO: [ app_begin ] --START--
INFO: Run Behavior\ReadHtmlCacheBehavior [ RunTime:0.000919s ]
INFO: [ app_begin ] --END-- [ RunTime:0.001000s ]
NOTIC: [2] include_once(./vendor/CCPRestSmsSDK.php) [<a href='function.include-once'>function.include-once</a>]: failed to open stream: No such file or directory G:\wamp\tp\api\Application\Api\Controller\IndexController.class.php Á¨¨ 4 Ë°å.
NOTIC: [2] include_once() [<a href='function.include'>function.include</a>]: Failed opening './vendor/CCPRestSmsSDK.php' for inclusion (include_path='.;C:\php\pear') G:\wamp\tp\api\Application\Api\Controller\IndexController.class.php Á¨¨ 4 Ë°å.
INFO: [ view_parse ] --START--
INFO: [ template_filter ] --START--
INFO: Run Behavior\ContentReplaceBehavior [ RunTime:0.000063s ]
INFO: [ template_filter ] --END-- [ RunTime:0.000147s ]
INFO: Run Behavior\ParseTemplateBehavior [ RunTime:0.010762s ]
INFO: [ view_parse ] --END-- [ RunTime:0.010863s ]
INFO: [ view_filter ] --START--
INFO: Run Behavior\WriteHtmlCacheBehavior [ RunTime:0.000598s ]
INFO: [ view_filter ] --END-- [ RunTime:0.000677s ]
INFO: [ app_end ] --START--
INFO: Run Behavior\ShowPageTraceBehavior [ RunTime:0.000864s ]
INFO: [ app_end ] --END-- [ RunTime:0.000937s ]

[ 2016-09-02T12:11:46+08:00 ] 127.0.0.1 /index.php/Api/User/register
INFO: [ app_init ] --START--
INFO: Run Behavior\BuildLiteBehavior [ RunTime:0.000022s ]
INFO: [ app_init ] --END-- [ RunTime:0.000115s ]
INFO: [ app_begin ] --START--
INFO: Run Behavior\ReadHtmlCacheBehavior [ RunTime:0.001134s ]
INFO: [ app_begin ] --END-- [ RunTime:0.001253s ]
INFO: [ view_parse ] --START--
INFO: [ template_filter ] --START--
INFO: Run Behavior\ContentReplaceBehavior [ RunTime:0.000062s ]
INFO: [ template_filter ] --END-- [ RunTime:0.000150s ]

[ 2016-09-02T12:12:35+08:00 ] 127.0.0.1 /index.php/Api/User/register
INFO: [ app_init ] --START--
INFO: Run Behavior\BuildLiteBehavior [ RunTime:0.000016s ]
INFO: [ app_init ] --END-- [ RunTime:0.000088s ]
INFO: [ app_begin ] --START--
INFO: Run Behavior\ReadHtmlCacheBehavior [ RunTime:0.001383s ]
INFO: [ app_begin ] --END-- [ RunTime:0.001508s ]
INFO: [ app_end ] --START--
INFO: Run Behavior\ShowPageTraceBehavior [ RunTime:0.000804s ]
INFO: [ app_end ] --END-- [ RunTime:0.000878s ]

[ 2016-09-02T12:37:16+08:00 ] 127.0.0.1 /index.php/Api/User/register
INFO: [ app_init ] --START--
INFO: Run Behavior\BuildLiteBehavior [ RunTime:0.000019s ]
INFO: [ app_init ] --END-- [ RunTime:0.000117s ]
INFO: [ app_begin ] --START--
INFO: Run Behavior\ReadHtmlCacheBehavior [ RunTime:0.000863s ]
INFO: [ app_begin ] --END-- [ RunTime:0.000952s ]
INFO: [ view_parse ] --START--
INFO: [ template_filter ] --START--
INFO: Run Behavior\ContentReplaceBehavior [ RunTime:0.000059s ]
INFO: [ template_filter ] --END-- [ RunTime:0.000138s ]

[ 2016-09-02T12:40:09+08:00 ] 127.0.0.1 /index.php/Api/User/register
INFO: [ app_init ] --START--
INFO: Run Behavior\BuildLiteBehavior [ RunTime:0.000021s ]
INFO: [ app_init ] --END-- [ RunTime:0.000113s ]
INFO: [ app_begin ] --START--
INFO: Run Behavior\ReadHtmlCacheBehavior [ RunTime:0.000845s ]
INFO: [ app_begin ] --END-- [ RunTime:0.000920s ]
INFO: [ view_parse ] --START--
INFO: [ template_filter ] --START--
INFO: Run Behavior\ContentReplaceBehavior [ RunTime:0.000061s ]
INFO: [ template_filter ] --END-- [ RunTime:0.000146s ]

[ 2016-09-02T12:40:33+08:00 ] 127.0.0.1 /index.php/Api/User/register
INFO: [ app_init ] --START--
INFO: Run Behavior\BuildLiteBehavior [ RunTime:0.000020s ]
INFO: [ app_init ] --END-- [ RunTime:0.000105s ]
INFO: [ app_begin ] --START--
INFO: Run Behavior\ReadHtmlCacheBehavior [ RunTime:0.001051s ]
INFO: [ app_begin ] --END-- [ RunTime:0.001152s ]
INFO: [ view_parse ] --START--
INFO: [ template_filter ] --START--
INFO: Run Behavior\ContentReplaceBehavior [ RunTime:0.000059s ]
INFO: [ template_filter ] --END-- [ RunTime:0.000140s ]

[ 2016-09-02T12:41:44+08:00 ] 127.0.0.1 /index.php/Api/User/register
INFO: [ app_init ] --START--
INFO: Run Behavior\BuildLiteBehavior [ RunTime:0.000016s ]
INFO: [ app_init ] --END-- [ RunTime:0.000088s ]
INFO: [ app_begin ] --START--
INFO: Run Behavior\ReadHtmlCacheBehavior [ RunTime:0.000806s ]
INFO: [ app_begin ] --END-- [ RunTime:0.000877s ]
INFO: [ view_parse ] --START--
INFO: [ template_filter ] --START--
INFO: Run Behavior\ContentReplaceBehavior [ RunTime:0.000063s ]
INFO: [ template_filter ] --END-- [ RunTime:0.000152s ]

[ 2016-09-02T12:43:32+08:00 ] 127.0.0.1 /index.php/Api/User/register
INFO: [ app_init ] --START--
INFO: Run Behavior\BuildLiteBehavior [ RunTime:0.000034s ]
INFO: [ app_init ] --END-- [ RunTime:0.000190s ]
INFO: [ app_begin ] --START--
INFO: Run Behavior\ReadHtmlCacheBehavior [ RunTime:0.001075s ]
INFO: [ app_begin ] --END-- [ RunTime:0.001184s ]
INFO: [ view_parse ] --START--
INFO: [ template_filter ] --START--
INFO: Run Behavior\ContentReplaceBehavior [ RunTime:0.000061s ]
INFO: [ template_filter ] --END-- [ RunTime:0.000143s ]
INFO: Run Behavior\ParseTemplateBehavior [ RunTime:0.009746s ]
INFO: [ view_parse ] --END-- [ RunTime:0.009891s ]
INFO: [ view_filter ] --START--
INFO: Run Behavior\WriteHtmlCacheBehavior [ RunTime:0.000654s ]
INFO: [ view_filter ] --END-- [ RunTime:0.000741s ]
INFO: [ app_end ] --START--
INFO: Run Behavior\ShowPageTraceBehavior [ RunTime:0.000985s ]
INFO: [ app_end ] --END-- [ RunTime:0.001071s ]

[ 2016-09-02T12:51:26+08:00 ] 127.0.0.1 /index.php/Api/User/register
INFO: [ app_init ] --START--
INFO: Run Behavior\BuildLiteBehavior [ RunTime:0.000020s ]
INFO: [ app_init ] --END-- [ RunTime:0.000108s ]
INFO: [ app_begin ] --START--
INFO: Run Behavior\ReadHtmlCacheBehavior [ RunTime:0.001388s ]
INFO: [ app_begin ] --END-- [ RunTime:0.001510s ]
INFO: [ view_parse ] --START--
INFO: [ template_filter ] --START--
INFO: Run Behavior\ContentReplaceBehavior [ RunTime:0.000060s ]
INFO: [ template_filter ] --END-- [ RunTime:0.000143s ]
INFO: Run Behavior\ParseTemplateBehavior [ RunTime:0.009287s ]
INFO: [ view_parse ] --END-- [ RunTime:0.009390s ]
INFO: [ view_filter ] --START--
INFO: Run Behavior\WriteHtmlCacheBehavior [ RunTime:0.000599s ]
INFO: [ view_filter ] --END-- [ RunTime:0.000898s ]
INFO: [ app_end ] --START--
INFO: Run Behavior\ShowPageTraceBehavior [ RunTime:0.002351s ]
INFO: [ app_end ] --END-- [ RunTime:0.002513s ]

[ 2016-09-02T12:51:55+08:00 ] 127.0.0.1 /index.php/Api/User/register
INFO: [ app_init ] --START--
INFO: Run Behavior\BuildLiteBehavior [ RunTime:0.000016s ]
INFO: [ app_init ] --END-- [ RunTime:0.000088s ]
INFO: [ app_begin ] --START--
INFO: Run Behavior\ReadHtmlCacheBehavior [ RunTime:0.000808s ]
INFO: [ app_begin ] --END-- [ RunTime:0.000884s ]
INFO: [ view_parse ] --START--
INFO: [ template_filter ] --START--
INFO: Run Behavior\ContentReplaceBehavior [ RunTime:0.000061s ]
INFO: [ template_filter ] --END-- [ RunTime:0.000148s ]
INFO: Run Behavior\ParseTemplateBehavior [ RunTime:0.011818s ]
INFO: [ view_parse ] --END-- [ RunTime:0.011912s ]
INFO: [ view_filter ] --START--
INFO: Run Behavior\WriteHtmlCacheBehavior [ RunTime:0.000486s ]
INFO: [ view_filter ] --END-- [ RunTime:0.000560s ]
INFO: [ app_end ] --START--
INFO: Run Behavior\ShowPageTraceBehavior [ RunTime:0.000856s ]
INFO: [ app_end ] --END-- [ RunTime:0.000933s ]

[ 2016-09-02T12:52:11+08:00 ] 127.0.0.1 /index.php/Api/User/register.html
INFO: [ app_init ] --START--
INFO: Run Behavior\BuildLiteBehavior [ RunTime:0.000024s ]
INFO: [ app_init ] --END-- [ RunTime:0.000126s ]
INFO: [ app_begin ] --START--
INFO: Run Behavior\ReadHtmlCacheBehavior [ RunTime:0.003093s ]
INFO: [ app_begin ] --END-- [ RunTime:0.003229s ]
SQL: SHOW COLUMNS FROM `user` [ RunTime:0.0109s ]
SQL: INSERT INTO `user` (`username`,`password`,`email`,`salt`) VALUES ('wyh','96e79218965eb72c92a549dd5a330112','wyh@qq.com','e4914c21963de0a4b6b468d688540b3d') [ RunTime:0.1288s ]
INFO: [ view_parse ] --START--
INFO: [ template_filter ] --START--
INFO: Run Behavior\ContentReplaceBehavior [ RunTime:0.000161s ]
INFO: [ template_filter ] --END-- [ RunTime:0.000299s ]
INFO: Run Behavior\ParseTemplateBehavior [ RunTime:0.059293s ]
INFO: [ view_parse ] --END-- [ RunTime:0.059395s ]
INFO: [ view_filter ] --START--
INFO: Run Behavior\WriteHtmlCacheBehavior [ RunTime:0.000502s ]
INFO: [ view_filter ] --END-- [ RunTime:0.000569s ]
INFO: [ app_end ] --START--
INFO: Run Behavior\ShowPageTraceBehavior [ RunTime:0.000809s ]
INFO: [ app_end ] --END-- [ RunTime:0.000878s ]

[ 2016-09-02T12:52:15+08:00 ] 127.0.0.1 /index.php/Api/User/login.html
INFO: [ app_init ] --START--
INFO: Run Behavior\BuildLiteBehavior [ RunTime:0.000017s ]
INFO: [ app_init ] --END-- [ RunTime:0.000088s ]
INFO: [ app_begin ] --START--
INFO: Run Behavior\ReadHtmlCacheBehavior [ RunTime:0.001407s ]
INFO: [ app_begin ] --END-- [ RunTime:0.001542s ]
ERR: _ERROR_ACTION_:login

[ 2016-09-02T13:49:51+08:00 ] 127.0.0.1 /index.php/Api/Index/testSendMail
INFO: [ app_init ] --START--
INFO: Run Behavior\BuildLiteBehavior [ RunTime:0.000020s ]
INFO: [ app_init ] --END-- [ RunTime:0.000109s ]
INFO: [ app_begin ] --START--
INFO: Run Behavior\ReadHtmlCacheBehavior [ RunTime:0.001060s ]
INFO: [ app_begin ] --END-- [ RunTime:0.001153s ]
NOTIC: [2] include_once(./vendor/CCPRestSmsSDK.php) [<a href='function.include-once'>function.include-once</a>]: failed to open stream: No such file or directory G:\wamp\tp\api\Application\Api\Controller\IndexController.class.php Á¨¨ 4 Ë°å.
NOTIC: [2] include_once() [<a href='function.include'>function.include</a>]: Failed opening './vendor/CCPRestSmsSDK.php' for inclusion (include_path='.;C:\php\pear') G:\wamp\tp\api\Application\Api\Controller\IndexController.class.php Á¨¨ 4 Ë°å.
NOTIC: [2] fsockopen() [<a href='function.fsockopen'>function.fsockopen</a>]: unable to connect to smtp.163.com:25 (”…”⁄¡¨Ω”∑Ω‘⁄“ª∂Œ ±º‰∫Û√ª”–’˝»∑¥∏¥ªÚ¡¨Ω”µƒ÷˜ª˙√ª”–∑¥”¶£¨¡¨Ω”≥¢ ‘ ß∞‹°£
) G:\wamp\tp\api\PHPMailer\class.smtp.php Á¨¨ 178 Ë°å.
NOTIC: [8] Use of undefined constant ture - assumed 'ture' G:\wamp\tp\api\Application\Api\Controller\IndexController.class.php Á¨¨ 214 Ë°å.
INFO: [ app_end ] --START--
INFO: Run Behavior\ShowPageTraceBehavior [ RunTime:0.001140s ]
INFO: [ app_end ] --END-- [ RunTime:0.001226s ]

[ 2016-09-02T13:53:48+08:00 ] 127.0.0.1 /index.php/Api/Index/testSendMail
INFO: [ app_init ] --START--
INFO: Run Behavior\BuildLiteBehavior [ RunTime:0.000024s ]
INFO: [ app_init ] --END-- [ RunTime:0.000134s ]
INFO: [ app_begin ] --START--
INFO: Run Behavior\ReadHtmlCacheBehavior [ RunTime:0.001015s ]
INFO: [ app_begin ] --END-- [ RunTime:0.001114s ]
NOTIC: [2] include_once(./vendor/CCPRestSmsSDK.php) [<a href='function.include-once'>function.include-once</a>]: failed to open stream: No such file or directory G:\wamp\tp\api\Application\Api\Controller\IndexController.class.php Á¨¨ 4 Ë°å.
NOTIC: [2] include_once() [<a href='function.include'>function.include</a>]: Failed opening './vendor/CCPRestSmsSDK.php' for inclusion (include_path='.;C:\php\pear') G:\wamp\tp\api\Application\Api\Controller\IndexController.class.php Á¨¨ 4 Ë°å.
NOTIC: [2] fsockopen() [<a href='function.fsockopen'>function.fsockopen</a>]: unable to connect to smtp.qq.com:25 (”…”⁄¡¨Ω”∑Ω‘⁄“ª∂Œ ±º‰∫Û√ª”–’˝»∑¥∏¥ªÚ¡¨Ω”µƒ÷˜ª˙√ª”–∑¥”¶£¨¡¨Ω”≥¢ ‘ ß∞‹°£
) G:\wamp\tp\api\PHPMailer\class.smtp.php Á¨¨ 178 Ë°å.
NOTIC: [8] Use of undefined constant ture - assumed 'ture' G:\wamp\tp\api\Application\Api\Controller\IndexController.class.php Á¨¨ 214 Ë°å.
INFO: [ app_end ] --START--
INFO: Run Behavior\ShowPageTraceBehavior [ RunTime:0.001803s ]
INFO: [ app_end ] --END-- [ RunTime:0.001953s ]

[ 2016-09-02T13:54:10+08:00 ] 127.0.0.1 /index.php/Api/Index/testSendMail
INFO: [ app_init ] --START--
INFO: Run Behavior\BuildLiteBehavior [ RunTime:0.000020s ]
INFO: [ app_init ] --END-- [ RunTime:0.000113s ]
INFO: [ app_begin ] --START--
INFO: Run Behavior\ReadHtmlCacheBehavior [ RunTime:0.001024s ]
INFO: [ app_begin ] --END-- [ RunTime:0.001117s ]
NOTIC: [2] include_once(./vendor/CCPRestSmsSDK.php) [<a href='function.include-once'>function.include-once</a>]: failed to open stream: No such file or directory G:\wamp\tp\api\Application\Api\Controller\IndexController.class.php Á¨¨ 4 Ë°å.
NOTIC: [2] include_once() [<a href='function.include'>function.include</a>]: Failed opening './vendor/CCPRestSmsSDK.php' for inclusion (include_path='.;C:\php\pear') G:\wamp\tp\api\Application\Api\Controller\IndexController.class.php Á¨¨ 4 Ë°å.
NOTIC: [2] fsockopen() [<a href='function.fsockopen'>function.fsockopen</a>]: unable to connect to smtp.qq.com:25 (”…”⁄¡¨Ω”∑Ω‘⁄“ª∂Œ ±º‰∫Û√ª”–’˝»∑¥∏¥ªÚ¡¨Ω”µƒ÷˜ª˙√ª”–∑¥”¶£¨¡¨Ω”≥¢ ‘ ß∞‹°£
) G:\wamp\tp\api\PHPMailer\class.smtp.php Á¨¨ 178 Ë°å.
NOTIC: [8] Use of undefined constant ture - assumed 'ture' G:\wamp\tp\api\Application\Api\Controller\IndexController.class.php Á¨¨ 214 Ë°å.
INFO: [ app_end ] --START--
INFO: Run Behavior\ShowPageTraceBehavior [ RunTime:0.001805s ]
INFO: [ app_end ] --END-- [ RunTime:0.001993s ]

[ 2016-09-02T13:54:17+08:00 ] 127.0.0.1 /index.php/Api/Index/testSendMail
INFO: [ app_init ] --START--
INFO: Run Behavior\BuildLiteBehavior [ RunTime:0.000021s ]
INFO: [ app_init ] --END-- [ RunTime:0.000108s ]
INFO: [ app_begin ] --START--
INFO: Run Behavior\ReadHtmlCacheBehavior [ RunTime:0.000787s ]
INFO: [ app_begin ] --END-- [ RunTime:0.000882s ]
NOTIC: [2] include_once(./vendor/CCPRestSmsSDK.php) [<a href='function.include-once'>function.include-once</a>]: failed to open stream: No such file or directory G:\wamp\tp\api\Application\Api\Controller\IndexController.class.php Á¨¨ 4 Ë°å.
NOTIC: [2] include_once() [<a href='function.include'>function.include</a>]: Failed opening './vendor/CCPRestSmsSDK.php' for inclusion (include_path='.;C:\php\pear') G:\wamp\tp\api\Application\Api\Controller\IndexController.class.php Á¨¨ 4 Ë°å.
NOTIC: [2] fsockopen() [<a href='function.fsockopen'>function.fsockopen</a>]: unable to connect to smtp.qq.com:25 (”…”⁄¡¨Ω”∑Ω‘⁄“ª∂Œ ±º‰∫Û√ª”–’˝»∑¥∏¥ªÚ¡¨Ω”µƒ÷˜ª˙√ª”–∑¥”¶£¨¡¨Ω”≥¢ ‘ ß∞‹°£
) G:\wamp\tp\api\PHPMailer\class.smtp.php Á¨¨ 178 Ë°å.
NOTIC: [8] Use of undefined constant ture - assumed 'ture' G:\wamp\tp\api\Application\Api\Controller\IndexController.class.php Á¨¨ 214 Ë°å.
INFO: [ app_end ] --START--
INFO: Run Behavior\ShowPageTraceBehavior [ RunTime:0.001648s ]
INFO: [ app_end ] --END-- [ RunTime:0.001802s ]

[ 2016-09-02T13:55:17+08:00 ] 127.0.0.1 /index.php/Api/Index/testSendMail
INFO: [ app_init ] --START--
INFO: Run Behavior\BuildLiteBehavior [ RunTime:0.000030s ]
INFO: [ app_init ] --END-- [ RunTime:0.000125s ]
INFO: [ app_begin ] --START--
INFO: Run Behavior\ReadHtmlCacheBehavior [ RunTime:0.000589s ]
INFO: [ app_begin ] --END-- [ RunTime:0.000665s ]
NOTIC: [2] include_once(./vendor/CCPRestSmsSDK.php) [<a href='function.include-once'>function.include-once</a>]: failed to open stream: No such file or directory G:\wamp\tp\api\Application\Api\Controller\IndexController.class.php Á¨¨ 4 Ë°å.
NOTIC: [2] include_once() [<a href='function.include'>function.include</a>]: Failed opening './vendor/CCPRestSmsSDK.php' for inclusion (include_path='.;C:\php\pear') G:\wamp\tp\api\Application\Api\Controller\IndexController.class.php Á¨¨ 4 Ë°å.
NOTIC: [2] fsockopen() [<a href='function.fsockopen'>function.fsockopen</a>]: unable to connect to smtp.qq.com:25 (”…”⁄¡¨Ω”∑Ω‘⁄“ª∂Œ ±º‰∫Û√ª”–’˝»∑¥∏¥ªÚ¡¨Ω”µƒ÷˜ª˙√ª”–∑¥”¶£¨¡¨Ω”≥¢ ‘ ß∞‹°£
) G:\wamp\tp\api\PHPMailer\class.smtp.php Á¨¨ 178 Ë°å.
NOTIC: [8] Use of undefined constant ture - assumed 'ture' G:\wamp\tp\api\Application\Api\Controller\IndexController.class.php Á¨¨ 214 Ë°å.
INFO: [ app_end ] --START--
INFO: Run Behavior\ShowPageTraceBehavior [ RunTime:0.001798s ]
INFO: [ app_end ] --END-- [ RunTime:0.002001s ]

[ 2016-09-02T13:55:24+08:00 ] 127.0.0.1 /index.php/Api/Index/testSendMail
INFO: [ app_init ] --START--
INFO: Run Behavior\BuildLiteBehavior [ RunTime:0.000029s ]
INFO: [ app_init ] --END-- [ RunTime:0.000222s ]
INFO: [ app_begin ] --START--
INFO: Run Behavior\ReadHtmlCacheBehavior [ RunTime:0.001019s ]
INFO: [ app_begin ] --END-- [ RunTime:0.001141s ]
NOTIC: [2] include_once(./vendor/CCPRestSmsSDK.php) [<a href='function.include-once'>function.include-once</a>]: failed to open stream: No such file or directory G:\wamp\tp\api\Application\Api\Controller\IndexController.class.php Á¨¨ 4 Ë°å.
NOTIC: [2] include_once() [<a href='function.include'>function.include</a>]: Failed opening './vendor/CCPRestSmsSDK.php' for inclusion (include_path='.;C:\php\pear') G:\wamp\tp\api\Application\Api\Controller\IndexController.class.php Á¨¨ 4 Ë°å.
NOTIC: [2] fsockopen() [<a href='function.fsockopen'>function.fsockopen</a>]: unable to connect to smtp.qq.com:25 (”…”⁄¡¨Ω”∑Ω‘⁄“ª∂Œ ±º‰∫Û√ª”–’˝»∑¥∏¥ªÚ¡¨Ω”µƒ÷˜ª˙√ª”–∑¥”¶£¨¡¨Ω”≥¢ ‘ ß∞‹°£
) G:\wamp\tp\api\PHPMailer\class.smtp.php Á¨¨ 178 Ë°å.
NOTIC: [8] Use of undefined constant ture - assumed 'ture' G:\wamp\tp\api\Application\Api\Controller\IndexController.class.php Á¨¨ 214 Ë°å.
INFO: [ app_end ] --START--
INFO: Run Behavior\ShowPageTraceBehavior [ RunTime:0.001144s ]
INFO: [ app_end ] --END-- [ RunTime:0.001238s ]

[ 2016-09-02T16:01:59+08:00 ] 127.0.0.1 /index.php/Api/Index/testSendMail
INFO: [ app_init ] --START--
INFO: Run Behavior\BuildLiteBehavior [ RunTime:0.000030s ]
INFO: [ app_init ] --END-- [ RunTime:0.000300s ]
INFO: [ app_begin ] --START--
INFO: Run Behavior\ReadHtmlCacheBehavior [ RunTime:0.001088s ]
INFO: [ app_begin ] --END-- [ RunTime:0.001201s ]
NOTIC: [2] include_once(./vendor/CCPRestSmsSDK.php) [<a href='function.include-once'>function.include-once</a>]: failed to open stream: No such file or directory G:\wamp\tp\api\Application\Api\Controller\IndexController.class.php Á¨¨ 4 Ë°å.
NOTIC: [2] include_once() [<a href='function.include'>function.include</a>]: Failed opening './vendor/CCPRestSmsSDK.php' for inclusion (include_path='.;C:\php\pear') G:\wamp\tp\api\Application\Api\Controller\IndexController.class.php Á¨¨ 4 Ë°å.
NOTIC: [2] fsockopen() [<a href='function.fsockopen'>function.fsockopen</a>]: unable to connect to smtp.qq.com:25 (”…”⁄¡¨Ω”∑Ω‘⁄“ª∂Œ ±º‰∫Û√ª”–’˝»∑¥∏¥ªÚ¡¨Ω”µƒ÷˜ª˙√ª”–∑¥”¶£¨¡¨Ω”≥¢ ‘ ß∞‹°£
) G:\wamp\tp\api\PHPMailer\class.smtp.php Á¨¨ 178 Ë°å.
NOTIC: [8] Use of undefined constant ture - assumed 'ture' G:\wamp\tp\api\Application\Api\Controller\IndexController.class.php Á¨¨ 214 Ë°å.
INFO: [ app_end ] --START--
INFO: Run Behavior\ShowPageTraceBehavior [ RunTime:0.001299s ]
INFO: [ app_end ] --END-- [ RunTime:0.001397s ]

[ 2016-09-02T16:02:12+08:00 ] 127.0.0.1 /index.php/Api/Index/index
INFO: [ app_init ] --START--
INFO: Run Behavior\BuildLiteBehavior [ RunTime:0.000025s ]
INFO: [ app_init ] --END-- [ RunTime:0.000126s ]
INFO: [ app_begin ] --START--
INFO: Run Behavior\ReadHtmlCacheBehavior [ RunTime:0.001074s ]
INFO: [ app_begin ] --END-- [ RunTime:0.001195s ]
NOTIC: [2] include_once(./vendor/CCPRestSmsSDK.php) [<a href='function.include-once'>function.include-once</a>]: failed to open stream: No such file or directory G:\wamp\tp\api\Application\Api\Controller\IndexController.class.php Á¨¨ 4 Ë°å.
NOTIC: [2] include_once() [<a href='function.include'>function.include</a>]: Failed opening './vendor/CCPRestSmsSDK.php' for inclusion (include_path='.;C:\php\pear') G:\wamp\tp\api\Application\Api\Controller\IndexController.class.php Á¨¨ 4 Ë°å.
ERR: _TEMPLATE_NOT_EXIST_:./Application/Api/View/Index/index.html

[ 2016-09-02T16:02:31+08:00 ] 127.0.0.1 /index.php/Api/Index/test
INFO: [ app_init ] --START--
INFO: Run Behavior\BuildLiteBehavior [ RunTime:0.000028s ]
INFO: [ app_init ] --END-- [ RunTime:0.000157s ]
INFO: [ app_begin ] --START--
INFO: Run Behavior\ReadHtmlCacheBehavior [ RunTime:0.001061s ]
INFO: [ app_begin ] --END-- [ RunTime:0.001191s ]
NOTIC: [2] include_once(./vendor/CCPRestSmsSDK.php) [<a href='function.include-once'>function.include-once</a>]: failed to open stream: No such file or directory G:\wamp\tp\api\Application\Api\Controller\IndexController.class.php Á¨¨ 4 Ë°å.
NOTIC: [2] include_once() [<a href='function.include'>function.include</a>]: Failed opening './vendor/CCPRestSmsSDK.php' for inclusion (include_path='.;C:\php\pear') G:\wamp\tp\api\Application\Api\Controller\IndexController.class.php Á¨¨ 4 Ë°å.
SQL: SHOW COLUMNS FROM `user` [ RunTime:0.0216s ]
SQL: SELECT * FROM `user`  [ RunTime:0.0004s ]
INFO: [ app_end ] --START--
INFO: Run Behavior\ShowPageTraceBehavior [ RunTime:0.001115s ]
INFO: [ app_end ] --END-- [ RunTime:0.001242s ]

[ 2016-09-02T20:06:30+08:00 ] 127.0.0.1 /index.php/Api/Index/testSendMail
INFO: [ app_init ] --START--
INFO: Run Behavior\BuildLiteBehavior [ RunTime:0.000050s ]
INFO: [ app_init ] --END-- [ RunTime:0.035051s ]
INFO: [ app_begin ] --START--
INFO: Run Behavior\ReadHtmlCacheBehavior [ RunTime:0.011299s ]
INFO: [ app_begin ] --END-- [ RunTime:0.011457s ]
NOTIC: [2] include_once(./vendor/CCPRestSmsSDK.php) [<a href='function.include-once'>function.include-once</a>]: failed to open stream: No such file or directory G:\wamp\tp\api\Application\Api\Controller\IndexController.class.php Á¨¨ 4 Ë°å.
NOTIC: [2] include_once() [<a href='function.include'>function.include</a>]: Failed opening './vendor/CCPRestSmsSDK.php' for inclusion (include_path='.;C:\php\pear') G:\wamp\tp\api\Application\Api\Controller\IndexController.class.php Á¨¨ 4 Ë°å.
NOTIC: [8] Use of undefined constant ture - assumed 'ture' G:\wamp\tp\api\Application\Api\Controller\IndexController.class.php Á¨¨ 212 Ë°å.
INFO: [ app_end ] --START--
INFO: Run Behavior\ShowPageTraceBehavior [ RunTime:0.047704s ]
INFO: [ app_end ] --END-- [ RunTime:0.047859s ]

[ 2016-09-02T20:23:19+08:00 ] 127.0.0.1 /index.php/Api/Index/testSendMail
INFO: [ app_init ] --START--
INFO: Run Behavior\BuildLiteBehavior [ RunTime:0.000023s ]
INFO: [ app_init ] --END-- [ RunTime:0.000127s ]
INFO: [ app_begin ] --START--
INFO: Run Behavior\ReadHtmlCacheBehavior [ RunTime:0.001584s ]
INFO: [ app_begin ] --END-- [ RunTime:0.001799s ]
NOTIC: [2] include_once(./vendor/CCPRestSmsSDK.php) [<a href='function.include-once'>function.include-once</a>]: failed to open stream: No such file or directory G:\wamp\tp\api\Application\Api\Controller\IndexController.class.php Á¨¨ 4 Ë°å.
NOTIC: [2] include_once() [<a href='function.include'>function.include</a>]: Failed opening './vendor/CCPRestSmsSDK.php' for inclusion (include_path='.;C:\php\pear') G:\wamp\tp\api\Application\Api\Controller\IndexController.class.php Á¨¨ 4 Ë°å.
NOTIC: [8] Use of undefined constant ture - assumed 'ture' G:\wamp\tp\api\Application\Api\Controller\IndexController.class.php Á¨¨ 212 Ë°å.
INFO: [ app_end ] --START--
INFO: Run Behavior\ShowPageTraceBehavior [ RunTime:0.001600s ]
INFO: [ app_end ] --END-- [ RunTime:0.001726s ]

[ 2016-09-02T20:29:00+08:00 ] 127.0.0.1 /index.php/Api/Index/testSendMail
INFO: [ app_init ] --START--
INFO: Run Behavior\BuildLiteBehavior [ RunTime:0.000020s ]
INFO: [ app_init ] --END-- [ RunTime:0.000108s ]
INFO: [ app_begin ] --START--
INFO: Run Behavior\ReadHtmlCacheBehavior [ RunTime:0.001084s ]
INFO: [ app_begin ] --END-- [ RunTime:0.001191s ]
NOTIC: [2] include_once(./vendor/CCPRestSmsSDK.php) [<a href='function.include-once'>function.include-once</a>]: failed to open stream: No such file or directory G:\wamp\tp\api\Application\Api\Controller\IndexController.class.php Á¨¨ 4 Ë°å.
NOTIC: [2] include_once() [<a href='function.include'>function.include</a>]: Failed opening './vendor/CCPRestSmsSDK.php' for inclusion (include_path='.;C:\php\pear') G:\wamp\tp\api\Application\Api\Controller\IndexController.class.php Á¨¨ 4 Ë°å.
NOTIC: [8] Use of undefined constant ture - assumed 'ture' G:\wamp\tp\api\Application\Api\Controller\IndexController.class.php Á¨¨ 212 Ë°å.
INFO: [ app_end ] --START--
INFO: Run Behavior\ShowPageTraceBehavior [ RunTime:0.001219s ]
INFO: [ app_end ] --END-- [ RunTime:0.001310s ]

[ 2016-09-02T21:12:23+08:00 ] 127.0.0.1 /index.php/Api/Index/testSendMail
INFO: [ app_init ] --START--
INFO: Run Behavior\BuildLiteBehavior [ RunTime:0.000025s ]
INFO: [ app_init ] --END-- [ RunTime:0.000137s ]
INFO: [ app_begin ] --START--
INFO: Run Behavior\ReadHtmlCacheBehavior [ RunTime:0.005045s ]
INFO: [ app_begin ] --END-- [ RunTime:0.005393s ]
NOTIC: [2] include_once(./vendor/CCPRestSmsSDK.php) [<a href='function.include-once'>function.include-once</a>]: failed to open stream: No such file or directory G:\wamp\tp\api\Application\Api\Controller\IndexController.class.php Á¨¨ 4 Ë°å.
NOTIC: [2] include_once() [<a href='function.include'>function.include</a>]: Failed opening './vendor/CCPRestSmsSDK.php' for inclusion (include_path='.;C:\php\pear') G:\wamp\tp\api\Application\Api\Controller\IndexController.class.php Á¨¨ 4 Ë°å.
NOTIC: [8] Use of undefined constant ture - assumed 'ture' G:\wamp\tp\api\Application\Api\Controller\IndexController.class.php Á¨¨ 212 Ë°å.
INFO: [ app_end ] --START--
INFO: Run Behavior\ShowPageTraceBehavior [ RunTime:0.001460s ]
INFO: [ app_end ] --END-- [ RunTime:0.001597s ]

[ 2016-09-02T21:22:21+08:00 ] 127.0.0.1 /index.php/Api/Index/testSendMail
INFO: [ app_init ] --START--
INFO: Run Behavior\BuildLiteBehavior [ RunTime:0.000027s ]
INFO: [ app_init ] --END-- [ RunTime:0.000144s ]
INFO: [ app_begin ] --START--
INFO: Run Behavior\ReadHtmlCacheBehavior [ RunTime:0.000961s ]
INFO: [ app_begin ] --END-- [ RunTime:0.001069s ]
NOTIC: [2] include_once(./vendor/CCPRestSmsSDK.php) [<a href='function.include-once'>function.include-once</a>]: failed to open stream: No such file or directory G:\wamp\tp\api\Application\Api\Controller\IndexController.class.php Á¨¨ 4 Ë°å.
NOTIC: [2] include_once() [<a href='function.include'>function.include</a>]: Failed opening './vendor/CCPRestSmsSDK.php' for inclusion (include_path='.;C:\php\pear') G:\wamp\tp\api\Application\Api\Controller\IndexController.class.php Á¨¨ 4 Ë°å.
NOTIC: [8] Use of undefined constant ture - assumed 'ture' G:\wamp\tp\api\Application\Api\Controller\IndexController.class.php Á¨¨ 212 Ë°å.
INFO: [ app_end ] --START--
INFO: Run Behavior\ShowPageTraceBehavior [ RunTime:0.001347s ]
INFO: [ app_end ] --END-- [ RunTime:0.001468s ]

[ 2016-09-02T21:23:56+08:00 ] 127.0.0.1 /index.php/Api/Index/testSendMail
INFO: [ app_init ] --START--
INFO: Run Behavior\BuildLiteBehavior [ RunTime:0.000021s ]
INFO: [ app_init ] --END-- [ RunTime:0.000111s ]
INFO: [ app_begin ] --START--
INFO: Run Behavior\ReadHtmlCacheBehavior [ RunTime:0.001665s ]
INFO: [ app_begin ] --END-- [ RunTime:0.001796s ]
NOTIC: [2] include_once(./vendor/CCPRestSmsSDK.php) [<a href='function.include-once'>function.include-once</a>]: failed to open stream: No such file or directory G:\wamp\tp\api\Application\Api\Controller\IndexController.class.php Á¨¨ 4 Ë°å.
NOTIC: [2] include_once() [<a href='function.include'>function.include</a>]: Failed opening './vendor/CCPRestSmsSDK.php' for inclusion (include_path='.;C:\php\pear') G:\wamp\tp\api\Application\Api\Controller\IndexController.class.php Á¨¨ 4 Ë°å.
NOTIC: [8] Use of undefined constant ture - assumed 'ture' G:\wamp\tp\api\Application\Api\Controller\IndexController.class.php Á¨¨ 212 Ë°å.
INFO: [ app_end ] --START--
INFO: Run Behavior\ShowPageTraceBehavior [ RunTime:0.001179s ]
INFO: [ app_end ] --END-- [ RunTime:0.001278s ]

[ 2016-09-02T21:24:50+08:00 ] 127.0.0.1 /index.php/Api/Index/testSendMail
INFO: [ app_init ] --START--
INFO: Run Behavior\BuildLiteBehavior [ RunTime:0.000033s ]
INFO: [ app_init ] --END-- [ RunTime:0.000170s ]
INFO: [ app_begin ] --START--
INFO: Run Behavior\ReadHtmlCacheBehavior [ RunTime:0.000843s ]
INFO: [ app_begin ] --END-- [ RunTime:0.000921s ]
NOTIC: [2] include_once(./vendor/CCPRestSmsSDK.php) [<a href='function.include-once'>function.include-once</a>]: failed to open stream: No such file or directory G:\wamp\tp\api\Application\Api\Controller\IndexController.class.php Á¨¨ 4 Ë°å.
NOTIC: [2] include_once() [<a href='function.include'>function.include</a>]: Failed opening './vendor/CCPRestSmsSDK.php' for inclusion (include_path='.;C:\php\pear') G:\wamp\tp\api\Application\Api\Controller\IndexController.class.php Á¨¨ 4 Ë°å.
NOTIC: [8] Use of undefined constant ture - assumed 'ture' G:\wamp\tp\api\Application\Api\Controller\IndexController.class.php Á¨¨ 212 Ë°å.
INFO: [ app_end ] --START--
INFO: Run Behavior\ShowPageTraceBehavior [ RunTime:0.001872s ]
INFO: [ app_end ] --END-- [ RunTime:0.002068s ]

[ 2016-09-02T21:26:50+08:00 ] 127.0.0.1 /index.php/Api/Index/testSendMail
INFO: [ app_init ] --START--
INFO: Run Behavior\BuildLiteBehavior [ RunTime:0.000037s ]
INFO: [ app_init ] --END-- [ RunTime:0.000210s ]
INFO: [ app_begin ] --START--
INFO: Run Behavior\ReadHtmlCacheBehavior [ RunTime:0.002487s ]
INFO: [ app_begin ] --END-- [ RunTime:0.002711s ]
NOTIC: [2] include_once(./vendor/CCPRestSmsSDK.php) [<a href='function.include-once'>function.include-once</a>]: failed to open stream: No such file or directory G:\wamp\tp\api\Application\Api\Controller\IndexController.class.php Á¨¨ 4 Ë°å.
NOTIC: [2] include_once() [<a href='function.include'>function.include</a>]: Failed opening './vendor/CCPRestSmsSDK.php' for inclusion (include_path='.;C:\php\pear') G:\wamp\tp\api\Application\Api\Controller\IndexController.class.php Á¨¨ 4 Ë°å.
NOTIC: [8] Use of undefined constant ture - assumed 'ture' G:\wamp\tp\api\Application\Api\Controller\IndexController.class.php Á¨¨ 212 Ë°å.
INFO: [ app_end ] --START--
INFO: Run Behavior\ShowPageTraceBehavior [ RunTime:0.001061s ]
INFO: [ app_end ] --END-- [ RunTime:0.001157s ]

[ 2016-09-02T21:28:21+08:00 ] 127.0.0.1 /index.php/Api/Index/testSendMail
INFO: [ app_init ] --START--
INFO: Run Behavior\BuildLiteBehavior [ RunTime:0.000019s ]
INFO: [ app_init ] --END-- [ RunTime:0.000107s ]
INFO: [ app_begin ] --START--
INFO: Run Behavior\ReadHtmlCacheBehavior [ RunTime:0.000854s ]
INFO: [ app_begin ] --END-- [ RunTime:0.000933s ]
NOTIC: [2] include_once(./vendor/CCPRestSmsSDK.php) [<a href='function.include-once'>function.include-once</a>]: failed to open stream: No such file or directory G:\wamp\tp\api\Application\Api\Controller\IndexController.class.php Á¨¨ 4 Ë°å.
NOTIC: [2] include_once() [<a href='function.include'>function.include</a>]: Failed opening './vendor/CCPRestSmsSDK.php' for inclusion (include_path='.;C:\php\pear') G:\wamp\tp\api\Application\Api\Controller\IndexController.class.php Á¨¨ 4 Ë°å.
NOTIC: [8] Use of undefined constant ture - assumed 'ture' G:\wamp\tp\api\Application\Api\Controller\IndexController.class.php Á¨¨ 212 Ë°å.
INFO: [ app_end ] --START--
INFO: Run Behavior\ShowPageTraceBehavior [ RunTime:0.001758s ]
INFO: [ app_end ] --END-- [ RunTime:0.001906s ]

[ 2016-09-02T21:33:21+08:00 ] 127.0.0.1 /index.php/Api/Index/testSendMail
INFO: [ app_init ] --START--
INFO: Run Behavior\BuildLiteBehavior [ RunTime:0.000020s ]
INFO: [ app_init ] --END-- [ RunTime:0.000108s ]
INFO: [ app_begin ] --START--
INFO: Run Behavior\ReadHtmlCacheBehavior [ RunTime:0.002388s ]
INFO: [ app_begin ] --END-- [ RunTime:0.002554s ]
NOTIC: [2] include_once(./vendor/CCPRestSmsSDK.php) [<a href='function.include-once'>function.include-once</a>]: failed to open stream: No such file or directory G:\wamp\tp\api\Application\Api\Controller\IndexController.class.php Á¨¨ 4 Ë°å.
NOTIC: [2] include_once() [<a href='function.include'>function.include</a>]: Failed opening './vendor/CCPRestSmsSDK.php' for inclusion (include_path='.;C:\php\pear') G:\wamp\tp\api\Application\Api\Controller\IndexController.class.php Á¨¨ 4 Ë°å.
NOTIC: [8] Use of undefined constant ture - assumed 'ture' G:\wamp\tp\api\Application\Api\Controller\IndexController.class.php Á¨¨ 212 Ë°å.
INFO: [ app_end ] --START--
INFO: Run Behavior\ShowPageTraceBehavior [ RunTime:0.002502s ]
INFO: [ app_end ] --END-- [ RunTime:0.002677s ]

[ 2016-09-02T21:35:18+08:00 ] 127.0.0.1 /index.php/Api/Index/testSendMail
INFO: [ app_init ] --START--
INFO: Run Behavior\BuildLiteBehavior [ RunTime:0.000029s ]
INFO: [ app_init ] --END-- [ RunTime:0.000169s ]
INFO: [ app_begin ] --START--
INFO: Run Behavior\ReadHtmlCacheBehavior [ RunTime:0.001554s ]
INFO: [ app_begin ] --END-- [ RunTime:0.001779s ]
NOTIC: [2] include_once(./vendor/CCPRestSmsSDK.php) [<a href='function.include-once'>function.include-once</a>]: failed to open stream: No such file or directory G:\wamp\tp\api\Application\Api\Controller\IndexController.class.php Á¨¨ 4 Ë°å.
NOTIC: [2] include_once() [<a href='function.include'>function.include</a>]: Failed opening './vendor/CCPRestSmsSDK.php' for inclusion (include_path='.;C:\php\pear') G:\wamp\tp\api\Application\Api\Controller\IndexController.class.php Á¨¨ 4 Ë°å.
NOTIC: [8] Use of undefined constant ture - assumed 'ture' G:\wamp\tp\api\Application\Api\Controller\IndexController.class.php Á¨¨ 212 Ë°å.
INFO: [ app_end ] --START--
INFO: Run Behavior\ShowPageTraceBehavior [ RunTime:0.001433s ]
INFO: [ app_end ] --END-- [ RunTime:0.001663s ]

[ 2016-09-02T21:46:01+08:00 ] 127.0.0.1 /index.php/Api/Index/testSendMail
INFO: [ app_init ] --START--
INFO: Run Behavior\BuildLiteBehavior [ RunTime:0.000021s ]
INFO: [ app_init ] --END-- [ RunTime:0.000110s ]
INFO: [ app_begin ] --START--
INFO: Run Behavior\ReadHtmlCacheBehavior [ RunTime:0.001075s ]
INFO: [ app_begin ] --END-- [ RunTime:0.001173s ]
NOTIC: [2] include_once(./vendor/CCPRestSmsSDK.php) [<a href='function.include-once'>function.include-once</a>]: failed to open stream: No such file or directory G:\wamp\tp\api\Application\Api\Controller\IndexController.class.php Á¨¨ 4 Ë°å.
NOTIC: [2] include_once() [<a href='function.include'>function.include</a>]: Failed opening './vendor/CCPRestSmsSDK.php' for inclusion (include_path='.;C:\php\pear') G:\wamp\tp\api\Application\Api\Controller\IndexController.class.php Á¨¨ 4 Ë°å.
NOTIC: [8] Use of undefined constant ture - assumed 'ture' G:\wamp\tp\api\Application\Api\Controller\IndexController.class.php Á¨¨ 212 Ë°å.
INFO: [ app_end ] --START--
INFO: Run Behavior\ShowPageTraceBehavior [ RunTime:0.001754s ]
INFO: [ app_end ] --END-- [ RunTime:0.001883s ]

[ 2016-09-02T21:48:53+08:00 ] 127.0.0.1 /index.php/Api/Index/testSendMail
INFO: [ app_init ] --START--
INFO: Run Behavior\BuildLiteBehavior [ RunTime:0.000023s ]
INFO: [ app_init ] --END-- [ RunTime:0.000146s ]
INFO: [ app_begin ] --START--
INFO: Run Behavior\ReadHtmlCacheBehavior [ RunTime:0.001271s ]
INFO: [ app_begin ] --END-- [ RunTime:0.001415s ]
NOTIC: [2] include_once(./vendor/CCPRestSmsSDK.php) [<a href='function.include-once'>function.include-once</a>]: failed to open stream: No such file or directory G:\wamp\tp\api\Application\Api\Controller\IndexController.class.php Á¨¨ 4 Ë°å.
NOTIC: [2] include_once() [<a href='function.include'>function.include</a>]: Failed opening './vendor/CCPRestSmsSDK.php' for inclusion (include_path='.;C:\php\pear') G:\wamp\tp\api\Application\Api\Controller\IndexController.class.php Á¨¨ 4 Ë°å.
NOTIC: [8] Use of undefined constant ture - assumed 'ture' G:\wamp\tp\api\Application\Api\Controller\IndexController.class.php Á¨¨ 214 Ë°å.
INFO: [ app_end ] --START--
INFO: Run Behavior\ShowPageTraceBehavior [ RunTime:0.001364s ]
INFO: [ app_end ] --END-- [ RunTime:0.001498s ]

[ 2016-09-02T21:49:43+08:00 ] 127.0.0.1 /index.php/Api/Index/testSendMail
INFO: [ app_init ] --START--
INFO: Run Behavior\BuildLiteBehavior [ RunTime:0.000126s ]
INFO: [ app_init ] --END-- [ RunTime:0.000330s ]
INFO: [ app_begin ] --START--
INFO: Run Behavior\ReadHtmlCacheBehavior [ RunTime:0.001009s ]
INFO: [ app_begin ] --END-- [ RunTime:0.001108s ]
NOTIC: [2] include_once(./vendor/CCPRestSmsSDK.php) [<a href='function.include-once'>function.include-once</a>]: failed to open stream: No such file or directory G:\wamp\tp\api\Application\Api\Controller\IndexController.class.php Á¨¨ 4 Ë°å.
NOTIC: [2] include_once() [<a href='function.include'>function.include</a>]: Failed opening './vendor/CCPRestSmsSDK.php' for inclusion (include_path='.;C:\php\pear') G:\wamp\tp\api\Application\Api\Controller\IndexController.class.php Á¨¨ 4 Ë°å.
INFO: [ app_end ] --START--
INFO: Run Behavior\ShowPageTraceBehavior [ RunTime:0.001491s ]
INFO: [ app_end ] --END-- [ RunTime:0.001645s ]

[ 2016-09-02T21:50:07+08:00 ] 127.0.0.1 /index.php/Api/Index/testSendMail
INFO: [ app_init ] --START--
INFO: Run Behavior\BuildLiteBehavior [ RunTime:0.000028s ]
INFO: [ app_init ] --END-- [ RunTime:0.000212s ]
INFO: [ app_begin ] --START--
INFO: Run Behavior\ReadHtmlCacheBehavior [ RunTime:0.001351s ]
INFO: [ app_begin ] --END-- [ RunTime:0.001770s ]
NOTIC: [2] include_once(./vendor/CCPRestSmsSDK.php) [<a href='function.include-once'>function.include-once</a>]: failed to open stream: No such file or directory G:\wamp\tp\api\Application\Api\Controller\IndexController.class.php Á¨¨ 4 Ë°å.
NOTIC: [2] include_once() [<a href='function.include'>function.include</a>]: Failed opening './vendor/CCPRestSmsSDK.php' for inclusion (include_path='.;C:\php\pear') G:\wamp\tp\api\Application\Api\Controller\IndexController.class.php Á¨¨ 4 Ë°å.
INFO: [ app_end ] --START--
INFO: Run Behavior\ShowPageTraceBehavior [ RunTime:0.001175s ]
INFO: [ app_end ] --END-- [ RunTime:0.001288s ]

[ 2016-09-02T22:05:08+08:00 ] 127.0.0.1 /index.php/Api/Index/testSendMail
INFO: [ app_init ] --START--
INFO: Run Behavior\BuildLiteBehavior [ RunTime:0.000028s ]
INFO: [ app_init ] --END-- [ RunTime:0.000144s ]
INFO: [ app_begin ] --START--
INFO: Run Behavior\ReadHtmlCacheBehavior [ RunTime:0.001556s ]
INFO: [ app_begin ] --END-- [ RunTime:0.001695s ]
NOTIC: [2] include_once(./vendor/CCPRestSmsSDK.php) [<a href='function.include-once'>function.include-once</a>]: failed to open stream: No such file or directory G:\wamp\tp\api\Application\Api\Controller\IndexController.class.php Á¨¨ 4 Ë°å.
NOTIC: [2] include_once() [<a href='function.include'>function.include</a>]: Failed opening './vendor/CCPRestSmsSDK.php' for inclusion (include_path='.;C:\php\pear') G:\wamp\tp\api\Application\Api\Controller\IndexController.class.php Á¨¨ 4 Ë°å.
INFO: [ app_end ] --START--
INFO: Run Behavior\ShowPageTraceBehavior [ RunTime:0.001270s ]
INFO: [ app_end ] --END-- [ RunTime:0.001409s ]

[ 2016-09-02T22:06:54+08:00 ] 127.0.0.1 /index.php/Api/Index/testSendMail
INFO: [ app_init ] --START--
INFO: Run Behavior\BuildLiteBehavior [ RunTime:0.000022s ]
INFO: [ app_init ] --END-- [ RunTime:0.000132s ]
INFO: [ app_begin ] --START--
INFO: Run Behavior\ReadHtmlCacheBehavior [ RunTime:0.002046s ]
INFO: [ app_begin ] --END-- [ RunTime:0.002229s ]
NOTIC: [2] include_once(./vendor/CCPRestSmsSDK.php) [<a href='function.include-once'>function.include-once</a>]: failed to open stream: No such file or directory G:\wamp\tp\api\Application\Api\Controller\IndexController.class.php Á¨¨ 4 Ë°å.
NOTIC: [2] include_once() [<a href='function.include'>function.include</a>]: Failed opening './vendor/CCPRestSmsSDK.php' for inclusion (include_path='.;C:\php\pear') G:\wamp\tp\api\Application\Api\Controller\IndexController.class.php Á¨¨ 4 Ë°å.
INFO: [ app_end ] --START--
INFO: Run Behavior\ShowPageTraceBehavior [ RunTime:0.001160s ]
INFO: [ app_end ] --END-- [ RunTime:0.001284s ]

[ 2016-09-02T22:07:06+08:00 ] 127.0.0.1 /index.php/Api/Index/testSendMail
INFO: [ app_init ] --START--
INFO: Run Behavior\BuildLiteBehavior [ RunTime:0.000020s ]
INFO: [ app_init ] --END-- [ RunTime:0.000106s ]
INFO: [ app_begin ] --START--
INFO: Run Behavior\ReadHtmlCacheBehavior [ RunTime:0.001425s ]
INFO: [ app_begin ] --END-- [ RunTime:0.001597s ]
NOTIC: [2] include_once(./vendor/CCPRestSmsSDK.php) [<a href='function.include-once'>function.include-once</a>]: failed to open stream: No such file or directory G:\wamp\tp\api\Application\Api\Controller\IndexController.class.php Á¨¨ 4 Ë°å.
NOTIC: [2] include_once() [<a href='function.include'>function.include</a>]: Failed opening './vendor/CCPRestSmsSDK.php' for inclusion (include_path='.;C:\php\pear') G:\wamp\tp\api\Application\Api\Controller\IndexController.class.php Á¨¨ 4 Ë°å.
INFO: [ app_end ] --START--
INFO: Run Behavior\ShowPageTraceBehavior [ RunTime:0.001954s ]
INFO: [ app_end ] --END-- [ RunTime:0.002392s ]

[ 2016-09-02T22:07:20+08:00 ] 127.0.0.1 /index.php/Api/Index/testSendMail
INFO: [ app_init ] --START--
INFO: Run Behavior\BuildLiteBehavior [ RunTime:0.000027s ]
INFO: [ app_init ] --END-- [ RunTime:0.000149s ]
INFO: [ app_begin ] --START--
INFO: Run Behavior\ReadHtmlCacheBehavior [ RunTime:0.001137s ]
INFO: [ app_begin ] --END-- [ RunTime:0.001247s ]
NOTIC: [2] include_once(./vendor/CCPRestSmsSDK.php) [<a href='function.include-once'>function.include-once</a>]: failed to open stream: No such file or directory G:\wamp\tp\api\Application\Api\Controller\IndexController.class.php Á¨¨ 4 Ë°å.
NOTIC: [2] include_once() [<a href='function.include'>function.include</a>]: Failed opening './vendor/CCPRestSmsSDK.php' for inclusion (include_path='.;C:\php\pear') G:\wamp\tp\api\Application\Api\Controller\IndexController.class.php Á¨¨ 4 Ë°å.
INFO: [ app_end ] --START--
INFO: Run Behavior\ShowPageTraceBehavior [ RunTime:0.001275s ]
INFO: [ app_end ] --END-- [ RunTime:0.001402s ]

[ 2016-09-02T22:08:44+08:00 ] 127.0.0.1 /index.php/Api/Index/testSendMail
INFO: [ app_init ] --START--
INFO: Run Behavior\BuildLiteBehavior [ RunTime:0.000020s ]
INFO: [ app_init ] --END-- [ RunTime:0.000107s ]
INFO: [ app_begin ] --START--
INFO: Run Behavior\ReadHtmlCacheBehavior [ RunTime:0.000976s ]
INFO: [ app_begin ] --END-- [ RunTime:0.001084s ]
NOTIC: [2] include_once(./vendor/CCPRestSmsSDK.php) [<a href='function.include-once'>function.include-once</a>]: failed to open stream: No such file or directory G:\wamp\tp\api\Application\Api\Controller\IndexController.class.php Á¨¨ 4 Ë°å.
NOTIC: [2] include_once() [<a href='function.include'>function.include</a>]: Failed opening './vendor/CCPRestSmsSDK.php' for inclusion (include_path='.;C:\php\pear') G:\wamp\tp\api\Application\Api\Controller\IndexController.class.php Á¨¨ 4 Ë°å.
INFO: [ app_end ] --START--
INFO: Run Behavior\ShowPageTraceBehavior [ RunTime:0.002651s ]
INFO: [ app_end ] --END-- [ RunTime:0.002864s ]

[ 2016-09-02T22:16:51+08:00 ] 127.0.0.1 /index.php/Api/Index/testSendMail
INFO: [ app_init ] --START--
INFO: Run Behavior\BuildLiteBehavior [ RunTime:0.000016s ]
INFO: [ app_init ] --END-- [ RunTime:0.000089s ]
INFO: [ app_begin ] --START--
INFO: Run Behavior\ReadHtmlCacheBehavior [ RunTime:0.001137s ]
INFO: [ app_begin ] --END-- [ RunTime:0.001368s ]
NOTIC: [2] include_once(./vendor/CCPRestSmsSDK.php) [<a href='function.include-once'>function.include-once</a>]: failed to open stream: No such file or directory G:\wamp\tp\api\Application\Api\Controller\IndexController.class.php Á¨¨ 4 Ë°å.
NOTIC: [2] include_once() [<a href='function.include'>function.include</a>]: Failed opening './vendor/CCPRestSmsSDK.php' for inclusion (include_path='.;C:\php\pear') G:\wamp\tp\api\Application\Api\Controller\IndexController.class.php Á¨¨ 4 Ë°å.
INFO: [ app_end ] --START--
INFO: Run Behavior\ShowPageTraceBehavior [ RunTime:0.001788s ]
INFO: [ app_end ] --END-- [ RunTime:0.001975s ]

[ 2016-09-02T22:16:51+08:00 ] 127.0.0.1 /index.php/Api/Index/testSendMail
INFO: [ app_init ] --START--
INFO: Run Behavior\BuildLiteBehavior [ RunTime:0.000023s ]
INFO: [ app_init ] --END-- [ RunTime:0.000123s ]
INFO: [ app_begin ] --START--
INFO: Run Behavior\ReadHtmlCacheBehavior [ RunTime:0.001982s ]
INFO: [ app_begin ] --END-- [ RunTime:0.002145s ]
NOTIC: [2] include_once(./vendor/CCPRestSmsSDK.php) [<a href='function.include-once'>function.include-once</a>]: failed to open stream: No such file or directory G:\wamp\tp\api\Application\Api\Controller\IndexController.class.php Á¨¨ 4 Ë°å.
NOTIC: [2] include_once() [<a href='function.include'>function.include</a>]: Failed opening './vendor/CCPRestSmsSDK.php' for inclusion (include_path='.;C:\php\pear') G:\wamp\tp\api\Application\Api\Controller\IndexController.class.php Á¨¨ 4 Ë°å.
INFO: [ app_end ] --START--
INFO: Run Behavior\ShowPageTraceBehavior [ RunTime:0.001476s ]
INFO: [ app_end ] --END-- [ RunTime:0.001638s ]

[ 2016-09-02T22:17:08+08:00 ] 127.0.0.1 /index.php/Api/User/register
INFO: [ app_init ] --START--
INFO: Run Behavior\BuildLiteBehavior [ RunTime:0.000019s ]
INFO: [ app_init ] --END-- [ RunTime:0.000106s ]
INFO: [ app_begin ] --START--
INFO: Run Behavior\ReadHtmlCacheBehavior [ RunTime:0.000904s ]
INFO: [ app_begin ] --END-- [ RunTime:0.001016s ]
INFO: [ view_parse ] --START--
INFO: [ template_filter ] --START--
INFO: Run Behavior\ContentReplaceBehavior [ RunTime:0.000126s ]
INFO: [ template_filter ] --END-- [ RunTime:0.000332s ]
INFO: Run Behavior\ParseTemplateBehavior [ RunTime:0.602152s ]
INFO: [ view_parse ] --END-- [ RunTime:0.602330s ]
INFO: [ view_filter ] --START--
INFO: Run Behavior\WriteHtmlCacheBehavior [ RunTime:0.123633s ]
INFO: [ view_filter ] --END-- [ RunTime:0.123821s ]
INFO: [ app_end ] --START--
INFO: Run Behavior\ShowPageTraceBehavior [ RunTime:0.002032s ]
INFO: [ app_end ] --END-- [ RunTime:0.002201s ]

[ 2016-09-02T22:17:53+08:00 ] 127.0.0.1 /index.php/Api/User/register.html
INFO: [ app_init ] --START--
INFO: Run Behavior\BuildLiteBehavior [ RunTime:0.000029s ]
INFO: [ app_init ] --END-- [ RunTime:0.000168s ]
INFO: [ app_begin ] --START--
INFO: Run Behavior\ReadHtmlCacheBehavior [ RunTime:0.000924s ]
INFO: [ app_begin ] --END-- [ RunTime:0.001023s ]
SQL: SHOW COLUMNS FROM `user` [ RunTime:2.6028s ]
SQL: INSERT INTO `user` (`username`,`password`,`email`,`salt`) VALUES ('wp','784790da0e74d12fe785f45617ae809b','1952877214@qq.com','a0dbcbcec1be2b7e6c5f4cadc20315ea') [ RunTime:0.1404s ]
INFO: [ view_parse ] --START--
INFO: [ template_filter ] --START--
INFO: Run Behavior\ContentReplaceBehavior [ RunTime:0.000120s ]
INFO: [ template_filter ] --END-- [ RunTime:0.000273s ]
INFO: Run Behavior\ParseTemplateBehavior [ RunTime:0.107343s ]
INFO: [ view_parse ] --END-- [ RunTime:0.107555s ]
INFO: [ view_filter ] --START--
INFO: Run Behavior\WriteHtmlCacheBehavior [ RunTime:0.000965s ]
INFO: [ view_filter ] --END-- [ RunTime:0.001097s ]

[ 2016-09-02T22:17:56+08:00 ] 127.0.0.1 /index.php/Api/User/register.html
INFO: [ app_init ] --START--
INFO: Run Behavior\BuildLiteBehavior [ RunTime:0.000021s ]
INFO: [ app_init ] --END-- [ RunTime:0.000108s ]
INFO: [ app_begin ] --START--
INFO: Run Behavior\ReadHtmlCacheBehavior [ RunTime:0.001882s ]
INFO: [ app_begin ] --END-- [ RunTime:0.002084s ]
INFO: [ view_parse ] --START--
INFO: [ template_filter ] --START--
INFO: Run Behavior\ContentReplaceBehavior [ RunTime:0.000075s ]
INFO: [ template_filter ] --END-- [ RunTime:0.000182s ]
INFO: Run Behavior\ParseTemplateBehavior [ RunTime:0.013961s ]
INFO: [ view_parse ] --END-- [ RunTime:0.014085s ]
INFO: [ view_filter ] --START--
INFO: Run Behavior\WriteHtmlCacheBehavior [ RunTime:0.000636s ]
INFO: [ view_filter ] --END-- [ RunTime:0.000718s ]
INFO: [ app_end ] --START--
INFO: Run Behavior\ShowPageTraceBehavior [ RunTime:0.000967s ]
INFO: [ app_end ] --END-- [ RunTime:0.001045s ]

[ 2016-09-02T22:18:35+08:00 ] 127.0.0.1 /index.php/Api/User/register.html
INFO: [ app_init ] --START--
INFO: Run Behavior\BuildLiteBehavior [ RunTime:0.000017s ]
INFO: [ app_init ] --END-- [ RunTime:0.000090s ]
INFO: [ app_begin ] --START--
INFO: Run Behavior\ReadHtmlCacheBehavior [ RunTime:0.001554s ]
INFO: [ app_begin ] --END-- [ RunTime:0.001762s ]
INFO: [ view_parse ] --START--
INFO: [ template_filter ] --START--
INFO: Run Behavior\ContentReplaceBehavior [ RunTime:0.000063s ]
INFO: [ template_filter ] --END-- [ RunTime:0.000148s ]
INFO: Run Behavior\ParseTemplateBehavior [ RunTime:0.010068s ]
INFO: [ view_parse ] --END-- [ RunTime:0.010166s ]
INFO: [ view_filter ] --START--
INFO: Run Behavior\WriteHtmlCacheBehavior [ RunTime:0.000490s ]
INFO: [ view_filter ] --END-- [ RunTime:0.000564s ]
INFO: [ app_end ] --START--
INFO: Run Behavior\ShowPageTraceBehavior [ RunTime:0.003106s ]
INFO: [ app_end ] --END-- [ RunTime:0.003214s ]

[ 2016-09-02T22:19:58+08:00 ] 127.0.0.1 /index.php/Api/User/register.html
INFO: [ app_init ] --START--
INFO: Run Behavior\BuildLiteBehavior [ RunTime:0.000026s ]
INFO: [ app_init ] --END-- [ RunTime:0.000145s ]
INFO: [ app_begin ] --START--
INFO: Run Behavior\ReadHtmlCacheBehavior [ RunTime:0.000844s ]
INFO: [ app_begin ] --END-- [ RunTime:0.000928s ]
SQL: SHOW COLUMNS FROM `user` [ RunTime:0.0146s ]
SQL: INSERT INTO `user` (`username`,`password`,`email`,`salt`) VALUES ('','d41d8cd98f00b204e9800998ecf8427e','','d2dea3c53779f31ed4dfc91579d51670') [ RunTime:0.0010s ]
INFO: [ view_parse ] --START--
INFO: [ template_filter ] --START--
INFO: Run Behavior\ContentReplaceBehavior [ RunTime:0.000119s ]
INFO: [ template_filter ] --END-- [ RunTime:0.000274s ]
INFO: Run Behavior\ParseTemplateBehavior [ RunTime:0.020972s ]
INFO: [ view_parse ] --END-- [ RunTime:0.021178s ]
INFO: [ view_filter ] --START--
INFO: Run Behavior\WriteHtmlCacheBehavior [ RunTime:0.001023s ]
INFO: [ view_filter ] --END-- [ RunTime:0.001169s ]

[ 2016-09-02T22:20:01+08:00 ] 127.0.0.1 /index.php/Api/User/register.html
INFO: [ app_init ] --START--
INFO: Run Behavior\BuildLiteBehavior [ RunTime:0.000019s ]
INFO: [ app_init ] --END-- [ RunTime:0.000107s ]
INFO: [ app_begin ] --START--
INFO: Run Behavior\ReadHtmlCacheBehavior [ RunTime:0.002472s ]
INFO: [ app_begin ] --END-- [ RunTime:0.002629s ]
INFO: [ view_parse ] --START--
INFO: [ template_filter ] --START--
INFO: Run Behavior\ContentReplaceBehavior [ RunTime:0.000061s ]
INFO: [ template_filter ] --END-- [ RunTime:0.000141s ]
INFO: Run Behavior\ParseTemplateBehavior [ RunTime:0.009031s ]
INFO: [ view_parse ] --END-- [ RunTime:0.009133s ]
INFO: [ view_filter ] --START--
INFO: Run Behavior\WriteHtmlCacheBehavior [ RunTime:0.000588s ]
INFO: [ view_filter ] --END-- [ RunTime:0.000668s ]
INFO: [ app_end ] --START--
INFO: Run Behavior\ShowPageTraceBehavior [ RunTime:0.002366s ]
INFO: [ app_end ] --END-- [ RunTime:0.002577s ]

[ 2016-09-02T22:20:19+08:00 ] 127.0.0.1 /index.php/Api/User/register.html
INFO: [ app_init ] --START--
INFO: Run Behavior\BuildLiteBehavior [ RunTime:0.000019s ]
INFO: [ app_init ] --END-- [ RunTime:0.000104s ]
INFO: [ app_begin ] --START--
INFO: Run Behavior\ReadHtmlCacheBehavior [ RunTime:0.001039s ]
INFO: [ app_begin ] --END-- [ RunTime:0.001133s ]
SQL: SHOW COLUMNS FROM `user` [ RunTime:0.2550s ]
SQL: INSERT INTO `user` (`username`,`password`,`email`,`salt`) VALUES ('','d41d8cd98f00b204e9800998ecf8427e','','69bf2a8e12610bf520fd635cede4bf0c') [ RunTime:0.0006s ]
INFO: [ view_parse ] --START--
INFO: [ template_filter ] --START--
INFO: Run Behavior\ContentReplaceBehavior [ RunTime:0.000065s ]
INFO: [ template_filter ] --END-- [ RunTime:0.000152s ]
INFO: Run Behavior\ParseTemplateBehavior [ RunTime:0.010784s ]
INFO: [ view_parse ] --END-- [ RunTime:0.010892s ]
INFO: [ view_filter ] --START--
INFO: Run Behavior\WriteHtmlCacheBehavior [ RunTime:0.000535s ]
INFO: [ view_filter ] --END-- [ RunTime:0.000607s ]

[ 2016-09-02T22:20:29+08:00 ] 127.0.0.1 /index.php/Api/User/register.html
INFO: [ app_init ] --START--
INFO: Run Behavior\BuildLiteBehavior [ RunTime:0.000017s ]
INFO: [ app_init ] --END-- [ RunTime:0.000088s ]
INFO: [ app_begin ] --START--
INFO: Run Behavior\ReadHtmlCacheBehavior [ RunTime:0.001038s ]
INFO: [ app_begin ] --END-- [ RunTime:0.001150s ]
INFO: [ view_parse ] --START--
INFO: [ template_filter ] --START--
INFO: Run Behavior\ContentReplaceBehavior [ RunTime:0.000063s ]
INFO: [ template_filter ] --END-- [ RunTime:0.000154s ]
INFO: Run Behavior\ParseTemplateBehavior [ RunTime:0.010570s ]
INFO: [ view_parse ] --END-- [ RunTime:0.010689s ]
INFO: [ view_filter ] --START--
INFO: Run Behavior\WriteHtmlCacheBehavior [ RunTime:0.001182s ]
INFO: [ view_filter ] --END-- [ RunTime:0.001310s ]
INFO: [ app_end ] --START--
INFO: Run Behavior\ShowPageTraceBehavior [ RunTime:0.001092s ]
INFO: [ app_end ] --END-- [ RunTime:0.001183s ]

[ 2016-09-02T22:20:31+08:00 ] 127.0.0.1 /index.php/Api/User/register.html
INFO: [ app_init ] --START--
INFO: Run Behavior\BuildLiteBehavior [ RunTime:0.000031s ]
INFO: [ app_init ] --END-- [ RunTime:0.000344s ]
INFO: [ app_begin ] --START--
INFO: Run Behavior\ReadHtmlCacheBehavior [ RunTime:0.000813s ]
INFO: [ app_begin ] --END-- [ RunTime:0.000925s ]
INFO: [ view_parse ] --START--
INFO: [ template_filter ] --START--
INFO: Run Behavior\ContentReplaceBehavior [ RunTime:0.000088s ]
INFO: [ template_filter ] --END-- [ RunTime:0.000220s ]
INFO: Run Behavior\ParseTemplateBehavior [ RunTime:0.012591s ]
INFO: [ view_parse ] --END-- [ RunTime:0.012701s ]
INFO: [ view_filter ] --START--
INFO: Run Behavior\WriteHtmlCacheBehavior [ RunTime:0.000598s ]
INFO: [ view_filter ] --END-- [ RunTime:0.000677s ]
INFO: [ app_end ] --START--
INFO: Run Behavior\ShowPageTraceBehavior [ RunTime:0.000922s ]
INFO: [ app_end ] --END-- [ RunTime:0.000998s ]

[ 2016-09-02T22:20:44+08:00 ] 127.0.0.1 /index.php/Api/User/register.html
INFO: [ app_init ] --START--
INFO: Run Behavior\BuildLiteBehavior [ RunTime:0.000020s ]
INFO: [ app_init ] --END-- [ RunTime:0.000121s ]
INFO: [ app_begin ] --START--
INFO: Run Behavior\ReadHtmlCacheBehavior [ RunTime:0.001052s ]
INFO: [ app_begin ] --END-- [ RunTime:0.001160s ]
SQL: SHOW COLUMNS FROM `user` [ RunTime:0.0082s ]
SQL: INSERT INTO `user` (`username`,`password`,`email`,`salt`) VALUES ('','d41d8cd98f00b204e9800998ecf8427e','626820844@qq.com','d6b99a848d0178b5237348515baccab4') [ RunTime:0.0008s ]
INFO: [ view_parse ] --START--
INFO: [ template_filter ] --START--
INFO: Run Behavior\ContentReplaceBehavior [ RunTime:0.000065s ]
INFO: [ template_filter ] --END-- [ RunTime:0.000154s ]
INFO: Run Behavior\ParseTemplateBehavior [ RunTime:0.049271s ]
INFO: [ view_parse ] --END-- [ RunTime:0.049436s ]
INFO: [ view_filter ] --START--
INFO: Run Behavior\WriteHtmlCacheBehavior [ RunTime:0.000589s ]
INFO: [ view_filter ] --END-- [ RunTime:0.000668s ]

[ 2016-09-02T22:20:57+08:00 ] 127.0.0.1 /index.php/Api/User/register.html
INFO: [ app_init ] --START--
INFO: Run Behavior\BuildLiteBehavior [ RunTime:0.000020s ]
INFO: [ app_init ] --END-- [ RunTime:0.000123s ]
INFO: [ app_begin ] --START--
INFO: Run Behavior\ReadHtmlCacheBehavior [ RunTime:0.001001s ]
INFO: [ app_begin ] --END-- [ RunTime:0.001111s ]
INFO: [ view_parse ] --START--
INFO: [ template_filter ] --START--
INFO: Run Behavior\ContentReplaceBehavior [ RunTime:0.000081s ]
INFO: [ template_filter ] --END-- [ RunTime:0.000252s ]
INFO: Run Behavior\ParseTemplateBehavior [ RunTime:0.014646s ]
INFO: [ view_parse ] --END-- [ RunTime:0.014784s ]
INFO: [ view_filter ] --START--
INFO: Run Behavior\WriteHtmlCacheBehavior [ RunTime:0.000769s ]
INFO: [ view_filter ] --END-- [ RunTime:0.000966s ]
INFO: [ app_end ] --START--
INFO: Run Behavior\ShowPageTraceBehavior [ RunTime:0.001230s ]
INFO: [ app_end ] --END-- [ RunTime:0.001425s ]

[ 2016-09-02T22:21:14+08:00 ] 127.0.0.1 /index.php/Api/User/register.html
INFO: [ app_init ] --START--
INFO: Run Behavior\BuildLiteBehavior [ RunTime:0.000023s ]
INFO: [ app_init ] --END-- [ RunTime:0.000137s ]
INFO: [ app_begin ] --START--
INFO: Run Behavior\ReadHtmlCacheBehavior [ RunTime:0.000799s ]
INFO: [ app_begin ] --END-- [ RunTime:0.000889s ]
SQL: SHOW COLUMNS FROM `user` [ RunTime:0.0234s ]
SQL: INSERT INTO `user` (`username`,`password`,`email`,`salt`) VALUES ('','d41d8cd98f00b204e9800998ecf8427e','18330292598@163.com','c6d3c58488e4eb91131bc191333cd95c') [ RunTime:0.0007s ]
INFO: [ view_parse ] --START--
INFO: [ template_filter ] --START--
INFO: Run Behavior\ContentReplaceBehavior [ RunTime:0.000126s ]
INFO: [ template_filter ] --END-- [ RunTime:0.000282s ]
INFO: Run Behavior\ParseTemplateBehavior [ RunTime:0.022095s ]
INFO: [ view_parse ] --END-- [ RunTime:0.022297s ]
INFO: [ view_filter ] --START--
INFO: Run Behavior\WriteHtmlCacheBehavior [ RunTime:0.001431s ]
INFO: [ view_filter ] --END-- [ RunTime:0.001594s ]
INFO: [ app_end ] --START--
INFO: Run Behavior\ShowPageTraceBehavior [ RunTime:0.001756s ]
INFO: [ app_end ] --END-- [ RunTime:0.001911s ]

[ 2016-09-02T22:21:17+08:00 ] 127.0.0.1 /index.php/Api/User/login.html
INFO: [ app_init ] --START--
INFO: Run Behavior\BuildLiteBehavior [ RunTime:0.000022s ]
INFO: [ app_init ] --END-- [ RunTime:0.000114s ]
INFO: [ app_begin ] --START--
INFO: Run Behavior\ReadHtmlCacheBehavior [ RunTime:0.001039s ]
INFO: [ app_begin ] --END-- [ RunTime:0.001126s ]
ERR: _ERROR_ACTION_:login

[ 2016-09-02T22:21:24+08:00 ] 127.0.0.1 /index.php/Api/User/login.html
INFO: [ app_init ] --START--
INFO: Run Behavior\BuildLiteBehavior [ RunTime:0.000018s ]
INFO: [ app_init ] --END-- [ RunTime:0.000090s ]
INFO: [ app_begin ] --START--
INFO: Run Behavior\ReadHtmlCacheBehavior [ RunTime:0.001112s ]
INFO: [ app_begin ] --END-- [ RunTime:0.001344s ]
ERR: _ERROR_ACTION_:login

[ 2016-09-02T22:30:18+08:00 ] 127.0.0.1 /index.php/Api/User/login.html
INFO: [ app_init ] --START--
INFO: Run Behavior\BuildLiteBehavior [ RunTime:0.000073s ]
INFO: [ app_init ] --END-- [ RunTime:0.000262s ]
INFO: [ app_begin ] --START--
INFO: Run Behavior\ReadHtmlCacheBehavior [ RunTime:0.001190s ]
INFO: [ app_begin ] --END-- [ RunTime:0.001324s ]
ERR: _ERROR_ACTION_:login

[ 2016-09-02T22:30:20+08:00 ] 127.0.0.1 /index.php/Api/User/register.html
INFO: [ app_init ] --START--
INFO: Run Behavior\BuildLiteBehavior [ RunTime:0.000027s ]
INFO: [ app_init ] --END-- [ RunTime:0.000139s ]
INFO: [ app_begin ] --START--
INFO: Run Behavior\ReadHtmlCacheBehavior [ RunTime:0.001431s ]
INFO: [ app_begin ] --END-- [ RunTime:0.001598s ]
INFO: [ view_parse ] --START--
INFO: [ template_filter ] --START--
INFO: Run Behavior\ContentReplaceBehavior [ RunTime:0.000105s ]
INFO: [ template_filter ] --END-- [ RunTime:0.000257s ]
INFO: Run Behavior\ParseTemplateBehavior [ RunTime:0.014029s ]
INFO: [ view_parse ] --END-- [ RunTime:0.014194s ]
INFO: [ view_filter ] --START--
INFO: Run Behavior\WriteHtmlCacheBehavior [ RunTime:0.000735s ]
INFO: [ view_filter ] --END-- [ RunTime:0.000828s ]
INFO: [ app_end ] --START--
INFO: Run Behavior\ShowPageTraceBehavior [ RunTime:0.001096s ]
INFO: [ app_end ] --END-- [ RunTime:0.001193s ]

[ 2016-09-02T22:30:23+08:00 ] 127.0.0.1 /index.php/Api/User/register.html
INFO: [ app_init ] --START--
INFO: Run Behavior\BuildLiteBehavior [ RunTime:0.000028s ]
INFO: [ app_init ] --END-- [ RunTime:0.000163s ]
INFO: [ app_begin ] --START--
INFO: Run Behavior\ReadHtmlCacheBehavior [ RunTime:0.001026s ]
INFO: [ app_begin ] --END-- [ RunTime:0.001123s ]
INFO: [ view_parse ] --START--
INFO: [ template_filter ] --START--
INFO: Run Behavior\ContentReplaceBehavior [ RunTime:0.000074s ]
INFO: [ template_filter ] --END-- [ RunTime:0.000178s ]
INFO: Run Behavior\ParseTemplateBehavior [ RunTime:0.014791s ]
INFO: [ view_parse ] --END-- [ RunTime:0.014964s ]
INFO: [ view_filter ] --START--
INFO: Run Behavior\WriteHtmlCacheBehavior [ RunTime:0.001975s ]
INFO: [ view_filter ] --END-- [ RunTime:0.002219s ]
INFO: [ app_end ] --START--
INFO: Run Behavior\ShowPageTraceBehavior [ RunTime:0.001364s ]
INFO: [ app_end ] --END-- [ RunTime:0.001483s ]

[ 2016-09-02T22:30:36+08:00 ] 127.0.0.1 /index.php/Api/User/register.html
INFO: [ app_init ] --START--
INFO: Run Behavior\BuildLiteBehavior [ RunTime:0.000022s ]
INFO: [ app_init ] --END-- [ RunTime:0.000132s ]
INFO: [ app_begin ] --START--
INFO: Run Behavior\ReadHtmlCacheBehavior [ RunTime:0.001533s ]
INFO: [ app_begin ] --END-- [ RunTime:0.001983s ]
SQL: SHOW COLUMNS FROM `user` [ RunTime:0.0066s ]
SQL: INSERT INTO `user` (`username`,`password`,`email`,`salt`) VALUES ('','d41d8cd98f00b204e9800998ecf8427e','lanyuzhipeng@126.com','8e5e705d5a9cab24f24633e5a7631491') [ RunTime:0.0005s ]
INFO: [ view_parse ] --START--
INFO: [ template_filter ] --START--
INFO: Run Behavior\ContentReplaceBehavior [ RunTime:0.000259s ]
INFO: [ template_filter ] --END-- [ RunTime:0.000444s ]
INFO: Run Behavior\ParseTemplateBehavior [ RunTime:0.014777s ]
INFO: [ view_parse ] --END-- [ RunTime:0.014925s ]
INFO: [ view_filter ] --START--
INFO: Run Behavior\WriteHtmlCacheBehavior [ RunTime:0.000828s ]
INFO: [ view_filter ] --END-- [ RunTime:0.000929s ]

[ 2016-09-02T22:32:18+08:00 ] 127.0.0.1 /index.php/Api/User/register.html
INFO: [ app_init ] --START--
INFO: Run Behavior\BuildLiteBehavior [ RunTime:0.000026s ]
INFO: [ app_init ] --END-- [ RunTime:0.000155s ]
INFO: [ app_begin ] --START--
INFO: Run Behavior\ReadHtmlCacheBehavior [ RunTime:0.002238s ]
INFO: [ app_begin ] --END-- [ RunTime:0.002549s ]
INFO: [ view_parse ] --START--
INFO: [ template_filter ] --START--
INFO: Run Behavior\ContentReplaceBehavior [ RunTime:0.000108s ]
INFO: [ template_filter ] --END-- [ RunTime:0.000223s ]
INFO: Run Behavior\ParseTemplateBehavior [ RunTime:0.012141s ]
INFO: [ view_parse ] --END-- [ RunTime:0.012284s ]
INFO: [ view_filter ] --START--
INFO: Run Behavior\WriteHtmlCacheBehavior [ RunTime:0.000775s ]
INFO: [ view_filter ] --END-- [ RunTime:0.000856s ]
INFO: [ app_end ] --START--
INFO: Run Behavior\ShowPageTraceBehavior [ RunTime:0.000991s ]
INFO: [ app_end ] --END-- [ RunTime:0.001074s ]

[ 2016-09-02T22:32:26+08:00 ] 127.0.0.1 /index.php/Api/User/register.html
INFO: [ app_init ] --START--
INFO: Run Behavior\BuildLiteBehavior [ RunTime:0.000017s ]
INFO: [ app_init ] --END-- [ RunTime:0.000089s ]
INFO: [ app_begin ] --START--
INFO: Run Behavior\ReadHtmlCacheBehavior [ RunTime:0.001164s ]
INFO: [ app_begin ] --END-- [ RunTime:0.001291s ]
INFO: [ view_parse ] --START--
INFO: [ template_filter ] --START--
INFO: Run Behavior\ContentReplaceBehavior [ RunTime:0.000131s ]
INFO: [ template_filter ] --END-- [ RunTime:0.000305s ]
INFO: Run Behavior\ParseTemplateBehavior [ RunTime:0.016167s ]
INFO: [ view_parse ] --END-- [ RunTime:0.016277s ]
INFO: [ view_filter ] --START--
INFO: Run Behavior\WriteHtmlCacheBehavior [ RunTime:0.000713s ]
INFO: [ view_filter ] --END-- [ RunTime:0.000798s ]
INFO: [ app_end ] --START--
INFO: Run Behavior\ShowPageTraceBehavior [ RunTime:0.001016s ]
INFO: [ app_end ] --END-- [ RunTime:0.001120s ]

[ 2016-09-02T22:32:30+08:00 ] 127.0.0.1 /index.php/Api/User/register.html
INFO: [ app_init ] --START--
INFO: Run Behavior\BuildLiteBehavior [ RunTime:0.000025s ]
INFO: [ app_init ] --END-- [ RunTime:0.000141s ]
INFO: [ app_begin ] --START--
INFO: Run Behavior\ReadHtmlCacheBehavior [ RunTime:0.001462s ]
INFO: [ app_begin ] --END-- [ RunTime:0.001627s ]
SQL: SHOW COLUMNS FROM `user` [ RunTime:0.0292s ]
SQL: INSERT INTO `user` (`username`,`password`,`email`,`salt`) VALUES ('','d41d8cd98f00b204e9800998ecf8427e','lanyuzhipeng@126.com','d9e546d271eee42e5c86d21a8f721fbd') [ RunTime:0.0006s ]
INFO: [ view_parse ] --START--
INFO: [ template_filter ] --START--
INFO: Run Behavior\ContentReplaceBehavior [ RunTime:0.000095s ]
INFO: [ template_filter ] --END-- [ RunTime:0.000225s ]
INFO: Run Behavior\ParseTemplateBehavior [ RunTime:0.012276s ]
INFO: [ view_parse ] --END-- [ RunTime:0.012431s ]
INFO: [ view_filter ] --START--
INFO: Run Behavior\WriteHtmlCacheBehavior [ RunTime:0.000598s ]
INFO: [ view_filter ] --END-- [ RunTime:0.000690s ]

[ 2016-09-02T22:34:59+08:00 ] 127.0.0.1 /index.php/Api/User/register.html
INFO: [ app_init ] --START--
INFO: Run Behavior\BuildLiteBehavior [ RunTime:0.000034s ]
INFO: [ app_init ] --END-- [ RunTime:0.000169s ]
INFO: [ app_begin ] --START--
INFO: Run Behavior\ReadHtmlCacheBehavior [ RunTime:0.001529s ]
INFO: [ app_begin ] --END-- [ RunTime:0.001661s ]
INFO: [ view_parse ] --START--
INFO: [ template_filter ] --START--
INFO: Run Behavior\ContentReplaceBehavior [ RunTime:0.000078s ]
INFO: [ template_filter ] --END-- [ RunTime:0.000192s ]
INFO: Run Behavior\ParseTemplateBehavior [ RunTime:0.012824s ]
INFO: [ view_parse ] --END-- [ RunTime:0.012998s ]
INFO: [ view_filter ] --START--
INFO: Run Behavior\WriteHtmlCacheBehavior [ RunTime:0.000796s ]
INFO: [ view_filter ] --END-- [ RunTime:0.000895s ]
INFO: [ app_end ] --START--
INFO: Run Behavior\ShowPageTraceBehavior [ RunTime:0.001252s ]
INFO: [ app_end ] --END-- [ RunTime:0.001351s ]

[ 2016-09-02T22:35:03+08:00 ] 127.0.0.1 /index.php/Api/User/register.html
INFO: [ app_init ] --START--
INFO: Run Behavior\BuildLiteBehavior [ RunTime:0.000020s ]
INFO: [ app_init ] --END-- [ RunTime:0.000106s ]
INFO: [ app_begin ] --START--
INFO: Run Behavior\ReadHtmlCacheBehavior [ RunTime:0.000810s ]
INFO: [ app_begin ] --END-- [ RunTime:0.000892s ]
INFO: [ view_parse ] --START--
INFO: [ template_filter ] --START--
INFO: Run Behavior\ContentReplaceBehavior [ RunTime:0.000075s ]
INFO: [ template_filter ] --END-- [ RunTime:0.000184s ]
INFO: Run Behavior\ParseTemplateBehavior [ RunTime:0.012341s ]
INFO: [ view_parse ] --END-- [ RunTime:0.012430s ]
INFO: [ view_filter ] --START--
INFO: Run Behavior\WriteHtmlCacheBehavior [ RunTime:0.000540s ]
INFO: [ view_filter ] --END-- [ RunTime:0.000610s ]
INFO: [ app_end ] --START--
INFO: Run Behavior\ShowPageTraceBehavior [ RunTime:0.000807s ]
INFO: [ app_end ] --END-- [ RunTime:0.000877s ]

[ 2016-09-02T22:35:14+08:00 ] 127.0.0.1 /index.php/Api/User/register.html
INFO: [ app_init ] --START--
INFO: Run Behavior\BuildLiteBehavior [ RunTime:0.000020s ]
INFO: [ app_init ] --END-- [ RunTime:0.000105s ]
INFO: [ app_begin ] --START--
INFO: Run Behavior\ReadHtmlCacheBehavior [ RunTime:0.001923s ]
INFO: [ app_begin ] --END-- [ RunTime:0.002079s ]
SQL: SHOW COLUMNS FROM `user` [ RunTime:0.0198s ]
SQL: INSERT INTO `user` (`username`,`password`,`email`,`salt`) VALUES ('','d41d8cd98f00b204e9800998ecf8427e','626820844@qq.com','16a210bf83418a6c817f7b80fa699350') [ RunTime:0.0004s ]
INFO: [ view_parse ] --START--
INFO: [ template_filter ] --START--
INFO: Run Behavior\ContentReplaceBehavior [ RunTime:0.000094s ]
INFO: [ template_filter ] --END-- [ RunTime:0.000220s ]
INFO: Run Behavior\ParseTemplateBehavior [ RunTime:0.012393s ]
INFO: [ view_parse ] --END-- [ RunTime:0.012590s ]
INFO: [ view_filter ] --START--
INFO: Run Behavior\WriteHtmlCacheBehavior [ RunTime:0.000757s ]
INFO: [ view_filter ] --END-- [ RunTime:0.000861s ]

[ 2016-09-02T22:35:18+08:00 ] 127.0.0.1 /index.php/Api/User/register.html
INFO: [ app_init ] --START--
INFO: Run Behavior\BuildLiteBehavior [ RunTime:0.000029s ]
INFO: [ app_init ] --END-- [ RunTime:0.000141s ]
INFO: [ app_begin ] --START--
INFO: Run Behavior\ReadHtmlCacheBehavior [ RunTime:0.001092s ]
INFO: [ app_begin ] --END-- [ RunTime:0.001210s ]
INFO: [ view_parse ] --START--
INFO: [ template_filter ] --START--
INFO: Run Behavior\ContentReplaceBehavior [ RunTime:0.000063s ]
INFO: [ template_filter ] --END-- [ RunTime:0.000152s ]
INFO: Run Behavior\ParseTemplateBehavior [ RunTime:0.013213s ]
INFO: [ view_parse ] --END-- [ RunTime:0.013318s ]
INFO: [ view_filter ] --START--
INFO: Run Behavior\WriteHtmlCacheBehavior [ RunTime:0.000621s ]
INFO: [ view_filter ] --END-- [ RunTime:0.000716s ]
INFO: [ app_end ] --START--
INFO: Run Behavior\ShowPageTraceBehavior [ RunTime:0.001053s ]
INFO: [ app_end ] --END-- [ RunTime:0.001139s ]

[ 2016-09-02T22:35:28+08:00 ] 127.0.0.1 /index.php/Api/User/register.html
INFO: [ app_init ] --START--
INFO: Run Behavior\BuildLiteBehavior [ RunTime:0.000020s ]
INFO: [ app_init ] --END-- [ RunTime:0.000104s ]
INFO: [ app_begin ] --START--
INFO: Run Behavior\ReadHtmlCacheBehavior [ RunTime:0.001279s ]
INFO: [ app_begin ] --END-- [ RunTime:0.001424s ]
SQL: SHOW COLUMNS FROM `user` [ RunTime:0.0186s ]
SQL: INSERT INTO `user` (`username`,`password`,`email`,`salt`) VALUES ('','d41d8cd98f00b204e9800998ecf8427e','lanyuzhipeng@126.com','f88868ac2dfb6fc8884cb35fa726f770') [ RunTime:0.0005s ]
INFO: [ view_parse ] --START--
INFO: [ template_filter ] --START--
INFO: Run Behavior\ContentReplaceBehavior [ RunTime:0.000075s ]
INFO: [ template_filter ] --END-- [ RunTime:0.000171s ]
INFO: Run Behavior\ParseTemplateBehavior [ RunTime:0.012130s ]
INFO: [ view_parse ] --END-- [ RunTime:0.012255s ]
INFO: [ view_filter ] --START--
INFO: Run Behavior\WriteHtmlCacheBehavior [ RunTime:0.000602s ]
INFO: [ view_filter ] --END-- [ RunTime:0.000683s ]
INFO: [ app_end ] --START--
INFO: Run Behavior\ShowPageTraceBehavior [ RunTime:0.001036s ]
INFO: [ app_end ] --END-- [ RunTime:0.001129s ]

[ 2016-09-02T22:35:31+08:00 ] 127.0.0.1 /index.php/Api/User/login.html
INFO: [ app_init ] --START--
INFO: Run Behavior\BuildLiteBehavior [ RunTime:0.000019s ]
INFO: [ app_init ] --END-- [ RunTime:0.000105s ]
INFO: [ app_begin ] --START--
INFO: Run Behavior\ReadHtmlCacheBehavior [ RunTime:0.000980s ]
INFO: [ app_begin ] --END-- [ RunTime:0.001073s ]
ERR: _ERROR_ACTION_:login

