[ 2016-09-01T00:03:34+08:00 ] 127.0.0.1 /index.php/Api/Index/register/
INFO: [ app_init ] --START--
INFO: Run Behavior\BuildLiteBehavior [ RunTime:0.000022s ]
INFO: [ app_init ] --END-- [ RunTime:0.000124s ]
INFO: [ app_begin ] --START--
INFO: Run Behavior\ReadHtmlCacheBehavior [ RunTime:0.001261s ]
INFO: [ app_begin ] --END-- [ RunTime:0.001443s ]
INFO: [ view_parse ] --START--
INFO: [ template_filter ] --START--
INFO: Run Behavior\ContentReplaceBehavior [ RunTime:0.000079s ]
INFO: [ template_filter ] --END-- [ RunTime:0.000190s ]
INFO: Run Behavior\ParseTemplateBehavior [ RunTime:0.016798s ]
INFO: [ view_parse ] --END-- [ RunTime:0.017060s ]
INFO: [ view_filter ] --START--
INFO: Run Behavior\WriteHtmlCacheBehavior [ RunTime:0.000753s ]
INFO: [ view_filter ] --END-- [ RunTime:0.000869s ]
INFO: [ app_end ] --START--
INFO: Run Behavior\ShowPageTraceBehavior [ RunTime:0.001176s ]
INFO: [ app_end ] --END-- [ RunTime:0.001288s ]

[ 2016-09-01T00:03:39+08:00 ] 127.0.0.1 /index.php/Api/Index/register
INFO: [ app_init ] --START--
INFO: Run Behavior\BuildLiteBehavior [ RunTime:0.000021s ]
INFO: [ app_init ] --END-- [ RunTime:0.000108s ]
INFO: [ app_begin ] --START--
INFO: Run Behavior\ReadHtmlCacheBehavior [ RunTime:0.000727s ]
INFO: [ app_begin ] --END-- [ RunTime:0.000814s ]
INFO: [ view_parse ] --START--
INFO: [ template_filter ] --START--
INFO: Run Behavior\ContentReplaceBehavior [ RunTime:0.000079s ]
INFO: [ template_filter ] --END-- [ RunTime:0.000197s ]
INFO: Run Behavior\ParseTemplateBehavior [ RunTime:0.012070s ]
INFO: [ view_parse ] --END-- [ RunTime:0.012201s ]
INFO: [ view_filter ] --START--
INFO: Run Behavior\WriteHtmlCacheBehavior [ RunTime:0.000344s ]
INFO: [ view_filter ] --END-- [ RunTime:0.000423s ]
INFO: [ app_end ] --START--
INFO: Run Behavior\ShowPageTraceBehavior [ RunTime:0.000724s ]
INFO: [ app_end ] --END-- [ RunTime:0.000808s ]

[ 2016-09-01T00:03:46+08:00 ] 127.0.0.1 /index.php/Api/Index/sendCode.html?telphone=18330292598
INFO: [ app_init ] --START--
INFO: Run Behavior\BuildLiteBehavior [ RunTime:0.000020s ]
INFO: [ app_init ] --END-- [ RunTime:0.000106s ]
INFO: [ app_begin ] --START--
INFO: Run Behavior\ReadHtmlCacheBehavior [ RunTime:0.000773s ]
INFO: [ app_begin ] --END-- [ RunTime:0.000864s ]
NOTIC: [2] include_once(./CCPRestSmsSDK.php) [<a href='function.include-once'>function.include-once</a>]: failed to open stream: No such file or directory G:\wamp\tp\api\Application\Api\Controller\IndexController.class.php 第 130 行.
NOTIC: [2] include_once() [<a href='function.include'>function.include</a>]: Failed opening './CCPRestSmsSDK.php' for inclusion (include_path='.;C:\php\pear') G:\wamp\tp\api\Application\Api\Controller\IndexController.class.php 第 130 行.

[ 2016-09-01T00:04:07+08:00 ] 127.0.0.1 /index.php/Api/Index/register
INFO: [ app_init ] --START--
INFO: Run Behavior\BuildLiteBehavior [ RunTime:0.000026s ]
INFO: [ app_init ] --END-- [ RunTime:0.000156s ]
INFO: [ app_begin ] --START--
INFO: Run Behavior\ReadHtmlCacheBehavior [ RunTime:0.000746s ]
INFO: [ app_begin ] --END-- [ RunTime:0.000846s ]
INFO: [ view_parse ] --START--
INFO: [ template_filter ] --START--
INFO: Run Behavior\ContentReplaceBehavior [ RunTime:0.000078s ]
INFO: [ template_filter ] --END-- [ RunTime:0.000185s ]
INFO: Run Behavior\ParseTemplateBehavior [ RunTime:0.010581s ]
INFO: [ view_parse ] --END-- [ RunTime:0.010730s ]
INFO: [ view_filter ] --START--
INFO: Run Behavior\WriteHtmlCacheBehavior [ RunTime:0.000450s ]
INFO: [ view_filter ] --END-- [ RunTime:0.000559s ]
INFO: [ app_end ] --START--
INFO: Run Behavior\ShowPageTraceBehavior [ RunTime:0.001063s ]
INFO: [ app_end ] --END-- [ RunTime:0.001218s ]

[ 2016-09-01T00:04:14+08:00 ] 127.0.0.1 /index.php/Api/Index/sendCode.html?telphone=18330292598
INFO: [ app_init ] --START--
INFO: Run Behavior\BuildLiteBehavior [ RunTime:0.000021s ]
INFO: [ app_init ] --END-- [ RunTime:0.000114s ]
INFO: [ app_begin ] --START--
INFO: Run Behavior\ReadHtmlCacheBehavior [ RunTime:0.000855s ]
INFO: [ app_begin ] --END-- [ RunTime:0.000955s ]
NOTIC: [2] include_once(./CCPRestSmsSDK.php) [<a href='function.include-once'>function.include-once</a>]: failed to open stream: No such file or directory G:\wamp\tp\api\Application\Api\Controller\IndexController.class.php 第 130 行.
NOTIC: [2] include_once() [<a href='function.include'>function.include</a>]: Failed opening './CCPRestSmsSDK.php' for inclusion (include_path='.;C:\php\pear') G:\wamp\tp\api\Application\Api\Controller\IndexController.class.php 第 130 行.

[ 2016-09-01T00:07:08+08:00 ] 127.0.0.1 /index.php/Api/Index/register
INFO: [ app_init ] --START--
INFO: Run Behavior\BuildLiteBehavior [ RunTime:0.000028s ]
INFO: [ app_init ] --END-- [ RunTime:0.000117s ]
INFO: [ app_begin ] --START--
INFO: Run Behavior\ReadHtmlCacheBehavior [ RunTime:0.001167s ]
INFO: [ app_begin ] --END-- [ RunTime:0.001291s ]
INFO: [ view_parse ] --START--
INFO: [ template_filter ] --START--
INFO: Run Behavior\ContentReplaceBehavior [ RunTime:0.000091s ]
INFO: [ template_filter ] --END-- [ RunTime:0.000231s ]
INFO: Run Behavior\ParseTemplateBehavior [ RunTime:0.013139s ]
INFO: [ view_parse ] --END-- [ RunTime:0.013351s ]
INFO: [ view_filter ] --START--
INFO: Run Behavior\WriteHtmlCacheBehavior [ RunTime:0.001571s ]
INFO: [ view_filter ] --END-- [ RunTime:0.001728s ]
INFO: [ app_end ] --START--
INFO: Run Behavior\ShowPageTraceBehavior [ RunTime:0.001330s ]
INFO: [ app_end ] --END-- [ RunTime:0.001483s ]

[ 2016-09-01T00:07:11+08:00 ] 127.0.0.1 /index.php/Api/Index/sendCode.html?telphone=18330292598
INFO: [ app_init ] --START--
INFO: Run Behavior\BuildLiteBehavior [ RunTime:0.000047s ]
INFO: [ app_init ] --END-- [ RunTime:0.000206s ]
INFO: [ app_begin ] --START--
INFO: Run Behavior\ReadHtmlCacheBehavior [ RunTime:0.001016s ]
INFO: [ app_begin ] --END-- [ RunTime:0.001130s ]
NOTIC: [2] include_once(./CCPRestSmsSDK.php) [<a href='function.include-once'>function.include-once</a>]: failed to open stream: No such file or directory G:\wamp\tp\api\Application\Api\Controller\IndexController.class.php 第 130 行.
NOTIC: [2] include_once() [<a href='function.include'>function.include</a>]: Failed opening './CCPRestSmsSDK.php' for inclusion (include_path='.;C:\php\pear') G:\wamp\tp\api\Application\Api\Controller\IndexController.class.php 第 130 行.
NOTIC: [2] include_once(../ThinkPHP/  CCPRestSmsSDK.php) [<a href='function.include-once'>function.include-once</a>]: failed to open stream: No such file or directory G:\wamp\tp\api\Application\Api\Controller\IndexController.class.php 第 168 行.
NOTIC: [2] include_once() [<a href='function.include'>function.include</a>]: Failed opening '../ThinkPHP/  CCPRestSmsSDK.php' for inclusion (include_path='.;C:\php\pear') G:\wamp\tp\api\Application\Api\Controller\IndexController.class.php 第 168 行.

[ 2016-09-01T00:11:15+08:00 ] 127.0.0.1 /index.php/Api/Index/register
INFO: [ app_init ] --START--
INFO: Run Behavior\BuildLiteBehavior [ RunTime:0.000027s ]
INFO: [ app_init ] --END-- [ RunTime:0.000145s ]
INFO: [ app_begin ] --START--
INFO: Run Behavior\ReadHtmlCacheBehavior [ RunTime:0.001455s ]
INFO: [ app_begin ] --END-- [ RunTime:0.001601s ]
INFO: [ view_parse ] --START--
INFO: [ template_filter ] --START--
INFO: Run Behavior\ContentReplaceBehavior [ RunTime:0.000100s ]
INFO: [ template_filter ] --END-- [ RunTime:0.000239s ]
INFO: Run Behavior\ParseTemplateBehavior [ RunTime:0.017132s ]
INFO: [ view_parse ] --END-- [ RunTime:0.017339s ]
INFO: [ view_filter ] --START--
INFO: Run Behavior\WriteHtmlCacheBehavior [ RunTime:0.000706s ]
INFO: [ view_filter ] --END-- [ RunTime:0.000816s ]
INFO: [ app_end ] --START--
INFO: Run Behavior\ShowPageTraceBehavior [ RunTime:0.001379s ]
INFO: [ app_end ] --END-- [ RunTime:0.001520s ]

[ 2016-09-01T00:11:18+08:00 ] 127.0.0.1 /index.php/Api/Index/sendCode.html?telphone=18330292598
INFO: [ app_init ] --START--
INFO: Run Behavior\BuildLiteBehavior [ RunTime:0.000133s ]
INFO: [ app_init ] --END-- [ RunTime:0.000421s ]
INFO: [ app_begin ] --START--
INFO: Run Behavior\ReadHtmlCacheBehavior [ RunTime:0.001006s ]
INFO: [ app_begin ] --END-- [ RunTime:0.001126s ]
NOTIC: [2] include_once(./CCPRestSmsSDK.php) [<a href='function.include-once'>function.include-once</a>]: failed to open stream: No such file or directory G:\wamp\tp\api\Application\Api\Controller\IndexController.class.php 第 130 行.
NOTIC: [2] include_once() [<a href='function.include'>function.include</a>]: Failed opening './CCPRestSmsSDK.php' for inclusion (include_path='.;C:\php\pear') G:\wamp\tp\api\Application\Api\Controller\IndexController.class.php 第 130 行.
NOTIC: [2] include_once(../ThinkPHP/  CCPRestSmsSDK.php) [<a href='function.include-once'>function.include-once</a>]: failed to open stream: No such file or directory G:\wamp\tp\api\Application\Api\Controller\IndexController.class.php 第 168 行.
NOTIC: [2] include_once() [<a href='function.include'>function.include</a>]: Failed opening '../ThinkPHP/  CCPRestSmsSDK.php' for inclusion (include_path='.;C:\php\pear') G:\wamp\tp\api\Application\Api\Controller\IndexController.class.php 第 168 行.

[ 2016-09-01T00:11:56+08:00 ] 127.0.0.1 /index.php/Api/Index/register
INFO: [ app_init ] --START--
INFO: Run Behavior\BuildLiteBehavior [ RunTime:0.000052s ]
INFO: [ app_init ] --END-- [ RunTime:0.000407s ]
INFO: [ app_begin ] --START--
INFO: Run Behavior\ReadHtmlCacheBehavior [ RunTime:0.000912s ]
INFO: [ app_begin ] --END-- [ RunTime:0.001013s ]
INFO: [ view_parse ] --START--
INFO: [ template_filter ] --START--
INFO: Run Behavior\ContentReplaceBehavior [ RunTime:0.000151s ]
INFO: [ template_filter ] --END-- [ RunTime:0.000416s ]
INFO: Run Behavior\ParseTemplateBehavior [ RunTime:0.013415s ]
INFO: [ view_parse ] --END-- [ RunTime:0.013537s ]
INFO: [ view_filter ] --START--
INFO: Run Behavior\WriteHtmlCacheBehavior [ RunTime:0.000382s ]
INFO: [ view_filter ] --END-- [ RunTime:0.000470s ]
INFO: [ app_end ] --START--
INFO: Run Behavior\ShowPageTraceBehavior [ RunTime:0.000730s ]
INFO: [ app_end ] --END-- [ RunTime:0.000822s ]

[ 2016-09-01T00:11:59+08:00 ] 127.0.0.1 /index.php/Api/Index/sendCode.html?telphone=18330292598
INFO: [ app_init ] --START--
INFO: Run Behavior\BuildLiteBehavior [ RunTime:0.000029s ]
INFO: [ app_init ] --END-- [ RunTime:0.000153s ]
INFO: [ app_begin ] --START--
INFO: Run Behavior\ReadHtmlCacheBehavior [ RunTime:0.001041s ]
INFO: [ app_begin ] --END-- [ RunTime:0.001154s ]
NOTIC: [2] include_once(./CCPRestSmsSDK.php) [<a href='function.include-once'>function.include-once</a>]: failed to open stream: No such file or directory G:\wamp\tp\api\Application\Api\Controller\IndexController.class.php 第 130 行.
NOTIC: [2] include_once() [<a href='function.include'>function.include</a>]: Failed opening './CCPRestSmsSDK.php' for inclusion (include_path='.;C:\php\pear') G:\wamp\tp\api\Application\Api\Controller\IndexController.class.php 第 130 行.
INFO: [ app_end ] --START--
INFO: Run Behavior\ShowPageTraceBehavior [ RunTime:0.000737s ]
INFO: [ app_end ] --END-- [ RunTime:0.000821s ]

[ 2016-09-01T00:12:29+08:00 ] 127.0.0.1 /index.php/Api/Index/register
INFO: [ app_init ] --START--
INFO: Run Behavior\BuildLiteBehavior [ RunTime:0.000023s ]
INFO: [ app_init ] --END-- [ RunTime:0.000136s ]
INFO: [ app_begin ] --START--
INFO: Run Behavior\ReadHtmlCacheBehavior [ RunTime:0.000866s ]
INFO: [ app_begin ] --END-- [ RunTime:0.000984s ]
INFO: [ view_parse ] --START--
INFO: [ template_filter ] --START--
INFO: Run Behavior\ContentReplaceBehavior [ RunTime:0.000077s ]
INFO: [ template_filter ] --END-- [ RunTime:0.000206s ]
INFO: Run Behavior\ParseTemplateBehavior [ RunTime:0.012292s ]
INFO: [ view_parse ] --END-- [ RunTime:0.012445s ]
INFO: [ view_filter ] --START--
INFO: Run Behavior\WriteHtmlCacheBehavior [ RunTime:0.000494s ]
INFO: [ view_filter ] --END-- [ RunTime:0.000580s ]
INFO: [ app_end ] --START--
INFO: Run Behavior\ShowPageTraceBehavior [ RunTime:0.000818s ]
INFO: [ app_end ] --END-- [ RunTime:0.000913s ]

[ 2016-09-01T00:12:31+08:00 ] 127.0.0.1 /index.php/Api/Index/register
INFO: [ app_init ] --START--
INFO: Run Behavior\BuildLiteBehavior [ RunTime:0.000029s ]
INFO: [ app_init ] --END-- [ RunTime:0.000155s ]
INFO: [ app_begin ] --START--
INFO: Run Behavior\ReadHtmlCacheBehavior [ RunTime:0.001083s ]
INFO: [ app_begin ] --END-- [ RunTime:0.001266s ]
INFO: [ view_parse ] --START--
INFO: [ template_filter ] --START--
INFO: Run Behavior\ContentReplaceBehavior [ RunTime:0.000078s ]
INFO: [ template_filter ] --END-- [ RunTime:0.000187s ]
INFO: Run Behavior\ParseTemplateBehavior [ RunTime:0.012015s ]
INFO: [ view_parse ] --END-- [ RunTime:0.012153s ]
INFO: [ view_filter ] --START--
INFO: Run Behavior\WriteHtmlCacheBehavior [ RunTime:0.000560s ]
INFO: [ view_filter ] --END-- [ RunTime:0.000662s ]
INFO: [ app_end ] --START--
INFO: Run Behavior\ShowPageTraceBehavior [ RunTime:0.001419s ]
INFO: [ app_end ] --END-- [ RunTime:0.001688s ]

[ 2016-09-01T00:12:34+08:00 ] 127.0.0.1 /index.php/Api/Index/sendCode.html?telphone=18330292598
INFO: [ app_init ] --START--
INFO: Run Behavior\BuildLiteBehavior [ RunTime:0.000026s ]
INFO: [ app_init ] --END-- [ RunTime:0.000136s ]
INFO: [ app_begin ] --START--
INFO: Run Behavior\ReadHtmlCacheBehavior [ RunTime:0.000916s ]
INFO: [ app_begin ] --END-- [ RunTime:0.001033s ]
NOTIC: [2] include_once(./CCPRestSmsSDK.php) [<a href='function.include-once'>function.include-once</a>]: failed to open stream: No such file or directory G:\wamp\tp\api\Application\Api\Controller\IndexController.class.php 第 130 行.
NOTIC: [2] include_once() [<a href='function.include'>function.include</a>]: Failed opening './CCPRestSmsSDK.php' for inclusion (include_path='.;C:\php\pear') G:\wamp\tp\api\Application\Api\Controller\IndexController.class.php 第 130 行.
NOTIC: [2] include_once(../ThinkPHP/  CCPRestSmsSDK.php) [<a href='function.include-once'>function.include-once</a>]: failed to open stream: No such file or directory G:\wamp\tp\api\Application\Api\Controller\IndexController.class.php 第 168 行.
NOTIC: [2] include_once() [<a href='function.include'>function.include</a>]: Failed opening '../ThinkPHP/  CCPRestSmsSDK.php' for inclusion (include_path='.;C:\php\pear') G:\wamp\tp\api\Application\Api\Controller\IndexController.class.php 第 168 行.

[ 2016-09-01T00:13:04+08:00 ] 127.0.0.1 /index.php/Api/Index/register
INFO: [ app_init ] --START--
INFO: Run Behavior\BuildLiteBehavior [ RunTime:0.000023s ]
INFO: [ app_init ] --END-- [ RunTime:0.000123s ]
INFO: [ app_begin ] --START--
INFO: Run Behavior\ReadHtmlCacheBehavior [ RunTime:0.001063s ]
INFO: [ app_begin ] --END-- [ RunTime:0.001192s ]
INFO: [ view_parse ] --START--
INFO: [ template_filter ] --START--
INFO: Run Behavior\ContentReplaceBehavior [ RunTime:0.000095s ]
INFO: [ template_filter ] --END-- [ RunTime:0.000234s ]
INFO: Run Behavior\ParseTemplateBehavior [ RunTime:0.012798s ]
INFO: [ view_parse ] --END-- [ RunTime:0.012959s ]
INFO: [ view_filter ] --START--
INFO: Run Behavior\WriteHtmlCacheBehavior [ RunTime:0.000652s ]
INFO: [ view_filter ] --END-- [ RunTime:0.000772s ]
INFO: [ app_end ] --START--
INFO: Run Behavior\ShowPageTraceBehavior [ RunTime:0.000891s ]
INFO: [ app_end ] --END-- [ RunTime:0.000977s ]

[ 2016-09-01T00:13:12+08:00 ] 127.0.0.1 /index.php/Api/Index/sendCode.html?telphone=18330292598
INFO: [ app_init ] --START--
INFO: Run Behavior\BuildLiteBehavior [ RunTime:0.000037s ]
INFO: [ app_init ] --END-- [ RunTime:0.000153s ]
INFO: [ app_begin ] --START--
INFO: Run Behavior\ReadHtmlCacheBehavior [ RunTime:0.002854s ]
INFO: [ app_begin ] --END-- [ RunTime:0.002974s ]
NOTIC: [2] include_once(./CCPRestSmsSDK.php) [<a href='function.include-once'>function.include-once</a>]: failed to open stream: No such file or directory G:\wamp\tp\api\Application\Api\Controller\IndexController.class.php 第 130 行.
NOTIC: [2] include_once() [<a href='function.include'>function.include</a>]: Failed opening './CCPRestSmsSDK.php' for inclusion (include_path='.;C:\php\pear') G:\wamp\tp\api\Application\Api\Controller\IndexController.class.php 第 130 行.
NOTIC: [2] include_once(../ThinkPHP/  CCPRestSmsSDK.php) [<a href='function.include-once'>function.include-once</a>]: failed to open stream: No such file or directory G:\wamp\tp\api\Application\Api\Controller\IndexController.class.php 第 168 行.
NOTIC: [2] include_once() [<a href='function.include'>function.include</a>]: Failed opening '../ThinkPHP/  CCPRestSmsSDK.php' for inclusion (include_path='.;C:\php\pear') G:\wamp\tp\api\Application\Api\Controller\IndexController.class.php 第 168 行.

[ 2016-09-01T00:14:50+08:00 ] 127.0.0.1 /index.php/Api/Index/register
INFO: [ app_init ] --START--
INFO: Run Behavior\BuildLiteBehavior [ RunTime:0.000023s ]
INFO: [ app_init ] --END-- [ RunTime:0.000141s ]
INFO: [ app_begin ] --START--
INFO: Run Behavior\ReadHtmlCacheBehavior [ RunTime:0.000941s ]
INFO: [ app_begin ] --END-- [ RunTime:0.001077s ]
INFO: [ view_parse ] --START--
INFO: [ template_filter ] --START--
INFO: Run Behavior\ContentReplaceBehavior [ RunTime:0.000078s ]
INFO: [ template_filter ] --END-- [ RunTime:0.000187s ]
INFO: Run Behavior\ParseTemplateBehavior [ RunTime:0.013037s ]
INFO: [ view_parse ] --END-- [ RunTime:0.013148s ]
INFO: [ view_filter ] --START--
INFO: Run Behavior\WriteHtmlCacheBehavior [ RunTime:0.000479s ]
INFO: [ view_filter ] --END-- [ RunTime:0.000565s ]
INFO: [ app_end ] --START--
INFO: Run Behavior\ShowPageTraceBehavior [ RunTime:0.000891s ]
INFO: [ app_end ] --END-- [ RunTime:0.000985s ]

[ 2016-09-01T00:14:52+08:00 ] 127.0.0.1 /index.php/Api/Index/sendCode.html?telphone=18330292598
INFO: [ app_init ] --START--
INFO: Run Behavior\BuildLiteBehavior [ RunTime:0.000021s ]
INFO: [ app_init ] --END-- [ RunTime:0.000109s ]
INFO: [ app_begin ] --START--
INFO: Run Behavior\ReadHtmlCacheBehavior [ RunTime:0.000740s ]
INFO: [ app_begin ] --END-- [ RunTime:0.000819s ]
NOTIC: [2] include_once(./CCPRestSmsSDK.php) [<a href='function.include-once'>function.include-once</a>]: failed to open stream: No such file or directory G:\wamp\tp\api\Application\Api\Controller\IndexController.class.php 第 130 行.
NOTIC: [2] include_once() [<a href='function.include'>function.include</a>]: Failed opening './CCPRestSmsSDK.php' for inclusion (include_path='.;C:\php\pear') G:\wamp\tp\api\Application\Api\Controller\IndexController.class.php 第 130 行.
NOTIC: [2] include_once(../ThinkPHP/  CCPRestSmsSDK.php) [<a href='function.include-once'>function.include-once</a>]: failed to open stream: No such file or directory G:\wamp\tp\api\Application\Api\Controller\IndexController.class.php 第 168 行.
NOTIC: [2] include_once() [<a href='function.include'>function.include</a>]: Failed opening '../ThinkPHP/  CCPRestSmsSDK.php' for inclusion (include_path='.;C:\php\pear') G:\wamp\tp\api\Application\Api\Controller\IndexController.class.php 第 168 行.

[ 2016-09-01T00:15:18+08:00 ] 127.0.0.1 /index.php/Api/Index/register
INFO: [ app_init ] --START--
INFO: Run Behavior\BuildLiteBehavior [ RunTime:0.000031s ]
INFO: [ app_init ] --END-- [ RunTime:0.000163s ]
INFO: [ app_begin ] --START--
INFO: Run Behavior\ReadHtmlCacheBehavior [ RunTime:0.000800s ]
INFO: [ app_begin ] --END-- [ RunTime:0.000903s ]
INFO: [ view_parse ] --START--
INFO: [ template_filter ] --START--
INFO: Run Behavior\ContentReplaceBehavior [ RunTime:0.000095s ]
INFO: [ template_filter ] --END-- [ RunTime:0.000237s ]
INFO: Run Behavior\ParseTemplateBehavior [ RunTime:0.011709s ]
INFO: [ view_parse ] --END-- [ RunTime:0.011837s ]
INFO: [ view_filter ] --START--
INFO: Run Behavior\WriteHtmlCacheBehavior [ RunTime:0.000740s ]
INFO: [ view_filter ] --END-- [ RunTime:0.000872s ]
INFO: [ app_end ] --START--
INFO: Run Behavior\ShowPageTraceBehavior [ RunTime:0.001021s ]
INFO: [ app_end ] --END-- [ RunTime:0.001144s ]

[ 2016-09-01T00:15:21+08:00 ] 127.0.0.1 /index.php/Api/Index/sendCode.html?telphone=18330292598
INFO: [ app_init ] --START--
INFO: Run Behavior\BuildLiteBehavior [ RunTime:0.000021s ]
INFO: [ app_init ] --END-- [ RunTime:0.000111s ]
INFO: [ app_begin ] --START--
INFO: Run Behavior\ReadHtmlCacheBehavior [ RunTime:0.000745s ]
INFO: [ app_begin ] --END-- [ RunTime:0.000825s ]
NOTIC: [2] include_once(./CCPRestSmsSDK.php) [<a href='function.include-once'>function.include-once</a>]: failed to open stream: No such file or directory G:\wamp\tp\api\Application\Api\Controller\IndexController.class.php 第 130 行.
NOTIC: [2] include_once() [<a href='function.include'>function.include</a>]: Failed opening './CCPRestSmsSDK.php' for inclusion (include_path='.;C:\php\pear') G:\wamp\tp\api\Application\Api\Controller\IndexController.class.php 第 130 行.
NOTIC: [2] include_once(../ThinkPHP/  CCPRestSmsSDK.php) [<a href='function.include-once'>function.include-once</a>]: failed to open stream: No such file or directory G:\wamp\tp\api\Application\Api\Controller\IndexController.class.php 第 168 行.
NOTIC: [2] include_once() [<a href='function.include'>function.include</a>]: Failed opening '../ThinkPHP/  CCPRestSmsSDK.php' for inclusion (include_path='.;C:\php\pear') G:\wamp\tp\api\Application\Api\Controller\IndexController.class.php 第 168 行.

[ 2016-09-01T00:19:03+08:00 ] 127.0.0.1 /index.php/Api/Index/register
INFO: [ app_init ] --START--
INFO: Run Behavior\BuildLiteBehavior [ RunTime:0.000026s ]
INFO: [ app_init ] --END-- [ RunTime:0.000148s ]
INFO: [ app_begin ] --START--
INFO: Run Behavior\ReadHtmlCacheBehavior [ RunTime:0.001017s ]
INFO: [ app_begin ] --END-- [ RunTime:0.001123s ]
INFO: [ view_parse ] --START--
INFO: [ template_filter ] --START--
INFO: Run Behavior\ContentReplaceBehavior [ RunTime:0.000080s ]
INFO: [ template_filter ] --END-- [ RunTime:0.000196s ]
INFO: Run Behavior\ParseTemplateBehavior [ RunTime:0.012555s ]
INFO: [ view_parse ] --END-- [ RunTime:0.012710s ]
INFO: [ view_filter ] --START--
INFO: Run Behavior\WriteHtmlCacheBehavior [ RunTime:0.000621s ]
INFO: [ view_filter ] --END-- [ RunTime:0.000733s ]
INFO: [ app_end ] --START--
INFO: Run Behavior\ShowPageTraceBehavior [ RunTime:0.000880s ]
INFO: [ app_end ] --END-- [ RunTime:0.000972s ]

[ 2016-09-01T00:19:06+08:00 ] 127.0.0.1 /index.php/Api/Index/sendCode.html?telphone=18330292598
INFO: [ app_init ] --START--
INFO: Run Behavior\BuildLiteBehavior [ RunTime:0.000026s ]
INFO: [ app_init ] --END-- [ RunTime:0.000138s ]
INFO: [ app_begin ] --START--
INFO: Run Behavior\ReadHtmlCacheBehavior [ RunTime:0.000948s ]
INFO: [ app_begin ] --END-- [ RunTime:0.001068s ]
NOTIC: [2] include_once(./CCPRestSmsSDK.php) [<a href='function.include-once'>function.include-once</a>]: failed to open stream: No such file or directory G:\wamp\tp\api\Application\Api\Controller\IndexController.class.php 第 130 行.
NOTIC: [2] include_once() [<a href='function.include'>function.include</a>]: Failed opening './CCPRestSmsSDK.php' for inclusion (include_path='.;C:\php\pear') G:\wamp\tp\api\Application\Api\Controller\IndexController.class.php 第 130 行.

[ 2016-09-01T00:19:30+08:00 ] 127.0.0.1 /index.php/Api/Index/register
INFO: [ app_init ] --START--
INFO: Run Behavior\BuildLiteBehavior [ RunTime:0.000027s ]
INFO: [ app_init ] --END-- [ RunTime:0.000153s ]
INFO: [ app_begin ] --START--
INFO: Run Behavior\ReadHtmlCacheBehavior [ RunTime:0.002279s ]
INFO: [ app_begin ] --END-- [ RunTime:0.002543s ]
INFO: [ view_parse ] --START--
INFO: [ template_filter ] --START--
INFO: Run Behavior\ContentReplaceBehavior [ RunTime:0.000081s ]
INFO: [ template_filter ] --END-- [ RunTime:0.000201s ]
INFO: Run Behavior\ParseTemplateBehavior [ RunTime:0.012091s ]
INFO: [ view_parse ] --END-- [ RunTime:0.012231s ]
INFO: [ view_filter ] --START--
INFO: Run Behavior\WriteHtmlCacheBehavior [ RunTime:0.000352s ]
INFO: [ view_filter ] --END-- [ RunTime:0.000442s ]
INFO: [ app_end ] --START--
INFO: Run Behavior\ShowPageTraceBehavior [ RunTime:0.001016s ]
INFO: [ app_end ] --END-- [ RunTime:0.001143s ]

[ 2016-09-01T00:19:33+08:00 ] 127.0.0.1 /index.php/Api/Index/sendCode.html?telphone=18330292598
INFO: [ app_init ] --START--
INFO: Run Behavior\BuildLiteBehavior [ RunTime:0.000025s ]
INFO: [ app_init ] --END-- [ RunTime:0.000130s ]
INFO: [ app_begin ] --START--
INFO: Run Behavior\ReadHtmlCacheBehavior [ RunTime:0.000743s ]
INFO: [ app_begin ] --END-- [ RunTime:0.000838s ]
NOTIC: [2] include_once(./CCPRestSmsSDK.php) [<a href='function.include-once'>function.include-once</a>]: failed to open stream: No such file or directory G:\wamp\tp\api\Application\Api\Controller\IndexController.class.php 第 130 行.
NOTIC: [2] include_once() [<a href='function.include'>function.include</a>]: Failed opening './CCPRestSmsSDK.php' for inclusion (include_path='.;C:\php\pear') G:\wamp\tp\api\Application\Api\Controller\IndexController.class.php 第 130 行.

[ 2016-09-01T00:20:38+08:00 ] 127.0.0.1 /index.php/Api/Index/register
INFO: [ app_init ] --START--
INFO: Run Behavior\BuildLiteBehavior [ RunTime:0.000020s ]
INFO: [ app_init ] --END-- [ RunTime:0.000107s ]
INFO: [ app_begin ] --START--
INFO: Run Behavior\ReadHtmlCacheBehavior [ RunTime:0.000725s ]
INFO: [ app_begin ] --END-- [ RunTime:0.000836s ]
INFO: [ view_parse ] --START--
INFO: [ template_filter ] --START--
INFO: Run Behavior\ContentReplaceBehavior [ RunTime:0.000098s ]
INFO: [ template_filter ] --END-- [ RunTime:0.000215s ]
INFO: Run Behavior\ParseTemplateBehavior [ RunTime:0.010135s ]
INFO: [ view_parse ] --END-- [ RunTime:0.010253s ]
INFO: [ view_filter ] --START--
INFO: Run Behavior\WriteHtmlCacheBehavior [ RunTime:0.000613s ]
INFO: [ view_filter ] --END-- [ RunTime:0.000769s ]
INFO: [ app_end ] --START--
INFO: Run Behavior\ShowPageTraceBehavior [ RunTime:0.001089s ]
INFO: [ app_end ] --END-- [ RunTime:0.001240s ]

[ 2016-09-01T00:20:40+08:00 ] 127.0.0.1 /index.php/Api/Index/sendCode.html?telphone=18330292598
INFO: [ app_init ] --START--
INFO: Run Behavior\BuildLiteBehavior [ RunTime:0.000026s ]
INFO: [ app_init ] --END-- [ RunTime:0.000133s ]
INFO: [ app_begin ] --START--
INFO: Run Behavior\ReadHtmlCacheBehavior [ RunTime:0.001217s ]
INFO: [ app_begin ] --END-- [ RunTime:0.001342s ]
NOTIC: [2] include_once(./CCPRestSmsSDK.php) [<a href='function.include-once'>function.include-once</a>]: failed to open stream: No such file or directory G:\wamp\tp\api\Application\Api\Controller\IndexController.class.php 第 130 行.
NOTIC: [2] include_once() [<a href='function.include'>function.include</a>]: Failed opening './CCPRestSmsSDK.php' for inclusion (include_path='.;C:\php\pear') G:\wamp\tp\api\Application\Api\Controller\IndexController.class.php 第 130 行.

[ 2016-09-01T00:20:58+08:00 ] 127.0.0.1 /index.php/Api/Index/register
INFO: [ app_init ] --START--
INFO: Run Behavior\BuildLiteBehavior [ RunTime:0.000021s ]
INFO: [ app_init ] --END-- [ RunTime:0.000115s ]
INFO: [ app_begin ] --START--
INFO: Run Behavior\ReadHtmlCacheBehavior [ RunTime:0.000728s ]
INFO: [ app_begin ] --END-- [ RunTime:0.000816s ]
INFO: [ view_parse ] --START--
INFO: [ template_filter ] --START--
INFO: Run Behavior\ContentReplaceBehavior [ RunTime:0.000080s ]
INFO: [ template_filter ] --END-- [ RunTime:0.000198s ]
INFO: Run Behavior\ParseTemplateBehavior [ RunTime:0.009935s ]
INFO: [ view_parse ] --END-- [ RunTime:0.010047s ]
INFO: [ view_filter ] --START--
INFO: Run Behavior\WriteHtmlCacheBehavior [ RunTime:0.000335s ]
INFO: [ view_filter ] --END-- [ RunTime:0.000418s ]
INFO: [ app_end ] --START--
INFO: Run Behavior\ShowPageTraceBehavior [ RunTime:0.000748s ]
INFO: [ app_end ] --END-- [ RunTime:0.000832s ]

[ 2016-09-01T00:21:06+08:00 ] 127.0.0.1 /index.php/Api/Index/sendCode.html?telphone=18330292598
INFO: [ app_init ] --START--
INFO: Run Behavior\BuildLiteBehavior [ RunTime:0.000021s ]
INFO: [ app_init ] --END-- [ RunTime:0.000108s ]
INFO: [ app_begin ] --START--
INFO: Run Behavior\ReadHtmlCacheBehavior [ RunTime:0.000961s ]
INFO: [ app_begin ] --END-- [ RunTime:0.001043s ]
NOTIC: [2] include_once(./CCPRestSmsSDK.php) [<a href='function.include-once'>function.include-once</a>]: failed to open stream: No such file or directory G:\wamp\tp\api\Application\Api\Controller\IndexController.class.php 第 130 行.
NOTIC: [2] include_once() [<a href='function.include'>function.include</a>]: Failed opening './CCPRestSmsSDK.php' for inclusion (include_path='.;C:\php\pear') G:\wamp\tp\api\Application\Api\Controller\IndexController.class.php 第 130 行.

[ 2016-09-01T00:23:58+08:00 ] 127.0.0.1 /index.php/Api/Index/register
INFO: [ app_init ] --START--
INFO: Run Behavior\BuildLiteBehavior [ RunTime:0.000017s ]
INFO: [ app_init ] --END-- [ RunTime:0.000094s ]
INFO: [ app_begin ] --START--
INFO: Run Behavior\ReadHtmlCacheBehavior [ RunTime:0.002109s ]
INFO: [ app_begin ] --END-- [ RunTime:0.002212s ]
INFO: [ view_parse ] --START--
INFO: [ template_filter ] --START--
INFO: Run Behavior\ContentReplaceBehavior [ RunTime:0.000066s ]
INFO: [ template_filter ] --END-- [ RunTime:0.000158s ]
INFO: Run Behavior\ParseTemplateBehavior [ RunTime:0.011525s ]
INFO: [ view_parse ] --END-- [ RunTime:0.011748s ]
INFO: [ view_filter ] --START--
INFO: Run Behavior\WriteHtmlCacheBehavior [ RunTime:0.000722s ]
INFO: [ view_filter ] --END-- [ RunTime:0.000811s ]
INFO: [ app_end ] --START--
INFO: Run Behavior\ShowPageTraceBehavior [ RunTime:0.000749s ]
INFO: [ app_end ] --END-- [ RunTime:0.000822s ]

[ 2016-09-01T00:24:01+08:00 ] 127.0.0.1 /index.php/Api/Index/sendCode.html?telphone=18330292598
INFO: [ app_init ] --START--
INFO: Run Behavior\BuildLiteBehavior [ RunTime:0.000019s ]
INFO: [ app_init ] --END-- [ RunTime:0.000104s ]
INFO: [ app_begin ] --START--
INFO: Run Behavior\ReadHtmlCacheBehavior [ RunTime:0.000739s ]
INFO: [ app_begin ] --END-- [ RunTime:0.000818s ]
NOTIC: [2] include_once(./CCPRestSmsSDK.php) [<a href='function.include-once'>function.include-once</a>]: failed to open stream: No such file or directory G:\wamp\tp\api\Application\Api\Controller\IndexController.class.php 第 131 行.
NOTIC: [2] include_once() [<a href='function.include'>function.include</a>]: Failed opening './CCPRestSmsSDK.php' for inclusion (include_path='.;C:\php\pear') G:\wamp\tp\api\Application\Api\Controller\IndexController.class.php 第 131 行.

[ 2016-09-01T00:27:37+08:00 ] 127.0.0.1 /index.php/Api/Index/register
INFO: [ app_init ] --START--
INFO: Run Behavior\BuildLiteBehavior [ RunTime:0.000022s ]
INFO: [ app_init ] --END-- [ RunTime:0.000113s ]
INFO: [ app_begin ] --START--
INFO: Run Behavior\ReadHtmlCacheBehavior [ RunTime:0.000979s ]
INFO: [ app_begin ] --END-- [ RunTime:0.001072s ]
NOTIC: [2] include_once(./vendor/CCPRestSmsSDK.php) [<a href='function.include-once'>function.include-once</a>]: failed to open stream: No such file or directory G:\wamp\tp\api\Application\Api\Controller\IndexController.class.php 第 6 行.
NOTIC: [2] include_once() [<a href='function.include'>function.include</a>]: Failed opening './vendor/CCPRestSmsSDK.php' for inclusion (include_path='.;C:\php\pear') G:\wamp\tp\api\Application\Api\Controller\IndexController.class.php 第 6 行.
INFO: [ view_parse ] --START--
INFO: [ template_filter ] --START--
INFO: Run Behavior\ContentReplaceBehavior [ RunTime:0.000104s ]
INFO: [ template_filter ] --END-- [ RunTime:0.000243s ]
INFO: Run Behavior\ParseTemplateBehavior [ RunTime:0.012012s ]
INFO: [ view_parse ] --END-- [ RunTime:0.012141s ]
INFO: [ view_filter ] --START--
INFO: Run Behavior\WriteHtmlCacheBehavior [ RunTime:0.000611s ]
INFO: [ view_filter ] --END-- [ RunTime:0.000703s ]
INFO: [ app_end ] --START--
INFO: Run Behavior\ShowPageTraceBehavior [ RunTime:0.000903s ]
INFO: [ app_end ] --END-- [ RunTime:0.000988s ]

[ 2016-09-01T00:27:39+08:00 ] 127.0.0.1 /index.php/Api/Index/sendCode.html?telphone=18330292598
INFO: [ app_init ] --START--
INFO: Run Behavior\BuildLiteBehavior [ RunTime:0.000019s ]
INFO: [ app_init ] --END-- [ RunTime:0.000110s ]
INFO: [ app_begin ] --START--
INFO: Run Behavior\ReadHtmlCacheBehavior [ RunTime:0.000727s ]
INFO: [ app_begin ] --END-- [ RunTime:0.000806s ]
NOTIC: [2] include_once(./vendor/CCPRestSmsSDK.php) [<a href='function.include-once'>function.include-once</a>]: failed to open stream: No such file or directory G:\wamp\tp\api\Application\Api\Controller\IndexController.class.php 第 6 行.
NOTIC: [2] include_once() [<a href='function.include'>function.include</a>]: Failed opening './vendor/CCPRestSmsSDK.php' for inclusion (include_path='.;C:\php\pear') G:\wamp\tp\api\Application\Api\Controller\IndexController.class.php 第 6 行.
NOTIC: [2] include_once(./CCPRestSmsSDK.php) [<a href='function.include-once'>function.include-once</a>]: failed to open stream: No such file or directory G:\wamp\tp\api\Application\Api\Controller\IndexController.class.php 第 132 行.
NOTIC: [2] include_once() [<a href='function.include'>function.include</a>]: Failed opening './CCPRestSmsSDK.php' for inclusion (include_path='.;C:\php\pear') G:\wamp\tp\api\Application\Api\Controller\IndexController.class.php 第 132 行.

[ 2016-09-01T00:27:46+08:00 ] 127.0.0.1 /index.php/Api/Index/register
INFO: [ app_init ] --START--
INFO: Run Behavior\BuildLiteBehavior [ RunTime:0.000067s ]
INFO: [ app_init ] --END-- [ RunTime:0.000204s ]
INFO: [ app_begin ] --START--
INFO: Run Behavior\ReadHtmlCacheBehavior [ RunTime:0.000761s ]
INFO: [ app_begin ] --END-- [ RunTime:0.000869s ]
NOTIC: [2] include_once(./vendor/CCPRestSmsSDK.php) [<a href='function.include-once'>function.include-once</a>]: failed to open stream: No such file or directory G:\wamp\tp\api\Application\Api\Controller\IndexController.class.php 第 6 行.
NOTIC: [2] include_once() [<a href='function.include'>function.include</a>]: Failed opening './vendor/CCPRestSmsSDK.php' for inclusion (include_path='.;C:\php\pear') G:\wamp\tp\api\Application\Api\Controller\IndexController.class.php 第 6 行.
INFO: [ view_parse ] --START--
INFO: [ template_filter ] --START--
INFO: Run Behavior\ContentReplaceBehavior [ RunTime:0.000078s ]
INFO: [ template_filter ] --END-- [ RunTime:0.000181s ]
INFO: Run Behavior\ParseTemplateBehavior [ RunTime:0.010253s ]
INFO: [ view_parse ] --END-- [ RunTime:0.010369s ]
INFO: [ view_filter ] --START--
INFO: Run Behavior\WriteHtmlCacheBehavior [ RunTime:0.000428s ]
INFO: [ view_filter ] --END-- [ RunTime:0.000514s ]
INFO: [ app_end ] --START--
INFO: Run Behavior\ShowPageTraceBehavior [ RunTime:0.000691s ]
INFO: [ app_end ] --END-- [ RunTime:0.000776s ]

[ 2016-09-01T00:27:49+08:00 ] 127.0.0.1 /index.php/Api/Index/sendCode.html?telphone=18330292598
INFO: [ app_init ] --START--
INFO: Run Behavior\BuildLiteBehavior [ RunTime:0.000021s ]
INFO: [ app_init ] --END-- [ RunTime:0.000109s ]
INFO: [ app_begin ] --START--
INFO: Run Behavior\ReadHtmlCacheBehavior [ RunTime:0.000742s ]
INFO: [ app_begin ] --END-- [ RunTime:0.000818s ]
NOTIC: [2] include_once(./vendor/CCPRestSmsSDK.php) [<a href='function.include-once'>function.include-once</a>]: failed to open stream: No such file or directory G:\wamp\tp\api\Application\Api\Controller\IndexController.class.php 第 6 行.
NOTIC: [2] include_once() [<a href='function.include'>function.include</a>]: Failed opening './vendor/CCPRestSmsSDK.php' for inclusion (include_path='.;C:\php\pear') G:\wamp\tp\api\Application\Api\Controller\IndexController.class.php 第 6 行.
NOTIC: [2] include_once(./CCPRestSmsSDK.php) [<a href='function.include-once'>function.include-once</a>]: failed to open stream: No such file or directory G:\wamp\tp\api\Application\Api\Controller\IndexController.class.php 第 132 行.
NOTIC: [2] include_once() [<a href='function.include'>function.include</a>]: Failed opening './CCPRestSmsSDK.php' for inclusion (include_path='.;C:\php\pear') G:\wamp\tp\api\Application\Api\Controller\IndexController.class.php 第 132 行.

[ 2016-09-01T00:29:02+08:00 ] 127.0.0.1 /index.php/Api/Index/register
INFO: [ app_init ] --START--
INFO: Run Behavior\BuildLiteBehavior [ RunTime:0.000021s ]
INFO: [ app_init ] --END-- [ RunTime:0.000130s ]
INFO: [ app_begin ] --START--
INFO: Run Behavior\ReadHtmlCacheBehavior [ RunTime:0.000853s ]
INFO: [ app_begin ] --END-- [ RunTime:0.000966s ]
NOTIC: [2] include_once(./vendor/CCPRestSmsSDK.php) [<a href='function.include-once'>function.include-once</a>]: failed to open stream: No such file or directory G:\wamp\tp\api\Application\Api\Controller\IndexController.class.php 第 6 行.
NOTIC: [2] include_once() [<a href='function.include'>function.include</a>]: Failed opening './vendor/CCPRestSmsSDK.php' for inclusion (include_path='.;C:\php\pear') G:\wamp\tp\api\Application\Api\Controller\IndexController.class.php 第 6 行.
INFO: [ view_parse ] --START--
INFO: [ template_filter ] --START--
INFO: Run Behavior\ContentReplaceBehavior [ RunTime:0.000066s ]
INFO: [ template_filter ] --END-- [ RunTime:0.000185s ]
INFO: Run Behavior\ParseTemplateBehavior [ RunTime:0.009129s ]
INFO: [ view_parse ] --END-- [ RunTime:0.009235s ]
INFO: [ view_filter ] --START--
INFO: Run Behavior\WriteHtmlCacheBehavior [ RunTime:0.000327s ]
INFO: [ view_filter ] --END-- [ RunTime:0.000416s ]
INFO: [ app_end ] --START--
INFO: Run Behavior\ShowPageTraceBehavior [ RunTime:0.000807s ]
INFO: [ app_end ] --END-- [ RunTime:0.000902s ]

[ 2016-09-01T00:29:05+08:00 ] 127.0.0.1 /index.php/Api/Index/sendCode.html?telphone=18330292598
INFO: [ app_init ] --START--
INFO: Run Behavior\BuildLiteBehavior [ RunTime:0.000020s ]
INFO: [ app_init ] --END-- [ RunTime:0.000111s ]
INFO: [ app_begin ] --START--
INFO: Run Behavior\ReadHtmlCacheBehavior [ RunTime:0.000592s ]
INFO: [ app_begin ] --END-- [ RunTime:0.000658s ]
NOTIC: [2] include_once(./vendor/CCPRestSmsSDK.php) [<a href='function.include-once'>function.include-once</a>]: failed to open stream: No such file or directory G:\wamp\tp\api\Application\Api\Controller\IndexController.class.php 第 6 行.
NOTIC: [2] include_once() [<a href='function.include'>function.include</a>]: Failed opening './vendor/CCPRestSmsSDK.php' for inclusion (include_path='.;C:\php\pear') G:\wamp\tp\api\Application\Api\Controller\IndexController.class.php 第 6 行.
NOTIC: [2] include_once(./CCPRestSmsSDK.php) [<a href='function.include-once'>function.include-once</a>]: failed to open stream: No such file or directory G:\wamp\tp\api\Application\Api\Controller\IndexController.class.php 第 132 行.
NOTIC: [2] include_once() [<a href='function.include'>function.include</a>]: Failed opening './CCPRestSmsSDK.php' for inclusion (include_path='.;C:\php\pear') G:\wamp\tp\api\Application\Api\Controller\IndexController.class.php 第 132 行.

[ 2016-09-01T00:29:20+08:00 ] 127.0.0.1 /index.php/Api/Index/register
INFO: [ app_init ] --START--
INFO: Run Behavior\BuildLiteBehavior [ RunTime:0.000106s ]
INFO: [ app_init ] --END-- [ RunTime:0.000453s ]
INFO: [ app_begin ] --START--
INFO: Run Behavior\ReadHtmlCacheBehavior [ RunTime:0.001463s ]
INFO: [ app_begin ] --END-- [ RunTime:0.001595s ]
NOTIC: [2] include_once(./vendor/CCPRestSmsSDK.php) [<a href='function.include-once'>function.include-once</a>]: failed to open stream: No such file or directory G:\wamp\tp\api\Application\Api\Controller\IndexController.class.php 第 6 行.
NOTIC: [2] include_once() [<a href='function.include'>function.include</a>]: Failed opening './vendor/CCPRestSmsSDK.php' for inclusion (include_path='.;C:\php\pear') G:\wamp\tp\api\Application\Api\Controller\IndexController.class.php 第 6 行.
INFO: [ view_parse ] --START--
INFO: [ template_filter ] --START--
INFO: Run Behavior\ContentReplaceBehavior [ RunTime:0.000153s ]
INFO: [ template_filter ] --END-- [ RunTime:0.000310s ]
INFO: Run Behavior\ParseTemplateBehavior [ RunTime:0.013186s ]
INFO: [ view_parse ] --END-- [ RunTime:0.013291s ]
INFO: [ view_filter ] --START--
INFO: Run Behavior\WriteHtmlCacheBehavior [ RunTime:0.000445s ]
INFO: [ view_filter ] --END-- [ RunTime:0.000519s ]
INFO: [ app_end ] --START--
INFO: Run Behavior\ShowPageTraceBehavior [ RunTime:0.001111s ]
INFO: [ app_end ] --END-- [ RunTime:0.001217s ]

[ 2016-09-01T00:29:23+08:00 ] 127.0.0.1 /index.php/Api/Index/sendCode.html?telphone=18330292598
INFO: [ app_init ] --START--
INFO: Run Behavior\BuildLiteBehavior [ RunTime:0.000020s ]
INFO: [ app_init ] --END-- [ RunTime:0.000109s ]
INFO: [ app_begin ] --START--
INFO: Run Behavior\ReadHtmlCacheBehavior [ RunTime:0.000774s ]
INFO: [ app_begin ] --END-- [ RunTime:0.000868s ]
NOTIC: [2] include_once(./vendor/CCPRestSmsSDK.php) [<a href='function.include-once'>function.include-once</a>]: failed to open stream: No such file or directory G:\wamp\tp\api\Application\Api\Controller\IndexController.class.php 第 6 行.
NOTIC: [2] include_once() [<a href='function.include'>function.include</a>]: Failed opening './vendor/CCPRestSmsSDK.php' for inclusion (include_path='.;C:\php\pear') G:\wamp\tp\api\Application\Api\Controller\IndexController.class.php 第 6 行.
NOTIC: [2] include_once(./CCPRestSmsSDK.php) [<a href='function.include-once'>function.include-once</a>]: failed to open stream: No such file or directory G:\wamp\tp\api\Application\Api\Controller\IndexController.class.php 第 132 行.
NOTIC: [2] include_once() [<a href='function.include'>function.include</a>]: Failed opening './CCPRestSmsSDK.php' for inclusion (include_path='.;C:\php\pear') G:\wamp\tp\api\Application\Api\Controller\IndexController.class.php 第 132 行.

[ 2016-09-01T00:29:56+08:00 ] 127.0.0.1 /index.php/Api/Index/register
INFO: [ app_init ] --START--
INFO: Run Behavior\BuildLiteBehavior [ RunTime:0.000021s ]
INFO: [ app_init ] --END-- [ RunTime:0.000111s ]
INFO: [ app_begin ] --START--
INFO: Run Behavior\ReadHtmlCacheBehavior [ RunTime:0.001053s ]
INFO: [ app_begin ] --END-- [ RunTime:0.001188s ]
NOTIC: [2] include_once(./vendor/CCPRestSmsSDK.php) [<a href='function.include-once'>function.include-once</a>]: failed to open stream: No such file or directory G:\wamp\tp\api\Application\Api\Controller\IndexController.class.php 第 6 行.
NOTIC: [2] include_once() [<a href='function.include'>function.include</a>]: Failed opening './vendor/CCPRestSmsSDK.php' for inclusion (include_path='.;C:\php\pear') G:\wamp\tp\api\Application\Api\Controller\IndexController.class.php 第 6 行.
INFO: [ view_parse ] --START--
INFO: [ template_filter ] --START--
INFO: Run Behavior\ContentReplaceBehavior [ RunTime:0.000081s ]
INFO: [ template_filter ] --END-- [ RunTime:0.000191s ]
INFO: Run Behavior\ParseTemplateBehavior [ RunTime:0.011231s ]
INFO: [ view_parse ] --END-- [ RunTime:0.011368s ]
INFO: [ view_filter ] --START--
INFO: Run Behavior\WriteHtmlCacheBehavior [ RunTime:0.000472s ]
INFO: [ view_filter ] --END-- [ RunTime:0.000572s ]
INFO: [ app_end ] --START--
INFO: Run Behavior\ShowPageTraceBehavior [ RunTime:0.001152s ]
INFO: [ app_end ] --END-- [ RunTime:0.001333s ]

[ 2016-09-01T00:29:59+08:00 ] 127.0.0.1 /index.php/Api/Index/sendCode.html?telphone=18330292598
INFO: [ app_init ] --START--
INFO: Run Behavior\BuildLiteBehavior [ RunTime:0.000025s ]
INFO: [ app_init ] --END-- [ RunTime:0.000138s ]
INFO: [ app_begin ] --START--
INFO: Run Behavior\ReadHtmlCacheBehavior [ RunTime:0.000924s ]
INFO: [ app_begin ] --END-- [ RunTime:0.001028s ]
NOTIC: [2] include_once(./vendor/CCPRestSmsSDK.php) [<a href='function.include-once'>function.include-once</a>]: failed to open stream: No such file or directory G:\wamp\tp\api\Application\Api\Controller\IndexController.class.php 第 6 行.
NOTIC: [2] include_once() [<a href='function.include'>function.include</a>]: Failed opening './vendor/CCPRestSmsSDK.php' for inclusion (include_path='.;C:\php\pear') G:\wamp\tp\api\Application\Api\Controller\IndexController.class.php 第 6 行.
NOTIC: [2] include_once(./CCPRestSmsSDK.php) [<a href='function.include-once'>function.include-once</a>]: failed to open stream: No such file or directory G:\wamp\tp\api\Application\Api\Controller\IndexController.class.php 第 132 行.
NOTIC: [2] include_once() [<a href='function.include'>function.include</a>]: Failed opening './CCPRestSmsSDK.php' for inclusion (include_path='.;C:\php\pear') G:\wamp\tp\api\Application\Api\Controller\IndexController.class.php 第 132 行.

[ 2016-09-01T00:31:44+08:00 ] 127.0.0.1 /index.php/Api/Index/register
INFO: [ app_init ] --START--
INFO: Run Behavior\BuildLiteBehavior [ RunTime:0.000028s ]
INFO: [ app_init ] --END-- [ RunTime:0.000153s ]
INFO: [ app_begin ] --START--
INFO: Run Behavior\ReadHtmlCacheBehavior [ RunTime:0.001038s ]
INFO: [ app_begin ] --END-- [ RunTime:0.001153s ]
NOTIC: [2] include_once(./vendor/CCPRestSmsSDK.php) [<a href='function.include-once'>function.include-once</a>]: failed to open stream: No such file or directory G:\wamp\tp\api\Application\Api\Controller\IndexController.class.php 第 6 行.
NOTIC: [2] include_once() [<a href='function.include'>function.include</a>]: Failed opening './vendor/CCPRestSmsSDK.php' for inclusion (include_path='.;C:\php\pear') G:\wamp\tp\api\Application\Api\Controller\IndexController.class.php 第 6 行.
INFO: [ view_parse ] --START--
INFO: [ template_filter ] --START--
INFO: Run Behavior\ContentReplaceBehavior [ RunTime:0.000069s ]
INFO: [ template_filter ] --END-- [ RunTime:0.000166s ]
INFO: Run Behavior\ParseTemplateBehavior [ RunTime:0.015342s ]
INFO: [ view_parse ] --END-- [ RunTime:0.015458s ]
INFO: [ view_filter ] --START--
INFO: Run Behavior\WriteHtmlCacheBehavior [ RunTime:0.000446s ]
INFO: [ view_filter ] --END-- [ RunTime:0.000528s ]
INFO: [ app_end ] --START--
INFO: Run Behavior\ShowPageTraceBehavior [ RunTime:0.001002s ]
INFO: [ app_end ] --END-- [ RunTime:0.001106s ]

[ 2016-09-01T00:31:46+08:00 ] 127.0.0.1 /index.php/Api/Index/sendCode.html?telphone=18330292598
INFO: [ app_init ] --START--
INFO: Run Behavior\BuildLiteBehavior [ RunTime:0.000020s ]
INFO: [ app_init ] --END-- [ RunTime:0.000108s ]
INFO: [ app_begin ] --START--
INFO: Run Behavior\ReadHtmlCacheBehavior [ RunTime:0.000870s ]
INFO: [ app_begin ] --END-- [ RunTime:0.000963s ]
NOTIC: [2] include_once(./vendor/CCPRestSmsSDK.php) [<a href='function.include-once'>function.include-once</a>]: failed to open stream: No such file or directory G:\wamp\tp\api\Application\Api\Controller\IndexController.class.php 第 6 行.
NOTIC: [2] include_once() [<a href='function.include'>function.include</a>]: Failed opening './vendor/CCPRestSmsSDK.php' for inclusion (include_path='.;C:\php\pear') G:\wamp\tp\api\Application\Api\Controller\IndexController.class.php 第 6 行.
NOTIC: [2] include_once(./CCPRestSmsSDK.php) [<a href='function.include-once'>function.include-once</a>]: failed to open stream: No such file or directory G:\wamp\tp\api\Application\Api\Controller\IndexController.class.php 第 132 行.
NOTIC: [2] include_once() [<a href='function.include'>function.include</a>]: Failed opening './CCPRestSmsSDK.php' for inclusion (include_path='.;C:\php\pear') G:\wamp\tp\api\Application\Api\Controller\IndexController.class.php 第 132 行.

[ 2016-09-01T00:32:59+08:00 ] 127.0.0.1 /index.php/Api/Index/register
INFO: [ app_init ] --START--
INFO: Run Behavior\BuildLiteBehavior [ RunTime:0.000026s ]
INFO: [ app_init ] --END-- [ RunTime:0.000142s ]
INFO: [ app_begin ] --START--
INFO: Run Behavior\ReadHtmlCacheBehavior [ RunTime:0.000991s ]
INFO: [ app_begin ] --END-- [ RunTime:0.001113s ]
NOTIC: [2] include_once(./vendor/CCPRestSmsSDK.php) [<a href='function.include-once'>function.include-once</a>]: failed to open stream: No such file or directory G:\wamp\tp\api\Application\Api\Controller\IndexController.class.php 第 6 行.
NOTIC: [2] include_once() [<a href='function.include'>function.include</a>]: Failed opening './vendor/CCPRestSmsSDK.php' for inclusion (include_path='.;C:\php\pear') G:\wamp\tp\api\Application\Api\Controller\IndexController.class.php 第 6 行.
INFO: [ view_parse ] --START--
INFO: [ template_filter ] --START--
INFO: Run Behavior\ContentReplaceBehavior [ RunTime:0.000081s ]
INFO: [ template_filter ] --END-- [ RunTime:0.000196s ]
INFO: Run Behavior\ParseTemplateBehavior [ RunTime:0.012795s ]
INFO: [ view_parse ] --END-- [ RunTime:0.012937s ]
INFO: [ view_filter ] --START--
INFO: Run Behavior\WriteHtmlCacheBehavior [ RunTime:0.000361s ]
INFO: [ view_filter ] --END-- [ RunTime:0.000445s ]
INFO: [ app_end ] --START--
INFO: Run Behavior\ShowPageTraceBehavior [ RunTime:0.000755s ]
INFO: [ app_end ] --END-- [ RunTime:0.000841s ]

[ 2016-09-01T00:33:01+08:00 ] 127.0.0.1 /index.php/Api/Index/sendCode.html?telphone=18330292598
INFO: [ app_init ] --START--
INFO: Run Behavior\BuildLiteBehavior [ RunTime:0.000020s ]
INFO: [ app_init ] --END-- [ RunTime:0.000109s ]
INFO: [ app_begin ] --START--
INFO: Run Behavior\ReadHtmlCacheBehavior [ RunTime:0.000754s ]
INFO: [ app_begin ] --END-- [ RunTime:0.000837s ]
NOTIC: [2] include_once(./vendor/CCPRestSmsSDK.php) [<a href='function.include-once'>function.include-once</a>]: failed to open stream: No such file or directory G:\wamp\tp\api\Application\Api\Controller\IndexController.class.php 第 6 行.
NOTIC: [2] include_once() [<a href='function.include'>function.include</a>]: Failed opening './vendor/CCPRestSmsSDK.php' for inclusion (include_path='.;C:\php\pear') G:\wamp\tp\api\Application\Api\Controller\IndexController.class.php 第 6 行.
NOTIC: [2] include_once(./CCPRestSmsSDK.php) [<a href='function.include-once'>function.include-once</a>]: failed to open stream: No such file or directory G:\wamp\tp\api\Application\Api\Controller\IndexController.class.php 第 132 行.
NOTIC: [2] include_once() [<a href='function.include'>function.include</a>]: Failed opening './CCPRestSmsSDK.php' for inclusion (include_path='.;C:\php\pear') G:\wamp\tp\api\Application\Api\Controller\IndexController.class.php 第 132 行.

[ 2016-09-01T00:34:26+08:00 ] 127.0.0.1 /index.php/Api/Index/register
INFO: [ app_init ] --START--
INFO: Run Behavior\BuildLiteBehavior [ RunTime:0.000030s ]
INFO: [ app_init ] --END-- [ RunTime:0.000220s ]
INFO: [ app_begin ] --START--
INFO: Run Behavior\ReadHtmlCacheBehavior [ RunTime:0.001304s ]
INFO: [ app_begin ] --END-- [ RunTime:0.001464s ]
NOTIC: [2] include_once(./vendor/CCPRestSmsSDK.php) [<a href='function.include-once'>function.include-once</a>]: failed to open stream: No such file or directory G:\wamp\tp\api\Application\Api\Controller\IndexController.class.php 第 6 行.
NOTIC: [2] include_once() [<a href='function.include'>function.include</a>]: Failed opening './vendor/CCPRestSmsSDK.php' for inclusion (include_path='.;C:\php\pear') G:\wamp\tp\api\Application\Api\Controller\IndexController.class.php 第 6 行.
INFO: [ view_parse ] --START--
INFO: [ template_filter ] --START--
INFO: Run Behavior\ContentReplaceBehavior [ RunTime:0.000079s ]
INFO: [ template_filter ] --END-- [ RunTime:0.000187s ]
INFO: Run Behavior\ParseTemplateBehavior [ RunTime:0.012907s ]
INFO: [ view_parse ] --END-- [ RunTime:0.013062s ]
INFO: [ view_filter ] --START--
INFO: Run Behavior\WriteHtmlCacheBehavior [ RunTime:0.000719s ]
INFO: [ view_filter ] --END-- [ RunTime:0.000838s ]
INFO: [ app_end ] --START--
INFO: Run Behavior\ShowPageTraceBehavior [ RunTime:0.001147s ]
INFO: [ app_end ] --END-- [ RunTime:0.001253s ]

[ 2016-09-01T00:34:29+08:00 ] 127.0.0.1 /index.php/Api/Index/sendCode.html?telphone=18330292598
INFO: [ app_init ] --START--
INFO: Run Behavior\BuildLiteBehavior [ RunTime:0.000026s ]
INFO: [ app_init ] --END-- [ RunTime:0.000143s ]
INFO: [ app_begin ] --START--
INFO: Run Behavior\ReadHtmlCacheBehavior [ RunTime:0.000796s ]
INFO: [ app_begin ] --END-- [ RunTime:0.000884s ]
NOTIC: [2] include_once(./vendor/CCPRestSmsSDK.php) [<a href='function.include-once'>function.include-once</a>]: failed to open stream: No such file or directory G:\wamp\tp\api\Application\Api\Controller\IndexController.class.php 第 6 行.
NOTIC: [2] include_once() [<a href='function.include'>function.include</a>]: Failed opening './vendor/CCPRestSmsSDK.php' for inclusion (include_path='.;C:\php\pear') G:\wamp\tp\api\Application\Api\Controller\IndexController.class.php 第 6 行.
NOTIC: [2] include_once(./CCPRestSmsSDK.php) [<a href='function.include-once'>function.include-once</a>]: failed to open stream: No such file or directory G:\wamp\tp\api\Application\Api\Controller\IndexController.class.php 第 132 行.
NOTIC: [2] include_once() [<a href='function.include'>function.include</a>]: Failed opening './CCPRestSmsSDK.php' for inclusion (include_path='.;C:\php\pear') G:\wamp\tp\api\Application\Api\Controller\IndexController.class.php 第 132 行.

[ 2016-09-01T00:40:45+08:00 ] 127.0.0.1 /index.php/Api/Index/register
INFO: [ app_init ] --START--
INFO: Run Behavior\BuildLiteBehavior [ RunTime:0.000022s ]
INFO: [ app_init ] --END-- [ RunTime:0.000120s ]
INFO: [ app_begin ] --START--
INFO: Run Behavior\ReadHtmlCacheBehavior [ RunTime:0.001181s ]
INFO: [ app_begin ] --END-- [ RunTime:0.001310s ]
NOTIC: [2] include_once(./vendor/CCPRestSmsSDK.php) [<a href='function.include-once'>function.include-once</a>]: failed to open stream: No such file or directory G:\wamp\tp\api\Application\Api\Controller\IndexController.class.php 第 6 行.
NOTIC: [2] include_once() [<a href='function.include'>function.include</a>]: Failed opening './vendor/CCPRestSmsSDK.php' for inclusion (include_path='.;C:\php\pear') G:\wamp\tp\api\Application\Api\Controller\IndexController.class.php 第 6 行.
INFO: [ view_parse ] --START--
INFO: [ template_filter ] --START--
INFO: Run Behavior\ContentReplaceBehavior [ RunTime:0.000081s ]
INFO: [ template_filter ] --END-- [ RunTime:0.000192s ]
INFO: Run Behavior\ParseTemplateBehavior [ RunTime:0.013323s ]
INFO: [ view_parse ] --END-- [ RunTime:0.013439s ]
INFO: [ view_filter ] --START--
INFO: Run Behavior\WriteHtmlCacheBehavior [ RunTime:0.000490s ]
INFO: [ view_filter ] --END-- [ RunTime:0.000574s ]
INFO: [ app_end ] --START--
INFO: Run Behavior\ShowPageTraceBehavior [ RunTime:0.000971s ]
INFO: [ app_end ] --END-- [ RunTime:0.001075s ]

[ 2016-09-01T00:40:47+08:00 ] 127.0.0.1 /index.php/Api/Index/sendCode.html?telphone=18330292598
INFO: [ app_init ] --START--
INFO: Run Behavior\BuildLiteBehavior [ RunTime:0.000020s ]
INFO: [ app_init ] --END-- [ RunTime:0.000111s ]
INFO: [ app_begin ] --START--
INFO: Run Behavior\ReadHtmlCacheBehavior [ RunTime:0.000752s ]
INFO: [ app_begin ] --END-- [ RunTime:0.000833s ]
NOTIC: [2] include_once(./vendor/CCPRestSmsSDK.php) [<a href='function.include-once'>function.include-once</a>]: failed to open stream: No such file or directory G:\wamp\tp\api\Application\Api\Controller\IndexController.class.php 第 6 行.
NOTIC: [2] include_once() [<a href='function.include'>function.include</a>]: Failed opening './vendor/CCPRestSmsSDK.php' for inclusion (include_path='.;C:\php\pear') G:\wamp\tp\api\Application\Api\Controller\IndexController.class.php 第 6 行.
NOTIC: [2] include_once(./CCPRestSmsSDK.php) [<a href='function.include-once'>function.include-once</a>]: failed to open stream: No such file or directory G:\wamp\tp\api\Application\Api\Controller\IndexController.class.php 第 132 行.
NOTIC: [2] include_once() [<a href='function.include'>function.include</a>]: Failed opening './CCPRestSmsSDK.php' for inclusion (include_path='.;C:\php\pear') G:\wamp\tp\api\Application\Api\Controller\IndexController.class.php 第 132 行.

[ 2016-09-01T00:42:12+08:00 ] 127.0.0.1 /index.php/Api/Index/register
INFO: [ app_init ] --START--
INFO: Run Behavior\BuildLiteBehavior [ RunTime:0.000023s ]
INFO: [ app_init ] --END-- [ RunTime:0.000116s ]
INFO: [ app_begin ] --START--
INFO: Run Behavior\ReadHtmlCacheBehavior [ RunTime:0.001087s ]
INFO: [ app_begin ] --END-- [ RunTime:0.001240s ]
NOTIC: [2] include_once(./vendor/CCPRestSmsSDK.php) [<a href='function.include-once'>function.include-once</a>]: failed to open stream: No such file or directory G:\wamp\tp\api\Application\Api\Controller\IndexController.class.php 第 6 行.
NOTIC: [2] include_once() [<a href='function.include'>function.include</a>]: Failed opening './vendor/CCPRestSmsSDK.php' for inclusion (include_path='.;C:\php\pear') G:\wamp\tp\api\Application\Api\Controller\IndexController.class.php 第 6 行.
INFO: [ view_parse ] --START--
INFO: [ template_filter ] --START--
INFO: Run Behavior\ContentReplaceBehavior [ RunTime:0.000081s ]
INFO: [ template_filter ] --END-- [ RunTime:0.000198s ]
INFO: Run Behavior\ParseTemplateBehavior [ RunTime:0.013183s ]
INFO: [ view_parse ] --END-- [ RunTime:0.013445s ]
INFO: [ view_filter ] --START--
INFO: Run Behavior\WriteHtmlCacheBehavior [ RunTime:0.000359s ]
INFO: [ view_filter ] --END-- [ RunTime:0.000446s ]
INFO: [ app_end ] --START--
INFO: Run Behavior\ShowPageTraceBehavior [ RunTime:0.000728s ]
INFO: [ app_end ] --END-- [ RunTime:0.000821s ]

[ 2016-09-01T00:42:15+08:00 ] 127.0.0.1 /index.php/Api/Index/sendCode.html?telphone=18330292598
INFO: [ app_init ] --START--
INFO: Run Behavior\BuildLiteBehavior [ RunTime:0.000025s ]
INFO: [ app_init ] --END-- [ RunTime:0.000135s ]
INFO: [ app_begin ] --START--
INFO: Run Behavior\ReadHtmlCacheBehavior [ RunTime:0.001076s ]
INFO: [ app_begin ] --END-- [ RunTime:0.001224s ]
NOTIC: [2] include_once(./vendor/CCPRestSmsSDK.php) [<a href='function.include-once'>function.include-once</a>]: failed to open stream: No such file or directory G:\wamp\tp\api\Application\Api\Controller\IndexController.class.php 第 6 行.
NOTIC: [2] include_once() [<a href='function.include'>function.include</a>]: Failed opening './vendor/CCPRestSmsSDK.php' for inclusion (include_path='.;C:\php\pear') G:\wamp\tp\api\Application\Api\Controller\IndexController.class.php 第 6 行.
NOTIC: [2] include_once(./CCPRestSmsSDK.php) [<a href='function.include-once'>function.include-once</a>]: failed to open stream: No such file or directory G:\wamp\tp\api\Application\Api\Controller\IndexController.class.php 第 132 行.
NOTIC: [2] include_once() [<a href='function.include'>function.include</a>]: Failed opening './CCPRestSmsSDK.php' for inclusion (include_path='.;C:\php\pear') G:\wamp\tp\api\Application\Api\Controller\IndexController.class.php 第 132 行.
INFO: [ app_end ] --START--
INFO: Run Behavior\ShowPageTraceBehavior [ RunTime:0.002155s ]
INFO: [ app_end ] --END-- [ RunTime:0.002365s ]

[ 2016-09-01T00:47:22+08:00 ] 127.0.0.1 /index.php/Api/Index/register
INFO: [ app_init ] --START--
INFO: Run Behavior\BuildLiteBehavior [ RunTime:0.000030s ]
INFO: [ app_init ] --END-- [ RunTime:0.000152s ]
INFO: [ app_begin ] --START--
INFO: Run Behavior\ReadHtmlCacheBehavior [ RunTime:0.001307s ]
INFO: [ app_begin ] --END-- [ RunTime:0.001458s ]
NOTIC: [2] include_once(./vendor/CCPRestSmsSDK.php) [<a href='function.include-once'>function.include-once</a>]: failed to open stream: No such file or directory G:\wamp\tp\api\Application\Api\Controller\IndexController.class.php 第 5 行.
NOTIC: [2] include_once() [<a href='function.include'>function.include</a>]: Failed opening './vendor/CCPRestSmsSDK.php' for inclusion (include_path='.;C:\php\pear') G:\wamp\tp\api\Application\Api\Controller\IndexController.class.php 第 5 行.
INFO: [ view_parse ] --START--
INFO: [ template_filter ] --START--
INFO: Run Behavior\ContentReplaceBehavior [ RunTime:0.000082s ]
INFO: [ template_filter ] --END-- [ RunTime:0.000199s ]
INFO: Run Behavior\ParseTemplateBehavior [ RunTime:0.013500s ]
INFO: [ view_parse ] --END-- [ RunTime:0.013616s ]
INFO: [ view_filter ] --START--
INFO: Run Behavior\WriteHtmlCacheBehavior [ RunTime:0.000487s ]
INFO: [ view_filter ] --END-- [ RunTime:0.000569s ]
INFO: [ app_end ] --START--
INFO: Run Behavior\ShowPageTraceBehavior [ RunTime:0.000871s ]
INFO: [ app_end ] --END-- [ RunTime:0.000974s ]

[ 2016-09-01T00:47:32+08:00 ] 127.0.0.1 /index.php/Api/Index/sendCode.html?telphone=18330292598
INFO: [ app_init ] --START--
INFO: Run Behavior\BuildLiteBehavior [ RunTime:0.000020s ]
INFO: [ app_init ] --END-- [ RunTime:0.000106s ]
INFO: [ app_begin ] --START--
INFO: Run Behavior\ReadHtmlCacheBehavior [ RunTime:0.000705s ]
INFO: [ app_begin ] --END-- [ RunTime:0.000784s ]
NOTIC: [2] include_once(./vendor/CCPRestSmsSDK.php) [<a href='function.include-once'>function.include-once</a>]: failed to open stream: No such file or directory G:\wamp\tp\api\Application\Api\Controller\IndexController.class.php 第 5 行.
NOTIC: [2] include_once() [<a href='function.include'>function.include</a>]: Failed opening './vendor/CCPRestSmsSDK.php' for inclusion (include_path='.;C:\php\pear') G:\wamp\tp\api\Application\Api\Controller\IndexController.class.php 第 5 行.
NOTIC: [2] include_once(./CCPRestSmsSDK.php) [<a href='function.include-once'>function.include-once</a>]: failed to open stream: No such file or directory G:\wamp\tp\api\Application\Api\Controller\IndexController.class.php 第 131 行.
NOTIC: [2] include_once() [<a href='function.include'>function.include</a>]: Failed opening './CCPRestSmsSDK.php' for inclusion (include_path='.;C:\php\pear') G:\wamp\tp\api\Application\Api\Controller\IndexController.class.php 第 131 行.
INFO: [ app_end ] --START--
INFO: Run Behavior\ShowPageTraceBehavior [ RunTime:0.001361s ]
INFO: [ app_end ] --END-- [ RunTime:0.001653s ]

[ 2016-09-01T00:48:29+08:00 ] 127.0.0.1 /index.php/Api/Index/register
INFO: [ app_init ] --START--
INFO: Run Behavior\BuildLiteBehavior [ RunTime:0.000045s ]
INFO: [ app_init ] --END-- [ RunTime:0.000539s ]
INFO: [ app_begin ] --START--
INFO: Run Behavior\ReadHtmlCacheBehavior [ RunTime:0.000736s ]
INFO: [ app_begin ] --END-- [ RunTime:0.000830s ]
NOTIC: [2] include_once(./vendor/CCPRestSmsSDK.php) [<a href='function.include-once'>function.include-once</a>]: failed to open stream: No such file or directory G:\wamp\tp\api\Application\Api\Controller\IndexController.class.php 第 5 行.
NOTIC: [2] include_once() [<a href='function.include'>function.include</a>]: Failed opening './vendor/CCPRestSmsSDK.php' for inclusion (include_path='.;C:\php\pear') G:\wamp\tp\api\Application\Api\Controller\IndexController.class.php 第 5 行.
INFO: [ view_parse ] --START--
INFO: [ template_filter ] --START--
INFO: Run Behavior\ContentReplaceBehavior [ RunTime:0.000080s ]
INFO: [ template_filter ] --END-- [ RunTime:0.000188s ]
INFO: Run Behavior\ParseTemplateBehavior [ RunTime:0.013001s ]
INFO: [ view_parse ] --END-- [ RunTime:0.013134s ]
INFO: [ view_filter ] --START--
INFO: Run Behavior\WriteHtmlCacheBehavior [ RunTime:0.000515s ]
INFO: [ view_filter ] --END-- [ RunTime:0.000701s ]
INFO: [ app_end ] --START--
INFO: Run Behavior\ShowPageTraceBehavior [ RunTime:0.000899s ]
INFO: [ app_end ] --END-- [ RunTime:0.000984s ]

[ 2016-09-01T00:48:32+08:00 ] 127.0.0.1 /index.php/Api/Index/sendCode.html?telphone=18330292598
INFO: [ app_init ] --START--
INFO: Run Behavior\BuildLiteBehavior [ RunTime:0.000020s ]
INFO: [ app_init ] --END-- [ RunTime:0.000107s ]
INFO: [ app_begin ] --START--
INFO: Run Behavior\ReadHtmlCacheBehavior [ RunTime:0.000695s ]
INFO: [ app_begin ] --END-- [ RunTime:0.000775s ]
NOTIC: [2] include_once(./vendor/CCPRestSmsSDK.php) [<a href='function.include-once'>function.include-once</a>]: failed to open stream: No such file or directory G:\wamp\tp\api\Application\Api\Controller\IndexController.class.php 第 5 行.
NOTIC: [2] include_once() [<a href='function.include'>function.include</a>]: Failed opening './vendor/CCPRestSmsSDK.php' for inclusion (include_path='.;C:\php\pear') G:\wamp\tp\api\Application\Api\Controller\IndexController.class.php 第 5 行.
NOTIC: [2] include_once(./CCPRestSmsSDK.php) [<a href='function.include-once'>function.include-once</a>]: failed to open stream: No such file or directory G:\wamp\tp\api\Application\Api\Controller\IndexController.class.php 第 131 行.
NOTIC: [2] include_once() [<a href='function.include'>function.include</a>]: Failed opening './CCPRestSmsSDK.php' for inclusion (include_path='.;C:\php\pear') G:\wamp\tp\api\Application\Api\Controller\IndexController.class.php 第 131 行.
INFO: [ app_end ] --START--
INFO: Run Behavior\ShowPageTraceBehavior [ RunTime:0.001371s ]
INFO: [ app_end ] --END-- [ RunTime:0.001546s ]

[ 2016-09-01T00:49:49+08:00 ] 127.0.0.1 /index.php/Api/User/register
INFO: [ app_init ] --START--
INFO: Run Behavior\BuildLiteBehavior [ RunTime:0.000027s ]
INFO: [ app_init ] --END-- [ RunTime:0.000143s ]
INFO: [ app_begin ] --START--
INFO: Run Behavior\ReadHtmlCacheBehavior [ RunTime:0.002350s ]
INFO: [ app_begin ] --END-- [ RunTime:0.002495s ]
ERR: _CONTROLLER_NOT_EXIST_:User

[ 2016-09-01T00:51:15+08:00 ] 127.0.0.1 /index.php/Api/User/register
INFO: [ app_init ] --START--
INFO: Run Behavior\BuildLiteBehavior [ RunTime:0.000026s ]
INFO: [ app_init ] --END-- [ RunTime:0.000139s ]
INFO: [ app_begin ] --START--
INFO: Run Behavior\ReadHtmlCacheBehavior [ RunTime:0.001100s ]
INFO: [ app_begin ] --END-- [ RunTime:0.001239s ]
INFO: [ view_parse ] --START--
INFO: [ template_filter ] --START--
INFO: Run Behavior\ContentReplaceBehavior [ RunTime:0.000091s ]
INFO: [ template_filter ] --END-- [ RunTime:0.000211s ]
INFO: Run Behavior\ParseTemplateBehavior [ RunTime:0.015877s ]
INFO: [ view_parse ] --END-- [ RunTime:0.016025s ]
INFO: [ view_filter ] --START--
INFO: Run Behavior\WriteHtmlCacheBehavior [ RunTime:0.000823s ]
INFO: [ view_filter ] --END-- [ RunTime:0.000941s ]
INFO: [ app_end ] --START--
INFO: Run Behavior\ShowPageTraceBehavior [ RunTime:0.000902s ]
INFO: [ app_end ] --END-- [ RunTime:0.000991s ]

[ 2016-09-01T00:51:23+08:00 ] 127.0.0.1 /index.php/Api/User/send.html?telphone=18330292598
INFO: [ app_init ] --START--
INFO: Run Behavior\BuildLiteBehavior [ RunTime:0.000026s ]
INFO: [ app_init ] --END-- [ RunTime:0.000139s ]
INFO: [ app_begin ] --START--
INFO: Run Behavior\ReadHtmlCacheBehavior [ RunTime:0.001076s ]
INFO: [ app_begin ] --END-- [ RunTime:0.002276s ]
NOTIC: [8] A session had already been started - ignoring session_start() G:\wamp\tp\api\Application\Api\Controller\UserController.class.php 第 53 行.
INFO: [ app_end ] --START--
INFO: Run Behavior\ShowPageTraceBehavior [ RunTime:0.000845s ]
INFO: [ app_end ] --END-- [ RunTime:0.000973s ]

[ 2016-09-01T00:52:07+08:00 ] 127.0.0.1 /index.php/Api/User/register
INFO: [ app_init ] --START--
INFO: Run Behavior\BuildLiteBehavior [ RunTime:0.000027s ]
INFO: [ app_init ] --END-- [ RunTime:0.000151s ]
INFO: [ app_begin ] --START--
INFO: Run Behavior\ReadHtmlCacheBehavior [ RunTime:0.001302s ]
INFO: [ app_begin ] --END-- [ RunTime:0.001444s ]
INFO: [ view_parse ] --START--
INFO: [ template_filter ] --START--
INFO: Run Behavior\ContentReplaceBehavior [ RunTime:0.000088s ]
INFO: [ template_filter ] --END-- [ RunTime:0.000202s ]
INFO: Run Behavior\ParseTemplateBehavior [ RunTime:0.011766s ]
INFO: [ view_parse ] --END-- [ RunTime:0.011921s ]
INFO: [ view_filter ] --START--
INFO: Run Behavior\WriteHtmlCacheBehavior [ RunTime:0.000416s ]
INFO: [ view_filter ] --END-- [ RunTime:0.000503s ]
INFO: [ app_end ] --START--
INFO: Run Behavior\ShowPageTraceBehavior [ RunTime:0.000951s ]
INFO: [ app_end ] --END-- [ RunTime:0.001070s ]

[ 2016-09-01T00:52:10+08:00 ] 127.0.0.1 /index.php/Api/User/send.html?telphone=18330292598
INFO: [ app_init ] --START--
INFO: Run Behavior\BuildLiteBehavior [ RunTime:0.000020s ]
INFO: [ app_init ] --END-- [ RunTime:0.000107s ]
INFO: [ app_begin ] --START--
INFO: Run Behavior\ReadHtmlCacheBehavior [ RunTime:0.001001s ]
INFO: [ app_begin ] --END-- [ RunTime:0.001115s ]
NOTIC: [8] A session had already been started - ignoring session_start() G:\wamp\tp\api\Application\Api\Controller\UserController.class.php 第 55 行.
INFO: [ app_end ] --START--
INFO: Run Behavior\ShowPageTraceBehavior [ RunTime:0.001114s ]
INFO: [ app_end ] --END-- [ RunTime:0.001255s ]

[ 2016-09-01T00:54:31+08:00 ] 127.0.0.1 /index.php/Api/User/register
INFO: [ app_init ] --START--
INFO: Run Behavior\BuildLiteBehavior [ RunTime:0.000028s ]
INFO: [ app_init ] --END-- [ RunTime:0.000155s ]
INFO: [ app_begin ] --START--
INFO: Run Behavior\ReadHtmlCacheBehavior [ RunTime:0.001000s ]
INFO: [ app_begin ] --END-- [ RunTime:0.001116s ]
INFO: [ view_parse ] --START--
INFO: [ template_filter ] --START--
INFO: Run Behavior\ContentReplaceBehavior [ RunTime:0.000088s ]
INFO: [ template_filter ] --END-- [ RunTime:0.000202s ]
INFO: Run Behavior\ParseTemplateBehavior [ RunTime:0.012249s ]
INFO: [ view_parse ] --END-- [ RunTime:0.012354s ]
INFO: [ view_filter ] --START--
INFO: Run Behavior\WriteHtmlCacheBehavior [ RunTime:0.000471s ]
INFO: [ view_filter ] --END-- [ RunTime:0.000552s ]
INFO: [ app_end ] --START--
INFO: Run Behavior\ShowPageTraceBehavior [ RunTime:0.000852s ]
INFO: [ app_end ] --END-- [ RunTime:0.000964s ]

[ 2016-09-01T00:54:34+08:00 ] 127.0.0.1 /index.php/Api/User/send.html?telphone=18330292598
INFO: [ app_init ] --START--
INFO: Run Behavior\BuildLiteBehavior [ RunTime:0.000017s ]
INFO: [ app_init ] --END-- [ RunTime:0.000088s ]
INFO: [ app_begin ] --START--
INFO: Run Behavior\ReadHtmlCacheBehavior [ RunTime:0.001233s ]
INFO: [ app_begin ] --END-- [ RunTime:0.001346s ]
NOTIC: [8] A session had already been started - ignoring session_start() G:\wamp\tp\api\Application\Api\Controller\UserController.class.php 第 55 行.
INFO: [ app_end ] --START--
INFO: Run Behavior\ShowPageTraceBehavior [ RunTime:0.000840s ]
INFO: [ app_end ] --END-- [ RunTime:0.000954s ]

[ 2016-09-01T09:00:25+08:00 ] 127.0.0.1 /index.php/Api/Index/register
INFO: [ app_init ] --START--
INFO: Run Behavior\BuildLiteBehavior [ RunTime:0.000025s ]
INFO: [ app_init ] --END-- [ RunTime:0.000167s ]
INFO: [ app_begin ] --START--
INFO: Run Behavior\ReadHtmlCacheBehavior [ RunTime:0.001185s ]
INFO: [ app_begin ] --END-- [ RunTime:0.001280s ]
NOTIC: [2] include_once(./vendor/CCPRestSmsSDK.php) [<a href='function.include-once'>function.include-once</a>]: failed to open stream: No such file or directory G:\wamp\tp\api\Application\Api\Controller\IndexController.class.php 第 5 行.
NOTIC: [2] include_once() [<a href='function.include'>function.include</a>]: Failed opening './vendor/CCPRestSmsSDK.php' for inclusion (include_path='.;C:\php\pear') G:\wamp\tp\api\Application\Api\Controller\IndexController.class.php 第 5 行.
INFO: [ view_parse ] --START--
INFO: [ template_filter ] --START--
INFO: Run Behavior\ContentReplaceBehavior [ RunTime:0.000076s ]
INFO: [ template_filter ] --END-- [ RunTime:0.000173s ]
INFO: Run Behavior\ParseTemplateBehavior [ RunTime:0.010686s ]
INFO: [ view_parse ] --END-- [ RunTime:0.010797s ]
INFO: [ view_filter ] --START--
INFO: Run Behavior\WriteHtmlCacheBehavior [ RunTime:0.000614s ]
INFO: [ view_filter ] --END-- [ RunTime:0.000695s ]
INFO: [ app_end ] --START--
INFO: Run Behavior\ShowPageTraceBehavior [ RunTime:0.000864s ]
INFO: [ app_end ] --END-- [ RunTime:0.000946s ]

[ 2016-09-01T09:00:56+08:00 ] 127.0.0.1 /index.php/Api/Index/sendCode.html?telphone=18330292598
INFO: [ app_init ] --START--
INFO: Run Behavior\BuildLiteBehavior [ RunTime:0.000016s ]
INFO: [ app_init ] --END-- [ RunTime:0.000087s ]
INFO: [ app_begin ] --START--
INFO: Run Behavior\ReadHtmlCacheBehavior [ RunTime:0.000568s ]
INFO: [ app_begin ] --END-- [ RunTime:0.000632s ]
NOTIC: [2] include_once(./vendor/CCPRestSmsSDK.php) [<a href='function.include-once'>function.include-once</a>]: failed to open stream: No such file or directory G:\wamp\tp\api\Application\Api\Controller\IndexController.class.php 第 5 行.
NOTIC: [2] include_once() [<a href='function.include'>function.include</a>]: Failed opening './vendor/CCPRestSmsSDK.php' for inclusion (include_path='.;C:\php\pear') G:\wamp\tp\api\Application\Api\Controller\IndexController.class.php 第 5 行.
INFO: [ app_end ] --START--
INFO: Run Behavior\ShowPageTraceBehavior [ RunTime:0.001290s ]
INFO: [ app_end ] --END-- [ RunTime:0.001469s ]

[ 2016-09-01T09:01:17+08:00 ] 127.0.0.1 /index.php/Api/Index/sendCode.html?telphone=18330292598
INFO: [ app_init ] --START--
INFO: Run Behavior\BuildLiteBehavior [ RunTime:0.000022s ]
INFO: [ app_init ] --END-- [ RunTime:0.000121s ]
INFO: [ app_begin ] --START--
INFO: Run Behavior\ReadHtmlCacheBehavior [ RunTime:0.001249s ]
INFO: [ app_begin ] --END-- [ RunTime:0.001377s ]
NOTIC: [2] include_once(./vendor/CCPRestSmsSDK.php) [<a href='function.include-once'>function.include-once</a>]: failed to open stream: No such file or directory G:\wamp\tp\api\Application\Api\Controller\IndexController.class.php 第 5 行.
NOTIC: [2] include_once() [<a href='function.include'>function.include</a>]: Failed opening './vendor/CCPRestSmsSDK.php' for inclusion (include_path='.;C:\php\pear') G:\wamp\tp\api\Application\Api\Controller\IndexController.class.php 第 5 行.
INFO: [ app_end ] --START--
INFO: Run Behavior\ShowPageTraceBehavior [ RunTime:0.001579s ]
INFO: [ app_end ] --END-- [ RunTime:0.001764s ]

[ 2016-09-01T09:01:44+08:00 ] 127.0.0.1 /index.php/Api/Index/sendCode.html?telphone=18330292598
INFO: [ app_init ] --START--
INFO: Run Behavior\BuildLiteBehavior [ RunTime:0.000024s ]
INFO: [ app_init ] --END-- [ RunTime:0.000133s ]
INFO: [ app_begin ] --START--
INFO: Run Behavior\ReadHtmlCacheBehavior [ RunTime:0.000940s ]
INFO: [ app_begin ] --END-- [ RunTime:0.001046s ]
NOTIC: [2] include_once(./vendor/CCPRestSmsSDK.php) [<a href='function.include-once'>function.include-once</a>]: failed to open stream: No such file or directory G:\wamp\tp\api\Application\Api\Controller\IndexController.class.php 第 5 行.
NOTIC: [2] include_once() [<a href='function.include'>function.include</a>]: Failed opening './vendor/CCPRestSmsSDK.php' for inclusion (include_path='.;C:\php\pear') G:\wamp\tp\api\Application\Api\Controller\IndexController.class.php 第 5 行.
INFO: [ app_end ] --START--
INFO: Run Behavior\ShowPageTraceBehavior [ RunTime:0.001437s ]
INFO: [ app_end ] --END-- [ RunTime:0.001639s ]

[ 2016-09-01T09:02:05+08:00 ] 127.0.0.1 /index.php/Api/Index/sendCode.html?telphone=18330292598
INFO: [ app_init ] --START--
INFO: Run Behavior\BuildLiteBehavior [ RunTime:0.000017s ]
INFO: [ app_init ] --END-- [ RunTime:0.000087s ]
INFO: [ app_begin ] --START--
INFO: Run Behavior\ReadHtmlCacheBehavior [ RunTime:0.000670s ]
INFO: [ app_begin ] --END-- [ RunTime:0.000749s ]
NOTIC: [2] include_once(./vendor/CCPRestSmsSDK.php) [<a href='function.include-once'>function.include-once</a>]: failed to open stream: No such file or directory G:\wamp\tp\api\Application\Api\Controller\IndexController.class.php 第 5 行.
NOTIC: [2] include_once() [<a href='function.include'>function.include</a>]: Failed opening './vendor/CCPRestSmsSDK.php' for inclusion (include_path='.;C:\php\pear') G:\wamp\tp\api\Application\Api\Controller\IndexController.class.php 第 5 行.

[ 2016-09-01T09:02:05+08:00 ] 127.0.0.1 /index.php/Api/Index/register
INFO: [ app_init ] --START--
INFO: Run Behavior\BuildLiteBehavior [ RunTime:0.000024s ]
INFO: [ app_init ] --END-- [ RunTime:0.000122s ]
INFO: [ app_begin ] --START--
INFO: Run Behavior\ReadHtmlCacheBehavior [ RunTime:0.000933s ]
INFO: [ app_begin ] --END-- [ RunTime:0.001023s ]
NOTIC: [2] include_once(./vendor/CCPRestSmsSDK.php) [<a href='function.include-once'>function.include-once</a>]: failed to open stream: No such file or directory G:\wamp\tp\api\Application\Api\Controller\IndexController.class.php 第 5 行.
NOTIC: [2] include_once() [<a href='function.include'>function.include</a>]: Failed opening './vendor/CCPRestSmsSDK.php' for inclusion (include_path='.;C:\php\pear') G:\wamp\tp\api\Application\Api\Controller\IndexController.class.php 第 5 行.
INFO: [ view_parse ] --START--
INFO: [ template_filter ] --START--
INFO: Run Behavior\ContentReplaceBehavior [ RunTime:0.000126s ]
INFO: [ template_filter ] --END-- [ RunTime:0.000305s ]
INFO: Run Behavior\ParseTemplateBehavior [ RunTime:0.018064s ]
INFO: [ view_parse ] --END-- [ RunTime:0.018224s ]
INFO: [ view_filter ] --START--
INFO: Run Behavior\WriteHtmlCacheBehavior [ RunTime:0.000879s ]
INFO: [ view_filter ] --END-- [ RunTime:0.001038s ]
INFO: [ app_end ] --START--
INFO: Run Behavior\ShowPageTraceBehavior [ RunTime:0.001508s ]
INFO: [ app_end ] --END-- [ RunTime:0.001650s ]

[ 2016-09-01T09:02:05+08:00 ] 127.0.0.1 /index.php/Api/Index/register
INFO: [ app_init ] --START--
INFO: Run Behavior\BuildLiteBehavior [ RunTime:0.000020s ]
INFO: [ app_init ] --END-- [ RunTime:0.000106s ]
INFO: [ app_begin ] --START--
INFO: Run Behavior\ReadHtmlCacheBehavior [ RunTime:0.000873s ]
INFO: [ app_begin ] --END-- [ RunTime:0.000987s ]
NOTIC: [2] include_once(./vendor/CCPRestSmsSDK.php) [<a href='function.include-once'>function.include-once</a>]: failed to open stream: No such file or directory G:\wamp\tp\api\Application\Api\Controller\IndexController.class.php 第 5 行.
NOTIC: [2] include_once() [<a href='function.include'>function.include</a>]: Failed opening './vendor/CCPRestSmsSDK.php' for inclusion (include_path='.;C:\php\pear') G:\wamp\tp\api\Application\Api\Controller\IndexController.class.php 第 5 行.
INFO: [ view_parse ] --START--
INFO: [ template_filter ] --START--
INFO: Run Behavior\ContentReplaceBehavior [ RunTime:0.000092s ]
INFO: [ template_filter ] --END-- [ RunTime:0.000219s ]
INFO: Run Behavior\ParseTemplateBehavior [ RunTime:0.011458s ]
INFO: [ view_parse ] --END-- [ RunTime:0.011602s ]
INFO: [ view_filter ] --START--
INFO: Run Behavior\WriteHtmlCacheBehavior [ RunTime:0.000487s ]
INFO: [ view_filter ] --END-- [ RunTime:0.000598s ]
INFO: [ app_end ] --START--
INFO: Run Behavior\ShowPageTraceBehavior [ RunTime:0.001119s ]
INFO: [ app_end ] --END-- [ RunTime:0.001260s ]

[ 2016-09-01T09:02:37+08:00 ] 127.0.0.1 /index.php/Api/Index/sendCode.html?telphone=18330292598
INFO: [ app_init ] --START--
INFO: Run Behavior\BuildLiteBehavior [ RunTime:0.000043s ]
INFO: [ app_init ] --END-- [ RunTime:0.000155s ]
INFO: [ app_begin ] --START--
INFO: Run Behavior\ReadHtmlCacheBehavior [ RunTime:0.000991s ]
INFO: [ app_begin ] --END-- [ RunTime:0.001115s ]
NOTIC: [2] include_once(./vendor/CCPRestSmsSDK.php) [<a href='function.include-once'>function.include-once</a>]: failed to open stream: No such file or directory G:\wamp\tp\api\Application\Api\Controller\IndexController.class.php 第 5 行.
NOTIC: [2] include_once() [<a href='function.include'>function.include</a>]: Failed opening './vendor/CCPRestSmsSDK.php' for inclusion (include_path='.;C:\php\pear') G:\wamp\tp\api\Application\Api\Controller\IndexController.class.php 第 5 行.
INFO: [ app_end ] --START--
INFO: Run Behavior\ShowPageTraceBehavior [ RunTime:0.000861s ]
INFO: [ app_end ] --END-- [ RunTime:0.000964s ]

[ 2016-09-01T09:02:58+08:00 ] 127.0.0.1 /index.php/Api/Index/sendCode.html?telphone=18330292598
INFO: [ app_init ] --START--
INFO: Run Behavior\BuildLiteBehavior [ RunTime:0.000022s ]
INFO: [ app_init ] --END-- [ RunTime:0.000115s ]
INFO: [ app_begin ] --START--
INFO: Run Behavior\ReadHtmlCacheBehavior [ RunTime:0.001001s ]
INFO: [ app_begin ] --END-- [ RunTime:0.001093s ]
NOTIC: [2] include_once(./vendor/CCPRestSmsSDK.php) [<a href='function.include-once'>function.include-once</a>]: failed to open stream: No such file or directory G:\wamp\tp\api\Application\Api\Controller\IndexController.class.php 第 5 行.
NOTIC: [2] include_once() [<a href='function.include'>function.include</a>]: Failed opening './vendor/CCPRestSmsSDK.php' for inclusion (include_path='.;C:\php\pear') G:\wamp\tp\api\Application\Api\Controller\IndexController.class.php 第 5 行.

[ 2016-09-01T10:11:31+08:00 ] 127.0.0.1 /index.php/Api/WeChat/index
INFO: [ app_init ] --START--
INFO: Run Behavior\BuildLiteBehavior [ RunTime:0.000022s ]
INFO: [ app_init ] --END-- [ RunTime:0.000166s ]
INFO: [ app_begin ] --START--
INFO: Run Behavior\ReadHtmlCacheBehavior [ RunTime:0.000909s ]
INFO: [ app_begin ] --END-- [ RunTime:0.001000s ]
ERR: _CONTROLLER_NOT_EXIST_:WeChat

[ 2016-09-01T20:03:32+08:00 ] 127.0.0.1 /index.php/Api/Index/express
INFO: [ app_init ] --START--
INFO: Run Behavior\BuildLiteBehavior [ RunTime:0.000022s ]
INFO: [ app_init ] --END-- [ RunTime:0.000120s ]
INFO: [ app_begin ] --START--
INFO: Run Behavior\ReadHtmlCacheBehavior [ RunTime:0.023332s ]
INFO: [ app_begin ] --END-- [ RunTime:0.023458s ]
NOTIC: [2] include_once(./vendor/CCPRestSmsSDK.php) [<a href='function.include-once'>function.include-once</a>]: failed to open stream: No such file or directory G:\wamp\tp\api\Application\Api\Controller\IndexController.class.php 第 4 行.
NOTIC: [2] include_once() [<a href='function.include'>function.include</a>]: Failed opening './vendor/CCPRestSmsSDK.php' for inclusion (include_path='.;C:\php\pear') G:\wamp\tp\api\Application\Api\Controller\IndexController.class.php 第 4 行.
NOTIC: [8] Undefined variable: typr G:\wamp\tp\api\Application\Api\Controller\IndexController.class.php 第 190 行.
INFO: [ app_end ] --START--
INFO: Run Behavior\ShowPageTraceBehavior [ RunTime:0.027294s ]
INFO: [ app_end ] --END-- [ RunTime:0.027430s ]

[ 2016-09-01T20:04:36+08:00 ] 127.0.0.1 /index.php/Api/Index/express
INFO: [ app_init ] --START--
INFO: Run Behavior\BuildLiteBehavior [ RunTime:0.000020s ]
INFO: [ app_init ] --END-- [ RunTime:0.000106s ]
INFO: [ app_begin ] --START--
INFO: Run Behavior\ReadHtmlCacheBehavior [ RunTime:0.000728s ]
INFO: [ app_begin ] --END-- [ RunTime:0.000816s ]
NOTIC: [2] include_once(./vendor/CCPRestSmsSDK.php) [<a href='function.include-once'>function.include-once</a>]: failed to open stream: No such file or directory G:\wamp\tp\api\Application\Api\Controller\IndexController.class.php 第 4 行.
NOTIC: [2] include_once() [<a href='function.include'>function.include</a>]: Failed opening './vendor/CCPRestSmsSDK.php' for inclusion (include_path='.;C:\php\pear') G:\wamp\tp\api\Application\Api\Controller\IndexController.class.php 第 4 行.
INFO: [ app_end ] --START--
INFO: Run Behavior\ShowPageTraceBehavior [ RunTime:0.001517s ]
INFO: [ app_end ] --END-- [ RunTime:0.001752s ]

[ 2016-09-01T20:09:07+08:00 ] 127.0.0.1 /index.php/Api/Index/express
INFO: [ app_init ] --START--
INFO: Run Behavior\BuildLiteBehavior [ RunTime:0.000025s ]
INFO: [ app_init ] --END-- [ RunTime:0.000146s ]
INFO: [ app_begin ] --START--
INFO: Run Behavior\ReadHtmlCacheBehavior [ RunTime:0.000771s ]
INFO: [ app_begin ] --END-- [ RunTime:0.000858s ]
NOTIC: [2] include_once(./vendor/CCPRestSmsSDK.php) [<a href='function.include-once'>function.include-once</a>]: failed to open stream: No such file or directory G:\wamp\tp\api\Application\Api\Controller\IndexController.class.php 第 4 行.
NOTIC: [2] include_once() [<a href='function.include'>function.include</a>]: Failed opening './vendor/CCPRestSmsSDK.php' for inclusion (include_path='.;C:\php\pear') G:\wamp\tp\api\Application\Api\Controller\IndexController.class.php 第 4 行.
NOTIC: [4096] Object of class stdClass could not be converted to string G:\wamp\tp\api\Application\Api\Controller\IndexController.class.php 第 199 行.
NOTIC: [4096] Object of class stdClass could not be converted to string G:\wamp\tp\api\Application\Api\Controller\IndexController.class.php 第 199 行.
NOTIC: [4096] Object of class stdClass could not be converted to string G:\wamp\tp\api\Application\Api\Controller\IndexController.class.php 第 199 行.
NOTIC: [4096] Object of class stdClass could not be converted to string G:\wamp\tp\api\Application\Api\Controller\IndexController.class.php 第 199 行.
NOTIC: [4096] Object of class stdClass could not be converted to string G:\wamp\tp\api\Application\Api\Controller\IndexController.class.php 第 199 行.
NOTIC: [4096] Object of class stdClass could not be converted to string G:\wamp\tp\api\Application\Api\Controller\IndexController.class.php 第 199 行.
NOTIC: [4096] Object of class stdClass could not be converted to string G:\wamp\tp\api\Application\Api\Controller\IndexController.class.php 第 199 行.
NOTIC: [4096] Object of class stdClass could not be converted to string G:\wamp\tp\api\Application\Api\Controller\IndexController.class.php 第 199 行.
NOTIC: [4096] Object of class stdClass could not be converted to string G:\wamp\tp\api\Application\Api\Controller\IndexController.class.php 第 199 行.
NOTIC: [4096] Object of class stdClass could not be converted to string G:\wamp\tp\api\Application\Api\Controller\IndexController.class.php 第 199 行.
NOTIC: [4096] Object of class stdClass could not be converted to string G:\wamp\tp\api\Application\Api\Controller\IndexController.class.php 第 199 行.
NOTIC: [4096] Object of class stdClass could not be converted to string G:\wamp\tp\api\Application\Api\Controller\IndexController.class.php 第 199 行.
NOTIC: [4096] Object of class stdClass could not be converted to string G:\wamp\tp\api\Application\Api\Controller\IndexController.class.php 第 199 行.
NOTIC: [4096] Object of class stdClass could not be converted to string G:\wamp\tp\api\Application\Api\Controller\IndexController.class.php 第 199 行.
NOTIC: [4096] Object of class stdClass could not be converted to string G:\wamp\tp\api\Application\Api\Controller\IndexController.class.php 第 199 行.
NOTIC: [4096] Object of class stdClass could not be converted to string G:\wamp\tp\api\Application\Api\Controller\IndexController.class.php 第 199 行.
NOTIC: [4096] Object of class stdClass could not be converted to string G:\wamp\tp\api\Application\Api\Controller\IndexController.class.php 第 199 行.
NOTIC: [4096] Object of class stdClass could not be converted to string G:\wamp\tp\api\Application\Api\Controller\IndexController.class.php 第 199 行.
NOTIC: [4096] Object of class stdClass could not be converted to string G:\wamp\tp\api\Application\Api\Controller\IndexController.class.php 第 199 行.
NOTIC: [4096] Object of class stdClass could not be converted to string G:\wamp\tp\api\Application\Api\Controller\IndexController.class.php 第 199 行.
NOTIC: [4096] Object of class stdClass could not be converted to string G:\wamp\tp\api\Application\Api\Controller\IndexController.class.php 第 199 行.
NOTIC: [4096] Object of class stdClass could not be converted to string G:\wamp\tp\api\Application\Api\Controller\IndexController.class.php 第 199 行.
INFO: [ app_end ] --START--
INFO: Run Behavior\ShowPageTraceBehavior [ RunTime:0.001217s ]
INFO: [ app_end ] --END-- [ RunTime:0.001343s ]

[ 2016-09-01T20:09:42+08:00 ] 127.0.0.1 /index.php/Api/Index/express
INFO: [ app_init ] --START--
INFO: Run Behavior\BuildLiteBehavior [ RunTime:0.000018s ]
INFO: [ app_init ] --END-- [ RunTime:0.000091s ]
INFO: [ app_begin ] --START--
INFO: Run Behavior\ReadHtmlCacheBehavior [ RunTime:0.000752s ]
INFO: [ app_begin ] --END-- [ RunTime:0.000840s ]
NOTIC: [2] include_once(./vendor/CCPRestSmsSDK.php) [<a href='function.include-once'>function.include-once</a>]: failed to open stream: No such file or directory G:\wamp\tp\api\Application\Api\Controller\IndexController.class.php 第 4 行.
NOTIC: [2] include_once() [<a href='function.include'>function.include</a>]: Failed opening './vendor/CCPRestSmsSDK.php' for inclusion (include_path='.;C:\php\pear') G:\wamp\tp\api\Application\Api\Controller\IndexController.class.php 第 4 行.
NOTIC: [4096] Object of class stdClass could not be converted to string G:\wamp\tp\api\Application\Api\Controller\IndexController.class.php 第 199 行.
NOTIC: [4096] Object of class stdClass could not be converted to string G:\wamp\tp\api\Application\Api\Controller\IndexController.class.php 第 199 行.
NOTIC: [4096] Object of class stdClass could not be converted to string G:\wamp\tp\api\Application\Api\Controller\IndexController.class.php 第 199 行.
NOTIC: [4096] Object of class stdClass could not be converted to string G:\wamp\tp\api\Application\Api\Controller\IndexController.class.php 第 199 行.
NOTIC: [4096] Object of class stdClass could not be converted to string G:\wamp\tp\api\Application\Api\Controller\IndexController.class.php 第 199 行.
NOTIC: [4096] Object of class stdClass could not be converted to string G:\wamp\tp\api\Application\Api\Controller\IndexController.class.php 第 199 行.
NOTIC: [4096] Object of class stdClass could not be converted to string G:\wamp\tp\api\Application\Api\Controller\IndexController.class.php 第 199 行.
NOTIC: [4096] Object of class stdClass could not be converted to string G:\wamp\tp\api\Application\Api\Controller\IndexController.class.php 第 199 行.
NOTIC: [4096] Object of class stdClass could not be converted to string G:\wamp\tp\api\Application\Api\Controller\IndexController.class.php 第 199 行.
NOTIC: [4096] Object of class stdClass could not be converted to string G:\wamp\tp\api\Application\Api\Controller\IndexController.class.php 第 199 行.
NOTIC: [4096] Object of class stdClass could not be converted to string G:\wamp\tp\api\Application\Api\Controller\IndexController.class.php 第 199 行.
NOTIC: [4096] Object of class stdClass could not be converted to string G:\wamp\tp\api\Application\Api\Controller\IndexController.class.php 第 199 行.
NOTIC: [4096] Object of class stdClass could not be converted to string G:\wamp\tp\api\Application\Api\Controller\IndexController.class.php 第 199 行.
NOTIC: [4096] Object of class stdClass could not be converted to string G:\wamp\tp\api\Application\Api\Controller\IndexController.class.php 第 199 行.
NOTIC: [4096] Object of class stdClass could not be converted to string G:\wamp\tp\api\Application\Api\Controller\IndexController.class.php 第 199 行.
NOTIC: [4096] Object of class stdClass could not be converted to string G:\wamp\tp\api\Application\Api\Controller\IndexController.class.php 第 199 行.
NOTIC: [4096] Object of class stdClass could not be converted to string G:\wamp\tp\api\Application\Api\Controller\IndexController.class.php 第 199 行.
NOTIC: [4096] Object of class stdClass could not be converted to string G:\wamp\tp\api\Application\Api\Controller\IndexController.class.php 第 199 行.
NOTIC: [4096] Object of class stdClass could not be converted to string G:\wamp\tp\api\Application\Api\Controller\IndexController.class.php 第 199 行.
NOTIC: [4096] Object of class stdClass could not be converted to string G:\wamp\tp\api\Application\Api\Controller\IndexController.class.php 第 199 行.
NOTIC: [4096] Object of class stdClass could not be converted to string G:\wamp\tp\api\Application\Api\Controller\IndexController.class.php 第 199 行.
NOTIC: [4096] Object of class stdClass could not be converted to string G:\wamp\tp\api\Application\Api\Controller\IndexController.class.php 第 199 行.
INFO: [ app_end ] --START--
INFO: Run Behavior\ShowPageTraceBehavior [ RunTime:0.000893s ]
INFO: [ app_end ] --END-- [ RunTime:0.000987s ]

[ 2016-09-01T20:10:40+08:00 ] 127.0.0.1 /index.php/Api/Index/express
INFO: [ app_init ] --START--
INFO: Run Behavior\BuildLiteBehavior [ RunTime:0.000020s ]
INFO: [ app_init ] --END-- [ RunTime:0.000108s ]
INFO: [ app_begin ] --START--
INFO: Run Behavior\ReadHtmlCacheBehavior [ RunTime:0.001477s ]
INFO: [ app_begin ] --END-- [ RunTime:0.001849s ]
NOTIC: [2] include_once(./vendor/CCPRestSmsSDK.php) [<a href='function.include-once'>function.include-once</a>]: failed to open stream: No such file or directory G:\wamp\tp\api\Application\Api\Controller\IndexController.class.php 第 4 行.
NOTIC: [2] include_once() [<a href='function.include'>function.include</a>]: Failed opening './vendor/CCPRestSmsSDK.php' for inclusion (include_path='.;C:\php\pear') G:\wamp\tp\api\Application\Api\Controller\IndexController.class.php 第 4 行.
NOTIC: [8] Undefined property: stdClass::$content G:\wamp\tp\api\Application\Api\Controller\IndexController.class.php 第 199 行.
NOTIC: [8] Undefined property: stdClass::$content G:\wamp\tp\api\Application\Api\Controller\IndexController.class.php 第 199 行.
NOTIC: [8] Undefined property: stdClass::$content G:\wamp\tp\api\Application\Api\Controller\IndexController.class.php 第 199 行.
NOTIC: [8] Undefined property: stdClass::$content G:\wamp\tp\api\Application\Api\Controller\IndexController.class.php 第 199 行.
NOTIC: [8] Undefined property: stdClass::$content G:\wamp\tp\api\Application\Api\Controller\IndexController.class.php 第 199 行.
NOTIC: [8] Undefined property: stdClass::$content G:\wamp\tp\api\Application\Api\Controller\IndexController.class.php 第 199 行.
NOTIC: [8] Undefined property: stdClass::$content G:\wamp\tp\api\Application\Api\Controller\IndexController.class.php 第 199 行.
NOTIC: [8] Undefined property: stdClass::$content G:\wamp\tp\api\Application\Api\Controller\IndexController.class.php 第 199 行.
NOTIC: [8] Undefined property: stdClass::$content G:\wamp\tp\api\Application\Api\Controller\IndexController.class.php 第 199 行.
NOTIC: [8] Undefined property: stdClass::$content G:\wamp\tp\api\Application\Api\Controller\IndexController.class.php 第 199 行.
NOTIC: [8] Undefined property: stdClass::$content G:\wamp\tp\api\Application\Api\Controller\IndexController.class.php 第 199 行.
INFO: [ app_end ] --START--
INFO: Run Behavior\ShowPageTraceBehavior [ RunTime:0.000879s ]
INFO: [ app_end ] --END-- [ RunTime:0.000985s ]

[ 2016-09-01T20:11:02+08:00 ] 127.0.0.1 /index.php/Api/Index/express
INFO: [ app_init ] --START--
INFO: Run Behavior\BuildLiteBehavior [ RunTime:0.000018s ]
INFO: [ app_init ] --END-- [ RunTime:0.000089s ]
INFO: [ app_begin ] --START--
INFO: Run Behavior\ReadHtmlCacheBehavior [ RunTime:0.000777s ]
INFO: [ app_begin ] --END-- [ RunTime:0.000878s ]
NOTIC: [2] include_once(./vendor/CCPRestSmsSDK.php) [<a href='function.include-once'>function.include-once</a>]: failed to open stream: No such file or directory G:\wamp\tp\api\Application\Api\Controller\IndexController.class.php 第 4 行.
NOTIC: [2] include_once() [<a href='function.include'>function.include</a>]: Failed opening './vendor/CCPRestSmsSDK.php' for inclusion (include_path='.;C:\php\pear') G:\wamp\tp\api\Application\Api\Controller\IndexController.class.php 第 4 行.
NOTIC: [8] Undefined property: stdClass::$context G:\wamp\tp\api\Application\Api\Controller\IndexController.class.php 第 199 行.
NOTIC: [8] Undefined property: stdClass::$context G:\wamp\tp\api\Application\Api\Controller\IndexController.class.php 第 199 行.
NOTIC: [8] Undefined property: stdClass::$context G:\wamp\tp\api\Application\Api\Controller\IndexController.class.php 第 199 行.
NOTIC: [8] Undefined property: stdClass::$context G:\wamp\tp\api\Application\Api\Controller\IndexController.class.php 第 199 行.
NOTIC: [8] Undefined property: stdClass::$context G:\wamp\tp\api\Application\Api\Controller\IndexController.class.php 第 199 行.
NOTIC: [8] Undefined property: stdClass::$context G:\wamp\tp\api\Application\Api\Controller\IndexController.class.php 第 199 行.
NOTIC: [8] Undefined property: stdClass::$context G:\wamp\tp\api\Application\Api\Controller\IndexController.class.php 第 199 行.
NOTIC: [8] Undefined property: stdClass::$context G:\wamp\tp\api\Application\Api\Controller\IndexController.class.php 第 199 行.
NOTIC: [8] Undefined property: stdClass::$context G:\wamp\tp\api\Application\Api\Controller\IndexController.class.php 第 199 行.
NOTIC: [8] Undefined property: stdClass::$context G:\wamp\tp\api\Application\Api\Controller\IndexController.class.php 第 199 行.
NOTIC: [8] Undefined property: stdClass::$context G:\wamp\tp\api\Application\Api\Controller\IndexController.class.php 第 199 行.
INFO: [ app_end ] --START--
INFO: Run Behavior\ShowPageTraceBehavior [ RunTime:0.000878s ]
INFO: [ app_end ] --END-- [ RunTime:0.000971s ]

[ 2016-09-01T20:11:25+08:00 ] 127.0.0.1 /index.php/Api/Index/express
INFO: [ app_init ] --START--
INFO: Run Behavior\BuildLiteBehavior [ RunTime:0.000021s ]
INFO: [ app_init ] --END-- [ RunTime:0.000109s ]
INFO: [ app_begin ] --START--
INFO: Run Behavior\ReadHtmlCacheBehavior [ RunTime:0.001086s ]
INFO: [ app_begin ] --END-- [ RunTime:0.001291s ]
NOTIC: [2] include_once(./vendor/CCPRestSmsSDK.php) [<a href='function.include-once'>function.include-once</a>]: failed to open stream: No such file or directory G:\wamp\tp\api\Application\Api\Controller\IndexController.class.php 第 4 行.
NOTIC: [2] include_once() [<a href='function.include'>function.include</a>]: Failed opening './vendor/CCPRestSmsSDK.php' for inclusion (include_path='.;C:\php\pear') G:\wamp\tp\api\Application\Api\Controller\IndexController.class.php 第 4 行.
INFO: [ app_end ] --START--
INFO: Run Behavior\ShowPageTraceBehavior [ RunTime:0.001589s ]
INFO: [ app_end ] --END-- [ RunTime:0.001770s ]

[ 2016-09-01T20:13:16+08:00 ] 127.0.0.1 /index.php/Api/Index/express
INFO: [ app_init ] --START--
INFO: Run Behavior\BuildLiteBehavior [ RunTime:0.000026s ]
INFO: [ app_init ] --END-- [ RunTime:0.000170s ]
INFO: [ app_begin ] --START--
INFO: Run Behavior\ReadHtmlCacheBehavior [ RunTime:0.000817s ]
INFO: [ app_begin ] --END-- [ RunTime:0.000916s ]
NOTIC: [2] include_once(./vendor/CCPRestSmsSDK.php) [<a href='function.include-once'>function.include-once</a>]: failed to open stream: No such file or directory G:\wamp\tp\api\Application\Api\Controller\IndexController.class.php 第 4 行.
NOTIC: [2] include_once() [<a href='function.include'>function.include</a>]: Failed opening './vendor/CCPRestSmsSDK.php' for inclusion (include_path='.;C:\php\pear') G:\wamp\tp\api\Application\Api\Controller\IndexController.class.php 第 4 行.
NOTIC: [8] Undefined property: stdClass::$data G:\wamp\tp\api\Application\Api\Controller\IndexController.class.php 第 198 行.
NOTIC: [2] Invalid argument supplied for foreach() G:\wamp\tp\api\Application\Api\Controller\IndexController.class.php 第 198 行.
INFO: [ app_end ] --START--
INFO: Run Behavior\ShowPageTraceBehavior [ RunTime:0.001072s ]
INFO: [ app_end ] --END-- [ RunTime:0.001190s ]

[ 2016-09-01T20:13:26+08:00 ] 127.0.0.1 /index.php/Api/Index/express
INFO: [ app_init ] --START--
INFO: Run Behavior\BuildLiteBehavior [ RunTime:0.000018s ]
INFO: [ app_init ] --END-- [ RunTime:0.000121s ]
INFO: [ app_begin ] --START--
INFO: Run Behavior\ReadHtmlCacheBehavior [ RunTime:0.001119s ]
INFO: [ app_begin ] --END-- [ RunTime:0.001271s ]
NOTIC: [2] include_once(./vendor/CCPRestSmsSDK.php) [<a href='function.include-once'>function.include-once</a>]: failed to open stream: No such file or directory G:\wamp\tp\api\Application\Api\Controller\IndexController.class.php 第 4 行.
NOTIC: [2] include_once() [<a href='function.include'>function.include</a>]: Failed opening './vendor/CCPRestSmsSDK.php' for inclusion (include_path='.;C:\php\pear') G:\wamp\tp\api\Application\Api\Controller\IndexController.class.php 第 4 行.
NOTIC: [8] Undefined property: stdClass::$data G:\wamp\tp\api\Application\Api\Controller\IndexController.class.php 第 198 行.
NOTIC: [2] Invalid argument supplied for foreach() G:\wamp\tp\api\Application\Api\Controller\IndexController.class.php 第 198 行.
INFO: [ app_end ] --START--
INFO: Run Behavior\ShowPageTraceBehavior [ RunTime:0.001043s ]
INFO: [ app_end ] --END-- [ RunTime:0.001142s ]

[ 2016-09-01T20:13:29+08:00 ] 127.0.0.1 /index.php/Api/Index/express
INFO: [ app_init ] --START--
INFO: Run Behavior\BuildLiteBehavior [ RunTime:0.000021s ]
INFO: [ app_init ] --END-- [ RunTime:0.000109s ]
INFO: [ app_begin ] --START--
INFO: Run Behavior\ReadHtmlCacheBehavior [ RunTime:0.000738s ]
INFO: [ app_begin ] --END-- [ RunTime:0.000827s ]
NOTIC: [2] include_once(./vendor/CCPRestSmsSDK.php) [<a href='function.include-once'>function.include-once</a>]: failed to open stream: No such file or directory G:\wamp\tp\api\Application\Api\Controller\IndexController.class.php 第 4 行.
NOTIC: [2] include_once() [<a href='function.include'>function.include</a>]: Failed opening './vendor/CCPRestSmsSDK.php' for inclusion (include_path='.;C:\php\pear') G:\wamp\tp\api\Application\Api\Controller\IndexController.class.php 第 4 行.
NOTIC: [8] Undefined property: stdClass::$data G:\wamp\tp\api\Application\Api\Controller\IndexController.class.php 第 198 行.
NOTIC: [2] Invalid argument supplied for foreach() G:\wamp\tp\api\Application\Api\Controller\IndexController.class.php 第 198 行.
INFO: [ app_end ] --START--
INFO: Run Behavior\ShowPageTraceBehavior [ RunTime:0.001086s ]
INFO: [ app_end ] --END-- [ RunTime:0.001256s ]

[ 2016-09-01T20:14:31+08:00 ] 127.0.0.1 /index.php/Api/Index/express
INFO: [ app_init ] --START--
INFO: Run Behavior\BuildLiteBehavior [ RunTime:0.000028s ]
INFO: [ app_init ] --END-- [ RunTime:0.000144s ]
INFO: [ app_begin ] --START--
INFO: Run Behavior\ReadHtmlCacheBehavior [ RunTime:0.000753s ]
INFO: [ app_begin ] --END-- [ RunTime:0.000845s ]
NOTIC: [2] include_once(./vendor/CCPRestSmsSDK.php) [<a href='function.include-once'>function.include-once</a>]: failed to open stream: No such file or directory G:\wamp\tp\api\Application\Api\Controller\IndexController.class.php 第 4 行.
NOTIC: [2] include_once() [<a href='function.include'>function.include</a>]: Failed opening './vendor/CCPRestSmsSDK.php' for inclusion (include_path='.;C:\php\pear') G:\wamp\tp\api\Application\Api\Controller\IndexController.class.php 第 4 行.
INFO: [ app_end ] --START--
INFO: Run Behavior\ShowPageTraceBehavior [ RunTime:0.000922s ]
INFO: [ app_end ] --END-- [ RunTime:0.001040s ]

